<?xml version="1.0" encoding="UTF-8"?>
<coverage generated="1776271786860" clover="3.2.0">
  <project timestamp="1776271786860" name="All files">
    <metrics statements="740" coveredstatements="727" conditionals="323" coveredconditionals="279" methods="133" coveredmethods="131" elements="1196" coveredelements="1137" complexity="0" loc="740" ncloc="740" packages="8" files="13" classes="13"/>
    <package name="assets">
      <metrics statements="6" coveredstatements="6" conditionals="0" coveredconditionals="0" methods="0" coveredmethods="0"/>
      <file name="constants.tsx" path="C:\Users\jewel\Spring26_classes\SeniorSem\cadetlinks\CadetLinks\src\assets\constants.tsx">
        <metrics statements="6" coveredstatements="6" conditionals="0" coveredconditionals="0" methods="0" coveredmethods="0"/>
        <line num="1" count="2" type="stmt"/>
        <line num="2" count="2" type="stmt"/>
        <line num="3" count="2" type="stmt"/>
        <line num="4" count="2" type="stmt"/>
        <line num="6" count="2" type="stmt"/>
        <line num="13" count="2" type="stmt"/>
      </file>
    </package>
    <package name="navigation.screens.EventsPage">
      <metrics statements="178" coveredstatements="169" conditionals="67" coveredconditionals="60" methods="34" coveredmethods="34"/>
      <file name="EventsLogic.ts" path="C:\Users\jewel\Spring26_classes\SeniorSem\cadetlinks\CadetLinks\src\navigation\screens\EventsPage\EventsLogic.ts">
        <metrics statements="178" coveredstatements="169" conditionals="67" coveredconditionals="60" methods="34" coveredmethods="34"/>
        <line num="26" count="109" type="stmt"/>
        <line num="27" count="141" type="cond" truecount="1" falsecount="1"/>
        <line num="28" count="141" type="cond" truecount="1" falsecount="1"/>
        <line num="29" count="0" type="stmt"/>
        <line num="30" count="0" type="stmt"/>
        <line num="32" count="141" type="stmt"/>
        <line num="35" count="109" type="stmt"/>
        <line num="36" count="109" type="stmt"/>
        <line num="37" count="109" type="stmt"/>
        <line num="38" count="109" type="stmt"/>
        <line num="39" count="109" type="stmt"/>
        <line num="40" count="109" type="stmt"/>
        <line num="41" count="109" type="stmt"/>
        <line num="42" count="109" type="stmt"/>
        <line num="43" count="109" type="stmt"/>
        <line num="45" count="109" type="stmt"/>
        <line num="56" count="109" type="stmt"/>
        <line num="57" count="21" type="stmt"/>
        <line num="59" count="21" type="stmt"/>
        <line num="60" count="21" type="stmt"/>
        <line num="61" count="21" type="stmt"/>
        <line num="62" count="20" type="cond" truecount="1" falsecount="1"/>
        <line num="63" count="20" type="stmt"/>
        <line num="64" count="20" type="stmt"/>
        <line num="65" count="20" type="stmt"/>
        <line num="68" count="1" type="stmt"/>
        <line num="72" count="21" type="stmt"/>
        <line num="74" count="21" type="stmt"/>
        <line num="75" count="21" type="stmt"/>
        <line num="80" count="109" type="stmt"/>
        <line num="81" count="18" type="stmt"/>
        <line num="82" count="18" type="stmt"/>
        <line num="83" count="18" type="stmt"/>
        <line num="87" count="109" type="stmt"/>
        <line num="88" count="45" type="stmt"/>
        <line num="89" count="9" type="stmt"/>
        <line num="91" count="1" type="stmt"/>
        <line num="98" count="109" type="stmt"/>
        <line num="99" count="21" type="stmt"/>
        <line num="100" count="21" type="stmt"/>
        <line num="102" count="21" type="stmt"/>
        <line num="103" count="23" type="stmt"/>
        <line num="104" count="23" type="stmt"/>
        <line num="106" count="23" type="cond" truecount="2" falsecount="0"/>
        <line num="107" count="1" type="stmt"/>
        <line num="108" count="1" type="stmt"/>
        <line num="109" count="1" type="stmt"/>
        <line num="113" count="22" type="stmt"/>
        <line num="114" count="7" type="stmt"/>
        <line num="116" count="7" type="stmt"/>
        <line num="117" count="7" type="stmt"/>
        <line num="118" count="7" type="cond" truecount="2" falsecount="0"/>
        <line num="119" count="1" type="stmt"/>
        <line num="120" count="1" type="stmt"/>
        <line num="122" count="6" type="stmt"/>
        <line num="132" count="7" type="stmt"/>
        <line num="133" count="22" type="stmt"/>
        <line num="134" count="22" type="stmt"/>
        <line num="136" count="21" type="stmt"/>
        <line num="141" count="109" type="stmt"/>
        <line num="142" count="39" type="cond" truecount="2" falsecount="0"/>
        <line num="144" count="18" type="stmt"/>
        <line num="145" count="18" type="cond" truecount="1" falsecount="1"/>
        <line num="146" count="0" type="stmt"/>
        <line num="147" count="0" type="stmt"/>
        <line num="150" count="18" type="stmt"/>
        <line num="151" count="18" type="stmt"/>
        <line num="152" count="18" type="stmt"/>
        <line num="153" count="18" type="cond" truecount="2" falsecount="0"/>
        <line num="154" count="18" type="stmt"/>
        <line num="155" count="18" type="stmt"/>
        <line num="157" count="18" type="stmt"/>
        <line num="158" count="5" type="cond" truecount="1" falsecount="1"/>
        <line num="159" count="5" type="stmt"/>
        <line num="162" count="5" type="cond" truecount="2" falsecount="0"/>
        <line num="163" count="5" type="cond" truecount="2" falsecount="0"/>
        <line num="165" count="18" type="stmt"/>
        <line num="166" count="18" type="stmt"/>
        <line num="169" count="18" type="stmt"/>
        <line num="170" count="18" type="stmt"/>
        <line num="179" count="109" type="stmt"/>
        <line num="180" count="4" type="stmt"/>
        <line num="181" count="4" type="cond" truecount="2" falsecount="0"/>
        <line num="182" count="3" type="stmt"/>
        <line num="183" count="3" type="cond" truecount="2" falsecount="0"/>
        <line num="184" count="2" type="stmt"/>
        <line num="187" count="4" type="stmt"/>
        <line num="191" count="109" type="stmt"/>
        <line num="192" count="4" type="stmt"/>
        <line num="193" count="4" type="stmt"/>
        <line num="194" count="4" type="stmt"/>
        <line num="195" count="4" type="stmt"/>
        <line num="196" count="4" type="cond" truecount="2" falsecount="0"/>
        <line num="197" count="4" type="stmt"/>
        <line num="201" count="109" type="stmt"/>
        <line num="202" count="4" type="cond" truecount="2" falsecount="0"/>
        <line num="203" count="1" type="stmt"/>
        <line num="204" count="1" type="stmt"/>
        <line num="207" count="3" type="stmt"/>
        <line num="208" count="3" type="stmt"/>
        <line num="209" count="3" type="stmt"/>
        <line num="210" count="3" type="stmt"/>
        <line num="211" count="3" type="stmt"/>
        <line num="214" count="2" type="cond" truecount="2" falsecount="0"/>
        <line num="217" count="1" type="stmt"/>
        <line num="222" count="109" type="stmt"/>
        <line num="223" count="3" type="cond" truecount="1" falsecount="1"/>
        <line num="224" count="0" type="stmt"/>
        <line num="225" count="0" type="stmt"/>
        <line num="228" count="3" type="stmt"/>
        <line num="229" count="3" type="stmt"/>
        <line num="230" count="3" type="stmt"/>
        <line num="231" count="3" type="stmt"/>
        <line num="233" count="3" type="cond" truecount="1" falsecount="1"/>
        <line num="235" count="3" type="stmt"/>
        <line num="237" count="3" type="cond" truecount="4" falsecount="0"/>
        <line num="239" count="3" type="cond" truecount="2" falsecount="0"/>
        <line num="240" count="2" type="cond" truecount="2" falsecount="0"/>
        <line num="241" count="1" type="stmt"/>
        <line num="244" count="0" type="stmt"/>
        <line num="245" count="0" type="stmt"/>
        <line num="250" count="109" type="stmt"/>
        <line num="251" count="1" type="stmt"/>
        <line num="252" count="1" type="stmt"/>
        <line num="257" count="109" type="stmt"/>
        <line num="258" count="2" type="stmt"/>
        <line num="267" count="2" type="stmt"/>
        <line num="272" count="109" type="stmt"/>
        <line num="274" count="6" type="cond" truecount="7" falsecount="0"/>
        <line num="275" count="1" type="stmt"/>
        <line num="276" count="1" type="stmt"/>
        <line num="279" count="5" type="stmt"/>
        <line num="281" count="5" type="stmt"/>
        <line num="282" count="5" type="stmt"/>
        <line num="283" count="5" type="stmt"/>
        <line num="287" count="109" type="stmt"/>
        <line num="289" count="5" type="stmt"/>
        <line num="290" count="5" type="stmt"/>
        <line num="291" count="5" type="stmt"/>
        <line num="292" count="5" type="stmt"/>
        <line num="300" count="5" type="stmt"/>
        <line num="302" count="0" type="stmt"/>
        <line num="305" count="5" type="cond" truecount="2" falsecount="0"/>
        <line num="306" count="3" type="stmt"/>
        <line num="307" count="3" type="stmt"/>
        <line num="311" count="5" type="stmt"/>
        <line num="315" count="109" type="stmt"/>
        <line num="316" count="3" type="cond" truecount="2" falsecount="0"/>
        <line num="317" count="1" type="stmt"/>
        <line num="318" count="1" type="stmt"/>
        <line num="321" count="2" type="stmt"/>
        <line num="322" count="2" type="stmt"/>
        <line num="323" count="2" type="stmt"/>
        <line num="324" count="2" type="stmt"/>
        <line num="325" count="2" type="stmt"/>
        <line num="327" count="2" type="stmt"/>
        <line num="331" count="1" type="stmt"/>
        <line num="336" count="109" type="stmt"/>
        <line num="337" count="5" type="stmt"/>
        <line num="339" count="5" type="stmt"/>
        <line num="340" count="5" type="stmt"/>
        <line num="341" count="5" type="stmt"/>
        <line num="342" count="5" type="stmt"/>
        <line num="345" count="5" type="stmt"/>
        <line num="352" count="5" type="stmt"/>
        <line num="353" count="5" type="stmt"/>
        <line num="356" count="109" type="stmt"/>
        <line num="357" count="1" type="stmt"/>
        <line num="361" count="109" type="stmt"/>
        <line num="362" count="4" type="cond" truecount="2" falsecount="0"/>
        <line num="363" count="1" type="stmt"/>
        <line num="366" count="3" type="stmt"/>
        <line num="368" count="3" type="cond" truecount="2" falsecount="0"/>
        <line num="369" count="1" type="stmt"/>
        <line num="372" count="2" type="cond" truecount="2" falsecount="0"/>
        <line num="373" count="1" type="stmt"/>
        <line num="375" count="1" type="stmt"/>
        <line num="380" count="109" type="stmt"/>
      </file>
    </package>
    <package name="navigation.screens.HomePage">
      <metrics statements="72" coveredstatements="72" conditionals="33" coveredconditionals="27" methods="18" coveredmethods="18"/>
      <file name="HomeLogic.tsx" path="C:\Users\jewel\Spring26_classes\SeniorSem\cadetlinks\CadetLinks\src\navigation\screens\HomePage\HomeLogic.tsx">
        <metrics statements="72" coveredstatements="72" conditionals="33" coveredconditionals="27" methods="18" coveredmethods="18"/>
        <line num="14" count="1" type="stmt"/>
        <line num="18" count="28" type="stmt"/>
        <line num="19" count="28" type="stmt"/>
        <line num="20" count="28" type="stmt"/>
        <line num="28" count="28" type="stmt"/>
        <line num="29" count="6" type="stmt"/>
        <line num="30" count="6" type="cond" truecount="1" falsecount="4"/>
        <line num="34" count="6" type="cond" truecount="2" falsecount="2"/>
        <line num="35" count="6" type="cond" truecount="2" falsecount="0"/>
        <line num="36" count="1" type="stmt"/>
        <line num="39" count="5" type="stmt"/>
        <line num="42" count="28" type="stmt"/>
        <line num="43" count="10" type="stmt"/>
        <line num="45" count="10" type="stmt"/>
        <line num="46" count="11" type="stmt"/>
        <line num="47" count="11" type="cond" truecount="2" falsecount="0"/>
        <line num="48" count="7" type="stmt"/>
        <line num="49" count="7" type="stmt"/>
        <line num="52" count="4" type="stmt"/>
        <line num="54" count="6" type="stmt"/>
        <line num="55" count="6" type="stmt"/>
        <line num="57" count="6" type="cond" truecount="2" falsecount="0"/>
        <line num="58" count="1" type="stmt"/>
        <line num="61" count="5" type="stmt"/>
        <line num="71" count="6" type="stmt"/>
        <line num="73" count="4" type="stmt"/>
        <line num="76" count="10" type="stmt"/>
        <line num="79" count="28" type="stmt"/>
        <line num="80" count="21" type="stmt"/>
        <line num="81" count="21" type="stmt"/>
        <line num="82" count="21" type="stmt"/>
        <line num="92" count="21" type="stmt"/>
        <line num="93" count="5" type="cond" truecount="2" falsecount="0"/>
        <line num="94" count="2" type="stmt"/>
        <line num="97" count="28" type="stmt"/>
        <line num="99" count="10" type="stmt"/>
        <line num="100" count="10" type="stmt"/>
        <line num="101" count="10" type="stmt"/>
        <line num="102" count="10" type="cond" truecount="2" falsecount="0"/>
        <line num="103" count="1" type="stmt"/>
        <line num="104" count="1" type="stmt"/>
        <line num="106" count="9" type="stmt"/>
        <line num="108" count="9" type="stmt"/>
        <line num="110" count="8" type="cond" truecount="2" falsecount="0"/>
        <line num="111" count="4" type="stmt"/>
        <line num="112" count="4" type="stmt"/>
        <line num="115" count="4" type="stmt"/>
        <line num="116" count="4" type="stmt"/>
        <line num="118" count="4" type="stmt"/>
        <line num="122" count="4" type="stmt"/>
        <line num="124" count="4" type="stmt"/>
        <line num="125" count="4" type="stmt"/>
        <line num="127" count="4" type="stmt"/>
        <line num="129" count="4" type="cond" truecount="2" falsecount="0"/>
        <line num="130" count="1" type="stmt"/>
        <line num="133" count="3" type="stmt"/>
        <line num="135" count="3" type="stmt"/>
        <line num="136" count="3" type="stmt"/>
        <line num="137" count="3" type="stmt"/>
        <line num="138" count="4" type="stmt"/>
        <line num="140" count="3" type="stmt"/>
        <line num="144" count="1" type="stmt"/>
        <line num="147" count="10" type="stmt"/>
        <line num="153" count="28" type="stmt"/>
        <line num="154" count="10" type="cond" truecount="4" falsecount="0"/>
        <line num="156" count="9" type="stmt"/>
        <line num="158" count="1" type="stmt"/>
        <line num="159" count="1" type="stmt"/>
        <line num="168" count="28" type="stmt"/>
        <line num="176" count="28" type="stmt"/>
        <line num="177" count="18" type="cond" truecount="2" falsecount="0"/>
        <line num="180" count="28" type="stmt"/>
      </file>
    </package>
    <package name="navigation.screens.JobsPage">
      <metrics statements="270" coveredstatements="269" conditionals="128" coveredconditionals="109" methods="48" coveredmethods="48"/>
      <file name="AttendanceLogic.tsx" path="C:\Users\jewel\Spring26_classes\SeniorSem\cadetlinks\CadetLinks\src\navigation\screens\JobsPage\AttendanceLogic.tsx">
        <metrics statements="121" coveredstatements="121" conditionals="48" coveredconditionals="37" methods="32" coveredmethods="32"/>
        <line num="31" count="27" type="stmt"/>
        <line num="35" count="23" type="stmt"/>
        <line num="36" count="23" type="stmt"/>
        <line num="37" count="23" type="stmt"/>
        <line num="38" count="23" type="stmt"/>
        <line num="39" count="23" type="stmt"/>
        <line num="43" count="9" type="cond" truecount="1" falsecount="1"/>
        <line num="45" count="9" type="cond" truecount="2" falsecount="0"/>
        <line num="46" count="5" type="cond" truecount="4" falsecount="0"/>
        <line num="48" count="2" type="stmt"/>
        <line num="52" count="83" type="stmt"/>
        <line num="53" count="83" type="stmt"/>
        <line num="54" count="83" type="stmt"/>
        <line num="55" count="83" type="stmt"/>
        <line num="56" count="83" type="stmt"/>
        <line num="57" count="83" type="stmt"/>
        <line num="58" count="83" type="stmt"/>
        <line num="59" count="83" type="stmt"/>
        <line num="60" count="83" type="stmt"/>
        <line num="62" count="83" type="stmt"/>
        <line num="63" count="64" type="stmt"/>
        <line num="67" count="83" type="stmt"/>
        <line num="69" count="56" type="stmt"/>
        <line num="74" count="83" type="stmt"/>
        <line num="76" count="56" type="stmt"/>
        <line num="82" count="23" type="stmt"/>
        <line num="84" count="23" type="stmt"/>
        <line num="85" count="23" type="stmt"/>
        <line num="87" count="23" type="stmt"/>
        <line num="88" count="23" type="stmt"/>
        <line num="89" count="22" type="cond" truecount="1" falsecount="1"/>
        <line num="91" count="22" type="stmt"/>
        <line num="93" count="25" type="stmt"/>
        <line num="94" count="25" type="stmt"/>
        <line num="99" count="25" type="cond" truecount="2" falsecount="0"/>
        <line num="100" count="2" type="cond" truecount="2" falsecount="2"/>
        <line num="102" count="22" type="stmt"/>
        <line num="104" count="22" type="stmt"/>
        <line num="105" count="22" type="stmt"/>
        <line num="106" count="22" type="cond" truecount="1" falsecount="1"/>
        <line num="108" count="22" type="stmt"/>
        <line num="110" count="27" type="cond" truecount="1" falsecount="1"/>
        <line num="111" count="27" type="cond" truecount="1" falsecount="1"/>
        <line num="112" count="27" type="cond" truecount="1" falsecount="1"/>
        <line num="114" count="27" type="stmt"/>
        <line num="122" count="9" type="stmt"/>
        <line num="124" count="22" type="stmt"/>
        <line num="126" count="1" type="stmt"/>
        <line num="127" count="1" type="stmt"/>
        <line num="129" count="23" type="stmt"/>
        <line num="133" count="83" type="stmt"/>
        <line num="134" count="23" type="stmt"/>
        <line num="135" count="23" type="stmt"/>
        <line num="136" count="22" type="stmt"/>
        <line num="137" count="22" type="stmt"/>
        <line num="138" count="22" type="stmt"/>
        <line num="139" count="22" type="stmt"/>
        <line num="141" count="1" type="stmt"/>
        <line num="145" count="83" type="stmt"/>
        <line num="146" count="2" type="stmt"/>
        <line num="147" count="2" type="stmt"/>
        <line num="150" count="83" type="stmt"/>
        <line num="151" count="4" type="stmt"/>
        <line num="154" count="83" type="stmt"/>
        <line num="155" count="18" type="stmt"/>
        <line num="156" count="18" type="stmt"/>
        <line num="159" count="83" type="stmt"/>
        <line num="163" count="12" type="stmt"/>
        <line num="164" count="12" type="stmt"/>
        <line num="166" count="12" type="cond" truecount="2" falsecount="0"/>
        <line num="167" count="2" type="stmt"/>
        <line num="169" count="10" type="stmt"/>
        <line num="172" count="12" type="stmt"/>
        <line num="176" count="83" type="stmt"/>
        <line num="177" count="7" type="cond" truecount="2" falsecount="0"/>
        <line num="184" count="8" type="stmt"/>
        <line num="186" count="8" type="cond" truecount="2" falsecount="0"/>
        <line num="187" count="2" type="stmt"/>
        <line num="190" count="6" type="stmt"/>
        <line num="192" count="6" type="cond" truecount="2" falsecount="0"/>
        <line num="193" count="1" type="stmt"/>
        <line num="198" count="5" type="stmt"/>
        <line num="200" count="5" type="stmt"/>
        <line num="202" count="5" type="stmt"/>
        <line num="203" count="9" type="cond" truecount="2" falsecount="0"/>
        <line num="204" count="9" type="stmt"/>
        <line num="209" count="5" type="stmt"/>
        <line num="213" count="4" type="stmt"/>
        <line num="215" count="4" type="cond" truecount="2" falsecount="0"/>
        <line num="216" count="1" type="stmt"/>
        <line num="219" count="3" type="stmt"/>
        <line num="221" count="3" type="cond" truecount="2" falsecount="0"/>
        <line num="222" count="1" type="stmt"/>
        <line num="227" count="2" type="stmt"/>
        <line num="229" count="2" type="stmt"/>
        <line num="232" count="83" type="stmt"/>
        <line num="233" count="9" type="cond" truecount="2" falsecount="0"/>
        <line num="234" count="1" type="stmt"/>
        <line num="235" count="1" type="stmt"/>
        <line num="238" count="8" type="stmt"/>
        <line num="239" count="8" type="stmt"/>
        <line num="240" count="8" type="stmt"/>
        <line num="241" count="4" type="stmt"/>
        <line num="242" count="4" type="stmt"/>
        <line num="244" count="4" type="cond" truecount="1" falsecount="1"/>
        <line num="246" count="8" type="stmt"/>
        <line num="250" count="83" type="stmt"/>
        <line num="251" count="6" type="cond" truecount="2" falsecount="0"/>
        <line num="252" count="1" type="stmt"/>
        <line num="253" count="1" type="stmt"/>
        <line num="256" count="5" type="stmt"/>
        <line num="265" count="4" type="stmt"/>
        <line num="266" count="4" type="stmt"/>
        <line num="267" count="4" type="stmt"/>
        <line num="268" count="1" type="stmt"/>
        <line num="269" count="1" type="stmt"/>
        <line num="270" count="1" type="stmt"/>
        <line num="272" count="3" type="stmt"/>
        <line num="277" count="4" type="stmt"/>
        <line num="285" count="83" type="stmt"/>
        <line num="286" count="83" type="stmt"/>
      </file>
      <file name="JobsLogic.tsx" path="C:\Users\jewel\Spring26_classes\SeniorSem\cadetlinks\CadetLinks\src\navigation\screens\JobsPage\JobsLogic.tsx">
        <metrics statements="71" coveredstatements="70" conditionals="46" coveredconditionals="38" methods="9" coveredmethods="9"/>
        <line num="15" count="4" type="cond" truecount="4" falsecount="1"/>
        <line num="17" count="1" type="stmt"/>
        <line num="19" count="1" type="stmt"/>
        <line num="21" count="1" type="stmt"/>
        <line num="23" count="1" type="stmt"/>
        <line num="25" count="0" type="stmt"/>
        <line num="30" count="12" type="stmt"/>
        <line num="31" count="12" type="stmt"/>
        <line num="33" count="12" type="stmt"/>
        <line num="34" count="12" type="stmt"/>
        <line num="35" count="12" type="stmt"/>
        <line num="37" count="12" type="cond" truecount="1" falsecount="1"/>
        <line num="38" count="12" type="cond" truecount="1" falsecount="1"/>
        <line num="39" count="12" type="cond" truecount="1" falsecount="1"/>
        <line num="40" count="12" type="cond" truecount="3" falsecount="0"/>
        <line num="41" count="12" type="stmt"/>
        <line num="42" count="12" type="stmt"/>
        <line num="43" count="12" type="stmt"/>
        <line num="45" count="12" type="stmt"/>
        <line num="47" count="6" type="stmt"/>
        <line num="48" count="18" type="stmt"/>
        <line num="49" count="8" type="stmt"/>
        <line num="54" count="12" type="cond" truecount="2" falsecount="0"/>
        <line num="59" count="12" type="stmt"/>
        <line num="60" count="6" type="stmt"/>
        <line num="61" count="6" type="stmt"/>
        <line num="62" count="6" type="stmt"/>
        <line num="64" count="6" type="stmt"/>
        <line num="65" count="6" type="stmt"/>
        <line num="66" count="6" type="stmt"/>
        <line num="68" count="6" type="cond" truecount="2" falsecount="0"/>
        <line num="69" count="1" type="stmt"/>
        <line num="70" count="1" type="stmt"/>
        <line num="71" count="1" type="stmt"/>
        <line num="75" count="5" type="stmt"/>
        <line num="76" count="5" type="stmt"/>
        <line num="78" count="4" type="cond" truecount="2" falsecount="0"/>
        <line num="79" count="1" type="stmt"/>
        <line num="80" count="1" type="stmt"/>
        <line num="81" count="1" type="stmt"/>
        <line num="84" count="3" type="stmt"/>
        <line num="85" count="3" type="stmt"/>
        <line num="89" count="1" type="stmt"/>
        <line num="90" count="1" type="stmt"/>
        <line num="92" count="6" type="stmt"/>
        <line num="96" count="6" type="stmt"/>
        <line num="99" count="12" type="stmt"/>
        <line num="100" count="3" type="cond" truecount="1" falsecount="1"/>
        <line num="102" count="3" type="cond" truecount="2" falsecount="0"/>
        <line num="103" count="1" type="stmt"/>
        <line num="104" count="1" type="stmt"/>
        <line num="105" count="1" type="stmt"/>
        <line num="108" count="2" type="cond" truecount="2" falsecount="0"/>
        <line num="109" count="1" type="stmt"/>
        <line num="110" count="1" type="stmt"/>
        <line num="113" count="1" type="cond" truecount="1" falsecount="1"/>
        <line num="114" count="1" type="stmt"/>
        <line num="118" count="12" type="cond" truecount="4" falsecount="0"/>
        <line num="122" count="12" type="cond" truecount="2" falsecount="0"/>
        <line num="125" count="12" type="stmt"/>
        <line num="127" count="12" type="cond" truecount="2" falsecount="0"/>
        <line num="128" count="4" type="stmt"/>
        <line num="136" count="12" type="cond" truecount="2" falsecount="0"/>
        <line num="137" count="8" type="stmt"/>
        <line num="146" count="12" type="cond" truecount="2" falsecount="0"/>
        <line num="147" count="4" type="stmt"/>
        <line num="157" count="12" type="cond" truecount="2" falsecount="0"/>
        <line num="158" count="4" type="stmt"/>
        <line num="166" count="12" type="stmt"/>
        <line num="168" count="12" type="stmt"/>
        <line num="169" count="12" type="stmt"/>
      </file>
      <file name="UploadDocsLogic.tsx" path="C:\Users\jewel\Spring26_classes\SeniorSem\cadetlinks\CadetLinks\src\navigation\screens\JobsPage\UploadDocsLogic.tsx">
        <metrics statements="78" coveredstatements="78" conditionals="34" coveredconditionals="34" methods="7" coveredmethods="7"/>
        <line num="17" count="1" type="stmt"/>
        <line num="19" count="1" type="stmt"/>
        <line num="26" count="38" type="stmt"/>
        <line num="27" count="38" type="stmt"/>
        <line num="28" count="38" type="stmt"/>
        <line num="29" count="38" type="stmt"/>
        <line num="30" count="38" type="stmt"/>
        <line num="31" count="38" type="stmt"/>
        <line num="32" count="38" type="stmt"/>
        <line num="34" count="38" type="stmt"/>
        <line num="35" count="1" type="stmt"/>
        <line num="36" count="1" type="stmt"/>
        <line num="37" count="1" type="stmt"/>
        <line num="40" count="38" type="stmt"/>
        <line num="41" count="1" type="stmt"/>
        <line num="42" count="1" type="stmt"/>
        <line num="43" count="1" type="stmt"/>
        <line num="44" count="1" type="stmt"/>
        <line num="47" count="38" type="stmt"/>
        <line num="48" count="1" type="stmt"/>
        <line num="49" count="1" type="stmt"/>
        <line num="52" count="38" type="stmt"/>
        <line num="53" count="13" type="stmt"/>
        <line num="54" count="13" type="stmt"/>
        <line num="55" count="13" type="stmt"/>
        <line num="57" count="13" type="stmt"/>
        <line num="58" count="13" type="stmt"/>
        <line num="64" count="12" type="cond" truecount="2" falsecount="0"/>
        <line num="66" count="11" type="stmt"/>
        <line num="67" count="11" type="cond" truecount="2" falsecount="0"/>
        <line num="68" count="10" type="cond" truecount="4" falsecount="0"/>
        <line num="69" count="1" type="stmt"/>
        <line num="70" count="1" type="stmt"/>
        <line num="72" count="9" type="cond" truecount="4" falsecount="0"/>
        <line num="73" count="1" type="stmt"/>
        <line num="74" count="1" type="stmt"/>
        <line num="77" count="8" type="stmt"/>
        <line num="85" count="8" type="cond" truecount="2" falsecount="0"/>
        <line num="86" count="8" type="stmt"/>
        <line num="89" count="1" type="stmt"/>
        <line num="90" count="1" type="stmt"/>
        <line num="92" count="13" type="stmt"/>
        <line num="96" count="38" type="stmt"/>
        <line num="97" count="4" type="cond" truecount="2" falsecount="0"/>
        <line num="98" count="2" type="cond" truecount="2" falsecount="0"/>
        <line num="99" count="1" type="stmt"/>
        <line num="100" count="1" type="stmt"/>
        <line num="104" count="2" type="stmt"/>
        <line num="105" count="2" type="stmt"/>
        <line num="108" count="38" type="stmt"/>
        <line num="109" count="7" type="stmt"/>
        <line num="110" count="7" type="stmt"/>
        <line num="112" count="7" type="cond" truecount="2" falsecount="0"/>
        <line num="113" count="2" type="stmt"/>
        <line num="114" count="2" type="stmt"/>
        <line num="117" count="5" type="stmt"/>
        <line num="118" count="5" type="cond" truecount="2" falsecount="0"/>
        <line num="119" count="1" type="stmt"/>
        <line num="120" count="1" type="stmt"/>
        <line num="123" count="4" type="stmt"/>
        <line num="125" count="4" type="stmt"/>
        <line num="126" count="4" type="stmt"/>
        <line num="127" count="4" type="stmt"/>
        <line num="129" count="4" type="cond" truecount="2" falsecount="0"/>
        <line num="130" count="4" type="stmt"/>
        <line num="131" count="4" type="stmt"/>
        <line num="132" count="4" type="stmt"/>
        <line num="134" count="3" type="stmt"/>
        <line num="136" count="3" type="stmt"/>
        <line num="137" count="3" type="stmt"/>
        <line num="138" count="3" type="stmt"/>
        <line num="149" count="3" type="stmt"/>
        <line num="150" count="3" type="stmt"/>
        <line num="151" count="3" type="stmt"/>
        <line num="153" count="1" type="stmt"/>
        <line num="154" count="1" type="stmt"/>
        <line num="156" count="4" type="stmt"/>
        <line num="160" count="38" type="stmt"/>
      </file>
    </package>
    <package name="navigation.screens.LoginPage">
      <metrics statements="34" coveredstatements="34" conditionals="15" coveredconditionals="15" methods="2" coveredmethods="2"/>
      <file name="LoginLogic.tsx" path="C:\Users\jewel\Spring26_classes\SeniorSem\cadetlinks\CadetLinks\src\navigation\screens\LoginPage\LoginLogic.tsx">
        <metrics statements="34" coveredstatements="34" conditionals="15" coveredconditionals="15" methods="2" coveredmethods="2"/>
        <line num="12" count="23" type="stmt"/>
        <line num="13" count="23" type="stmt"/>
        <line num="14" count="23" type="stmt"/>
        <line num="15" count="23" type="stmt"/>
        <line num="19" count="23" type="stmt"/>
        <line num="22" count="23" type="stmt"/>
        <line num="23" count="9" type="stmt"/>
        <line num="24" count="9" type="stmt"/>
        <line num="27" count="9" type="cond" truecount="4" falsecount="0"/>
        <line num="28" count="1" type="stmt"/>
        <line num="29" count="1" type="stmt"/>
        <line num="33" count="8" type="stmt"/>
        <line num="34" count="8" type="stmt"/>
        <line num="37" count="8" type="stmt"/>
        <line num="39" count="8" type="stmt"/>
        <line num="43" count="2" type="stmt"/>
        <line num="50" count="2" type="stmt"/>
        <line num="51" count="2" type="cond" truecount="2" falsecount="0"/>
        <line num="52" count="1" type="stmt"/>
        <line num="53" count="1" type="stmt"/>
        <line num="58" count="1" type="stmt"/>
        <line num="59" count="1" type="stmt"/>
        <line num="62" count="1" type="stmt"/>
        <line num="64" count="6" type="stmt"/>
        <line num="65" count="6" type="stmt"/>
        <line num="68" count="6" type="cond" truecount="2" falsecount="0"/>
        <line num="73" count="3" type="stmt"/>
        <line num="74" count="3" type="cond" truecount="2" falsecount="0"/>
        <line num="75" count="1" type="stmt"/>
        <line num="76" count="2" type="cond" truecount="2" falsecount="0"/>
        <line num="77" count="1" type="stmt"/>
        <line num="79" count="1" type="stmt"/>
        <line num="82" count="8" type="stmt"/>
        <line num="87" count="23" type="stmt"/>
      </file>
    </package>
    <package name="navigation.screens.ProfilePage">
      <metrics statements="108" coveredstatements="108" conditionals="32" coveredconditionals="30" methods="12" coveredmethods="12"/>
      <file name="ProfileLogic.tsx" path="C:\Users\jewel\Spring26_classes\SeniorSem\cadetlinks\CadetLinks\src\navigation\screens\ProfilePage\ProfileLogic.tsx">
        <metrics statements="108" coveredstatements="108" conditionals="32" coveredconditionals="30" methods="12" coveredmethods="12"/>
        <line num="36" count="10" type="stmt"/>
        <line num="40" count="10" type="stmt"/>
        <line num="45" count="24" type="stmt"/>
        <line num="46" count="24" type="stmt"/>
        <line num="47" count="24" type="stmt"/>
        <line num="48" count="24" type="stmt"/>
        <line num="50" count="24" type="stmt"/>
        <line num="51" count="33" type="stmt"/>
        <line num="52" count="33" type="cond" truecount="4" falsecount="0"/>
        <line num="54" count="32" type="cond" truecount="2" falsecount="0"/>
        <line num="55" count="15" type="cond" truecount="2" falsecount="0"/>
        <line num="56" count="9" type="cond" truecount="2" falsecount="0"/>
        <line num="57" count="6" type="cond" truecount="1" falsecount="1"/>
        <line num="60" count="24" type="stmt"/>
        <line num="64" count="29" type="stmt"/>
        <line num="67" count="29" type="stmt"/>
        <line num="68" count="29" type="stmt"/>
        <line num="69" count="29" type="stmt"/>
        <line num="72" count="29" type="stmt"/>
        <line num="73" count="29" type="stmt"/>
        <line num="76" count="29" type="stmt"/>
        <line num="77" count="29" type="stmt"/>
        <line num="78" count="29" type="stmt"/>
        <line num="79" count="29" type="stmt"/>
        <line num="82" count="29" type="stmt"/>
        <line num="83" count="29" type="stmt"/>
        <line num="84" count="29" type="stmt"/>
        <line num="85" count="29" type="stmt"/>
        <line num="87" count="29" type="stmt"/>
        <line num="88" count="13" type="stmt"/>
        <line num="89" count="13" type="stmt"/>
        <line num="91" count="13" type="stmt"/>
        <line num="92" count="13" type="stmt"/>
        <line num="93" count="13" type="stmt"/>
        <line num="95" count="13" type="stmt"/>
        <line num="96" count="13" type="stmt"/>
        <line num="98" count="13" type="stmt"/>
        <line num="99" count="13" type="stmt"/>
        <line num="100" count="13" type="stmt"/>
        <line num="102" count="13" type="cond" truecount="2" falsecount="0"/>
        <line num="103" count="1" type="stmt"/>
        <line num="104" count="1" type="stmt"/>
        <line num="106" count="1" type="stmt"/>
        <line num="107" count="1" type="stmt"/>
        <line num="108" count="1" type="stmt"/>
        <line num="109" count="1" type="stmt"/>
        <line num="111" count="1" type="stmt"/>
        <line num="112" count="1" type="stmt"/>
        <line num="113" count="1" type="stmt"/>
        <line num="114" count="1" type="stmt"/>
        <line num="116" count="1" type="stmt"/>
        <line num="117" count="1" type="stmt"/>
        <line num="118" count="1" type="stmt"/>
        <line num="119" count="1" type="stmt"/>
        <line num="123" count="12" type="stmt"/>
        <line num="124" count="12" type="stmt"/>
        <line num="126" count="11" type="stmt"/>
        <line num="128" count="11" type="cond" truecount="2" falsecount="0"/>
        <line num="129" count="10" type="stmt"/>
        <line num="130" count="10" type="stmt"/>
        <line num="132" count="1" type="stmt"/>
        <line num="133" count="1" type="stmt"/>
        <line num="138" count="11" type="cond" truecount="2" falsecount="0"/>
        <line num="141" count="11" type="cond" truecount="2" falsecount="0"/>
        <line num="144" count="11" type="stmt"/>
        <line num="145" count="11" type="stmt"/>
        <line num="148" count="12" type="cond" truecount="1" falsecount="1"/>
        <line num="149" count="12" type="stmt"/>
        <line num="151" count="12" type="stmt"/>
        <line num="152" count="12" type="stmt"/>
        <line num="153" count="12" type="stmt"/>
        <line num="154" count="12" type="stmt"/>
        <line num="156" count="12" type="stmt"/>
        <line num="157" count="12" type="stmt"/>
        <line num="160" count="1" type="stmt"/>
        <line num="161" count="1" type="stmt"/>
        <line num="162" count="1" type="stmt"/>
        <line num="167" count="11" type="stmt"/>
        <line num="168" count="11" type="stmt"/>
        <line num="171" count="12" type="cond" truecount="2" falsecount="0"/>
        <line num="172" count="12" type="stmt"/>
        <line num="174" count="12" type="stmt"/>
        <line num="175" count="12" type="stmt"/>
        <line num="176" count="12" type="stmt"/>
        <line num="177" count="12" type="stmt"/>
        <line num="179" count="12" type="stmt"/>
        <line num="180" count="12" type="stmt"/>
        <line num="183" count="1" type="stmt"/>
        <line num="184" count="1" type="stmt"/>
        <line num="185" count="1" type="stmt"/>
        <line num="189" count="1" type="stmt"/>
        <line num="190" count="1" type="stmt"/>
        <line num="191" count="1" type="stmt"/>
        <line num="192" count="1" type="stmt"/>
        <line num="193" count="1" type="stmt"/>
        <line num="195" count="13" type="stmt"/>
        <line num="199" count="13" type="stmt"/>
        <line num="201" count="13" type="stmt"/>
        <line num="202" count="13" type="cond" truecount="2" falsecount="0"/>
        <line num="203" count="13" type="cond" truecount="2" falsecount="0"/>
        <line num="208" count="29" type="stmt"/>
        <line num="210" count="29" type="cond" truecount="2" falsecount="0"/>
        <line num="213" count="29" type="stmt"/>
        <line num="216" count="29" type="stmt"/>
        <line num="218" count="29" type="cond" truecount="2" falsecount="0"/>
        <line num="221" count="29" type="stmt"/>
        <line num="223" count="29" type="stmt"/>
        <line num="224" count="29" type="stmt"/>
      </file>
    </package>
    <package name="navigation.screens.SearchPage">
      <metrics statements="64" coveredstatements="64" conditionals="44" coveredconditionals="38" methods="17" coveredmethods="17"/>
      <file name="PublicProfileLogic.tsx" path="C:\Users\jewel\Spring26_classes\SeniorSem\cadetlinks\CadetLinks\src\navigation\screens\SearchPage\PublicProfileLogic.tsx">
        <metrics statements="20" coveredstatements="20" conditionals="2" coveredconditionals="2" methods="4" coveredmethods="4"/>
        <line num="19" count="15" type="stmt"/>
        <line num="20" count="15" type="stmt"/>
        <line num="21" count="15" type="stmt"/>
        <line num="23" count="15" type="stmt"/>
        <line num="24" count="7" type="stmt"/>
        <line num="25" count="7" type="stmt"/>
        <line num="26" count="7" type="stmt"/>
        <line num="28" count="7" type="stmt"/>
        <line num="29" count="7" type="stmt"/>
        <line num="30" count="7" type="stmt"/>
        <line num="32" count="5" type="cond" truecount="2" falsecount="0"/>
        <line num="33" count="3" type="stmt"/>
        <line num="35" count="2" type="stmt"/>
        <line num="36" count="2" type="stmt"/>
        <line num="39" count="2" type="stmt"/>
        <line num="40" count="2" type="stmt"/>
        <line num="42" count="7" type="stmt"/>
        <line num="46" count="7" type="stmt"/>
        <line num="49" count="15" type="stmt"/>
        <line num="50" count="14" type="stmt"/>
      </file>
      <file name="SearchLogic.tsx" path="C:\Users\jewel\Spring26_classes\SeniorSem\cadetlinks\CadetLinks\src\navigation\screens\SearchPage\SearchLogic.tsx">
        <metrics statements="44" coveredstatements="44" conditionals="42" coveredconditionals="36" methods="13" coveredmethods="13"/>
        <line num="24" count="26" type="stmt"/>
        <line num="25" count="26" type="cond" truecount="2" falsecount="0"/>
        <line num="27" count="15" type="cond" truecount="2" falsecount="2"/>
        <line num="29" count="15" type="stmt"/>
        <line num="42" count="26" type="stmt"/>
        <line num="43" count="26" type="stmt"/>
        <line num="44" count="26" type="stmt"/>
        <line num="45" count="26" type="stmt"/>
        <line num="47" count="26" type="stmt"/>
        <line num="48" count="8" type="stmt"/>
        <line num="50" count="8" type="stmt"/>
        <line num="51" count="8" type="stmt"/>
        <line num="52" count="8" type="stmt"/>
        <line num="54" count="8" type="stmt"/>
        <line num="55" count="8" type="stmt"/>
        <line num="56" count="7" type="stmt"/>
        <line num="58" count="7" type="stmt"/>
        <line num="61" count="8" type="cond" truecount="2" falsecount="0"/>
        <line num="63" count="8" type="stmt"/>
        <line num="65" count="14" type="stmt"/>
        <line num="66" count="14" type="stmt"/>
        <line num="71" count="14" type="stmt"/>
        <line num="73" count="7" type="cond" truecount="2" falsecount="0"/>
        <line num="74" count="7" type="cond" truecount="2" falsecount="0"/>
        <line num="75" count="7" type="cond" truecount="2" falsecount="0"/>
        <line num="77" count="2" type="cond" truecount="1" falsecount="1"/>
        <line num="78" count="2" type="cond" truecount="1" falsecount="1"/>
        <line num="79" count="2" type="stmt"/>
        <line num="82" count="8" type="stmt"/>
        <line num="83" count="8" type="stmt"/>
        <line num="84" count="8" type="stmt"/>
        <line num="87" count="1" type="stmt"/>
        <line num="88" count="1" type="stmt"/>
        <line num="89" count="1" type="stmt"/>
        <line num="93" count="1" type="stmt"/>
        <line num="94" count="1" type="stmt"/>
        <line num="95" count="1" type="stmt"/>
        <line num="99" count="8" type="stmt"/>
        <line num="101" count="8" type="stmt"/>
        <line num="102" count="8" type="cond" truecount="2" falsecount="0"/>
        <line num="106" count="26" type="stmt"/>
        <line num="107" count="26" type="stmt"/>
        <line num="110" count="26" type="stmt"/>
        <line num="111" count="26" type="stmt"/>
      </file>
    </package>
    <package name="styles">
      <metrics statements="8" coveredstatements="5" conditionals="4" coveredconditionals="0" methods="2" coveredmethods="0"/>
      <file name="EventStyles.ts" path="C:\Users\jewel\Spring26_classes\SeniorSem\cadetlinks\CadetLinks\src\styles\EventStyles.ts">
        <metrics statements="2" coveredstatements="2" conditionals="0" coveredconditionals="0" methods="0" coveredmethods="0"/>
        <line num="5" count="2" type="stmt"/>
        <line num="13" count="2" type="stmt"/>
      </file>
      <file name="GeneralStyles.ts" path="C:\Users\jewel\Spring26_classes\SeniorSem\cadetlinks\CadetLinks\src\styles\GeneralStyles.ts">
        <metrics statements="1" coveredstatements="1" conditionals="0" coveredconditionals="0" methods="0" coveredmethods="0"/>
        <line num="4" count="2" type="stmt"/>
      </file>
      <file name="colors.ts" path="C:\Users\jewel\Spring26_classes\SeniorSem\cadetlinks\CadetLinks\src\styles\colors.ts">
        <metrics statements="5" coveredstatements="2" conditionals="4" coveredconditionals="0" methods="2" coveredmethods="0"/>
        <line num="5" count="2" type="stmt"/>
        <line num="33" count="2" type="stmt"/>
        <line num="62" count="0" type="cond" truecount="0" falsecount="2"/>
        <line num="70" count="0" type="cond" truecount="0" falsecount="2"/>
        <line num="71" count="0" type="stmt"/>
      </file>
    </package>
  </project>
</coverage>
