{"C:\\Users\\jewel\\Spring26_classes\\SeniorSem\\cadetlinks\\CadetLinks\\src\\assets\\constants.tsx": {"path":"C:\\Users\\jewel\\Spring26_classes\\SeniorSem\\cadetlinks\\CadetLinks\\src\\assets\\constants.tsx","statementMap":{"0":{"start":{"line":1,"column":32},"end":{"line":1,"column":46}},"1":{"start":{"line":2,"column":34},"end":{"line":2,"column":50}},"2":{"start":{"line":3,"column":38},"end":{"line":3,"column":58}},"3":{"start":{"line":4,"column":35},"end":{"line":4,"column":53}},"4":{"start":{"line":6,"column":39},"end":{"line":11,"column":2}},"5":{"start":{"line":13,"column":27},"end":{"line":18,"column":1}}},"fnMap":{},"branchMap":{},"s":{"0":2,"1":2,"2":2,"3":2,"4":2,"5":2},"f":{},"b":{},"_coverageSchema":"1a1c01bbd47fc00a2c39e90264f33305004495a9","hash":"8687e527c0a72500ab3bb0b78fb303dd2375506d"}
,"C:\\Users\\jewel\\Spring26_classes\\SeniorSem\\cadetlinks\\CadetLinks\\src\\navigation\\screens\\EventsPage\\EventsLogic.ts": {"path":"C:\\Users\\jewel\\Spring26_classes\\SeniorSem\\cadetlinks\\CadetLinks\\src\\navigation\\screens\\EventsPage\\EventsLogic.ts","statementMap":{"0":{"start":{"line":26,"column":21},"end":{"line":33,"column":3}},"1":{"start":{"line":27,"column":17},"end":{"line":27,"column":56}},"2":{"start":{"line":28,"column":4},"end":{"line":31,"column":5}},"3":{"start":{"line":29,"column":6},"end":{"line":29,"column":63}},"4":{"start":{"line":30,"column":6},"end":{"line":30,"column":16}},"5":{"start":{"line":32,"column":4},"end":{"line":32,"column":44}},"6":{"start":{"line":35,"column":42},"end":{"line":35,"column":82}},"7":{"start":{"line":36,"column":44},"end":{"line":36,"column":72}},"8":{"start":{"line":37,"column":60},"end":{"line":37,"column":75}},"9":{"start":{"line":38,"column":38},"end":{"line":38,"column":82}},"10":{"start":{"line":39,"column":42},"end":{"line":39,"column":71}},"11":{"start":{"line":40,"column":60},"end":{"line":40,"column":75}},"12":{"start":{"line":41,"column":36},"end":{"line":41,"column":57}},"13":{"start":{"line":42,"column":56},"end":{"line":42,"column":85}},"14":{"start":{"line":43,"column":46},"end":{"line":43,"column":70}},"15":{"start":{"line":45,"column":34},"end":{"line":53,"column":4}},"16":{"start":{"line":56,"column":2},"end":{"line":77,"column":9}},"17":{"start":{"line":57,"column":20},"end":{"line":57,"column":24}},"18":{"start":{"line":59,"column":25},"end":{"line":70,"column":5}},"19":{"start":{"line":60,"column":6},"end":{"line":69,"column":7}},"20":{"start":{"line":61,"column":31},"end":{"line":61,"column":76}},"21":{"start":{"line":62,"column":8},"end":{"line":66,"column":9}},"22":{"start":{"line":63,"column":10},"end":{"line":63,"column":49}},"23":{"start":{"line":64,"column":10},"end":{"line":64,"column":34}},"24":{"start":{"line":65,"column":10},"end":{"line":65,"column":72}},"25":{"start":{"line":68,"column":8},"end":{"line":68,"column":70}},"26":{"start":{"line":72,"column":4},"end":{"line":72,"column":19}},"27":{"start":{"line":74,"column":4},"end":{"line":76,"column":6}},"28":{"start":{"line":75,"column":6},"end":{"line":75,"column":24}},"29":{"start":{"line":80,"column":22},"end":{"line":84,"column":8}},"30":{"start":{"line":81,"column":20},"end":{"line":81,"column":42}},"31":{"start":{"line":82,"column":4},"end":{"line":82,"column":54}},"32":{"start":{"line":83,"column":4},"end":{"line":83,"column":15}},"33":{"start":{"line":87,"column":32},"end":{"line":94,"column":31}},"34":{"start":{"line":88,"column":4},"end":{"line":92,"column":8}},"35":{"start":{"line":89,"column":22},"end":{"line":89,"column":58}},"36":{"start":{"line":91,"column":8},"end":{"line":91,"column":43}},"37":{"start":{"line":98,"column":2},"end":{"line":137,"column":9}},"38":{"start":{"line":99,"column":15},"end":{"line":99,"column":28}},"39":{"start":{"line":100,"column":24},"end":{"line":100,"column":41}},"40":{"start":{"line":102,"column":24},"end":{"line":135,"column":6}},"41":{"start":{"line":103,"column":25},"end":{"line":103,"column":39}},"42":{"start":{"line":104,"column":6},"end":{"line":104,"column":56}},"43":{"start":{"line":106,"column":6},"end":{"line":110,"column":7}},"44":{"start":{"line":107,"column":8},"end":{"line":107,"column":25}},"45":{"start":{"line":108,"column":8},"end":{"line":108,"column":84}},"46":{"start":{"line":109,"column":8},"end":{"line":109,"column":15}},"47":{"start":{"line":113,"column":36},"end":{"line":132,"column":58}},"48":{"start":{"line":114,"column":22},"end":{"line":114,"column":37}},"49":{"start":{"line":116,"column":24},"end":{"line":116,"column":53}},"50":{"start":{"line":117,"column":33},"end":{"line":117,"column":50}},"51":{"start":{"line":118,"column":8},"end":{"line":121,"column":9}},"52":{"start":{"line":119,"column":10},"end":{"line":119,"column":82}},"53":{"start":{"line":120,"column":10},"end":{"line":120,"column":22}},"54":{"start":{"line":122,"column":8},"end":{"line":130,"column":10}},"55":{"start":{"line":132,"column":43},"end":{"line":132,"column":57}},"56":{"start":{"line":133,"column":6},"end":{"line":133,"column":33}},"57":{"start":{"line":134,"column":6},"end":{"line":134,"column":63}},"58":{"start":{"line":136,"column":4},"end":{"line":136,"column":31}},"59":{"start":{"line":136,"column":17},"end":{"line":136,"column":30}},"60":{"start":{"line":141,"column":2},"end":{"line":172,"column":28}},"61":{"start":{"line":142,"column":4},"end":{"line":142,"column":32}},"62":{"start":{"line":142,"column":25},"end":{"line":142,"column":32}},"63":{"start":{"line":144,"column":4},"end":{"line":144,"column":22}},"64":{"start":{"line":145,"column":4},"end":{"line":148,"column":5}},"65":{"start":{"line":146,"column":6},"end":{"line":146,"column":78}},"66":{"start":{"line":147,"column":6},"end":{"line":147,"column":13}},"67":{"start":{"line":150,"column":15},"end":{"line":150,"column":28}},"68":{"start":{"line":151,"column":20},"end":{"line":151,"column":37}},"69":{"start":{"line":152,"column":28},"end":{"line":167,"column":6}},"70":{"start":{"line":153,"column":23},"end":{"line":153,"column":43}},"71":{"start":{"line":154,"column":6},"end":{"line":154,"column":57}},"72":{"start":{"line":155,"column":61},"end":{"line":155,"column":63}},"73":{"start":{"line":157,"column":6},"end":{"line":164,"column":9}},"74":{"start":{"line":158,"column":25},"end":{"line":158,"column":81}},"75":{"start":{"line":159,"column":23},"end":{"line":159,"column":39}},"76":{"start":{"line":162,"column":8},"end":{"line":162,"column":59}},"77":{"start":{"line":162,"column":28},"end":{"line":162,"column":59}},"78":{"start":{"line":163,"column":8},"end":{"line":163,"column":60}},"79":{"start":{"line":163,"column":28},"end":{"line":163,"column":60}},"80":{"start":{"line":165,"column":6},"end":{"line":165,"column":36}},"81":{"start":{"line":166,"column":6},"end":{"line":166,"column":90}},"82":{"start":{"line":169,"column":4},"end":{"line":171,"column":6}},"83":{"start":{"line":170,"column":6},"end":{"line":170,"column":24}},"84":{"start":{"line":179,"column":27},"end":{"line":188,"column":3}},"85":{"start":{"line":180,"column":4},"end":{"line":180,"column":28}},"86":{"start":{"line":181,"column":4},"end":{"line":186,"column":5}},"87":{"start":{"line":182,"column":21},"end":{"line":182,"column":50}},"88":{"start":{"line":183,"column":6},"end":{"line":185,"column":7}},"89":{"start":{"line":184,"column":8},"end":{"line":184,"column":67}},"90":{"start":{"line":184,"column":33},"end":{"line":184,"column":64}},"91":{"start":{"line":187,"column":4},"end":{"line":187,"column":35}},"92":{"start":{"line":191,"column":21},"end":{"line":198,"column":3}},"93":{"start":{"line":192,"column":4},"end":{"line":192,"column":66}},"94":{"start":{"line":192,"column":29},"end":{"line":192,"column":63}},"95":{"start":{"line":193,"column":4},"end":{"line":193,"column":51}},"96":{"start":{"line":194,"column":4},"end":{"line":194,"column":36}},"97":{"start":{"line":195,"column":4},"end":{"line":195,"column":27}},"98":{"start":{"line":196,"column":4},"end":{"line":196,"column":69}},"99":{"start":{"line":197,"column":4},"end":{"line":197,"column":50}},"100":{"start":{"line":197,"column":21},"end":{"line":197,"column":42}},"101":{"start":{"line":201,"column":31},"end":{"line":219,"column":3}},"102":{"start":{"line":202,"column":4},"end":{"line":205,"column":5}},"103":{"start":{"line":203,"column":6},"end":{"line":203,"column":72}},"104":{"start":{"line":204,"column":6},"end":{"line":204,"column":13}},"105":{"start":{"line":207,"column":4},"end":{"line":207,"column":116}},"106":{"start":{"line":208,"column":4},"end":{"line":218,"column":5}},"107":{"start":{"line":209,"column":17},"end":{"line":209,"column":30}},"108":{"start":{"line":210,"column":22},"end":{"line":210,"column":77}},"109":{"start":{"line":211,"column":6},"end":{"line":213,"column":9}},"110":{"start":{"line":214,"column":6},"end":{"line":214,"column":128}},"111":{"start":{"line":217,"column":6},"end":{"line":217,"column":57}},"112":{"start":{"line":222,"column":24},"end":{"line":248,"column":3}},"113":{"start":{"line":223,"column":4},"end":{"line":226,"column":5}},"114":{"start":{"line":224,"column":6},"end":{"line":224,"column":77}},"115":{"start":{"line":225,"column":6},"end":{"line":225,"column":23}},"116":{"start":{"line":228,"column":4},"end":{"line":246,"column":5}},"117":{"start":{"line":229,"column":17},"end":{"line":229,"column":30}},"118":{"start":{"line":230,"column":22},"end":{"line":230,"column":77}},"119":{"start":{"line":231,"column":23},"end":{"line":231,"column":41}},"120":{"start":{"line":233,"column":6},"end":{"line":233,"column":47}},"121":{"start":{"line":233,"column":30},"end":{"line":233,"column":47}},"122":{"start":{"line":235,"column":20},"end":{"line":235,"column":34}},"123":{"start":{"line":237,"column":21},"end":{"line":237,"column":94}},"124":{"start":{"line":239,"column":6},"end":{"line":239,"column":38}},"125":{"start":{"line":239,"column":26},"end":{"line":239,"column":38}},"126":{"start":{"line":240,"column":6},"end":{"line":240,"column":39}},"127":{"start":{"line":240,"column":26},"end":{"line":240,"column":39}},"128":{"start":{"line":241,"column":6},"end":{"line":241,"column":23}},"129":{"start":{"line":244,"column":6},"end":{"line":244,"column":65}},"130":{"start":{"line":245,"column":6},"end":{"line":245,"column":23}},"131":{"start":{"line":250,"column":36},"end":{"line":253,"column":3}},"132":{"start":{"line":251,"column":4},"end":{"line":251,"column":36}},"133":{"start":{"line":252,"column":4},"end":{"line":252,"column":27}},"134":{"start":{"line":257,"column":25},"end":{"line":268,"column":3}},"135":{"start":{"line":258,"column":4},"end":{"line":266,"column":7}},"136":{"start":{"line":267,"column":4},"end":{"line":267,"column":35}},"137":{"start":{"line":272,"column":32},"end":{"line":284,"column":3}},"138":{"start":{"line":274,"column":4},"end":{"line":277,"column":5}},"139":{"start":{"line":275,"column":6},"end":{"line":275,"column":65}},"140":{"start":{"line":276,"column":6},"end":{"line":276,"column":13}},"141":{"start":{"line":279,"column":4},"end":{"line":279,"column":36}},"142":{"start":{"line":281,"column":4},"end":{"line":281,"column":36}},"143":{"start":{"line":282,"column":4},"end":{"line":282,"column":48}},"144":{"start":{"line":283,"column":4},"end":{"line":283,"column":50}},"145":{"start":{"line":283,"column":21},"end":{"line":283,"column":42}},"146":{"start":{"line":287,"column":26},"end":{"line":312,"column":3}},"147":{"start":{"line":289,"column":4},"end":{"line":289,"column":38}},"148":{"start":{"line":290,"column":15},"end":{"line":290,"column":28}},"149":{"start":{"line":291,"column":4},"end":{"line":303,"column":5}},"150":{"start":{"line":292,"column":6},"end":{"line":299,"column":9}},"151":{"start":{"line":300,"column":6},"end":{"line":300,"column":49}},"152":{"start":{"line":302,"column":6},"end":{"line":302,"column":57}},"153":{"start":{"line":305,"column":4},"end":{"line":308,"column":5}},"154":{"start":{"line":306,"column":6},"end":{"line":306,"column":46}},"155":{"start":{"line":307,"column":6},"end":{"line":307,"column":71}},"156":{"start":{"line":311,"column":4},"end":{"line":311,"column":57}},"157":{"start":{"line":315,"column":34},"end":{"line":333,"column":3}},"158":{"start":{"line":316,"column":4},"end":{"line":319,"column":5}},"159":{"start":{"line":317,"column":6},"end":{"line":317,"column":82}},"160":{"start":{"line":318,"column":6},"end":{"line":318,"column":13}},"161":{"start":{"line":321,"column":4},"end":{"line":332,"column":5}},"162":{"start":{"line":322,"column":17},"end":{"line":322,"column":30}},"163":{"start":{"line":323,"column":21},"end":{"line":323,"column":40}},"164":{"start":{"line":324,"column":6},"end":{"line":324,"column":88}},"165":{"start":{"line":325,"column":22},"end":{"line":325,"column":69}},"166":{"start":{"line":327,"column":6},"end":{"line":329,"column":9}},"167":{"start":{"line":331,"column":6},"end":{"line":331,"column":67}},"168":{"start":{"line":336,"column":29},"end":{"line":354,"column":3}},"169":{"start":{"line":337,"column":29},"end":{"line":337,"column":49}},"170":{"start":{"line":339,"column":4},"end":{"line":339,"column":53}},"171":{"start":{"line":340,"column":4},"end":{"line":340,"column":57}},"172":{"start":{"line":341,"column":4},"end":{"line":341,"column":35}},"173":{"start":{"line":342,"column":4},"end":{"line":342,"column":40}},"174":{"start":{"line":345,"column":30},"end":{"line":350,"column":5}},"175":{"start":{"line":352,"column":4},"end":{"line":352,"column":57}},"176":{"start":{"line":353,"column":4},"end":{"line":353,"column":22}},"177":{"start":{"line":356,"column":31},"end":{"line":358,"column":3}},"178":{"start":{"line":357,"column":4},"end":{"line":357,"column":36}},"179":{"start":{"line":361,"column":31},"end":{"line":377,"column":3}},"180":{"start":{"line":362,"column":4},"end":{"line":364,"column":5}},"181":{"start":{"line":363,"column":6},"end":{"line":363,"column":50}},"182":{"start":{"line":366,"column":19},"end":{"line":366,"column":39}},"183":{"start":{"line":368,"column":4},"end":{"line":370,"column":5}},"184":{"start":{"line":369,"column":6},"end":{"line":369,"column":49}},"185":{"start":{"line":372,"column":4},"end":{"line":374,"column":5}},"186":{"start":{"line":373,"column":6},"end":{"line":373,"column":48}},"187":{"start":{"line":375,"column":4},"end":{"line":375,"column":38}},"188":{"start":{"line":380,"column":2},"end":{"line":405,"column":4}}},"fnMap":{"0":{"name":"useEvents","decl":{"start":{"line":23,"column":16},"end":{"line":23,"column":25}},"loc":{"start":{"line":23,"column":28},"end":{"line":406,"column":1}},"line":23},"1":{"name":"(anonymous_1)","decl":{"start":{"line":26,"column":21},"end":{"line":26,"column":22}},"loc":{"start":{"line":26,"column":51},"end":{"line":33,"column":3}},"line":26},"2":{"name":"(anonymous_2)","decl":{"start":{"line":56,"column":12},"end":{"line":56,"column":13}},"loc":{"start":{"line":56,"column":18},"end":{"line":77,"column":3}},"line":56},"3":{"name":"(anonymous_3)","decl":{"start":{"line":59,"column":25},"end":{"line":59,"column":26}},"loc":{"start":{"line":59,"column":37},"end":{"line":70,"column":5}},"line":59},"4":{"name":"(anonymous_4)","decl":{"start":{"line":74,"column":11},"end":{"line":74,"column":12}},"loc":{"start":{"line":74,"column":17},"end":{"line":76,"column":5}},"line":74},"5":{"name":"(anonymous_5)","decl":{"start":{"line":80,"column":39},"end":{"line":80,"column":40}},"loc":{"start":{"line":80,"column":60},"end":{"line":84,"column":3}},"line":80},"6":{"name":"(anonymous_6)","decl":{"start":{"line":87,"column":40},"end":{"line":87,"column":41}},"loc":{"start":{"line":87,"column":46},"end":{"line":94,"column":3}},"line":87},"7":{"name":"(anonymous_7)","decl":{"start":{"line":89,"column":14},"end":{"line":89,"column":15}},"loc":{"start":{"line":89,"column":22},"end":{"line":89,"column":58}},"line":89},"8":{"name":"(anonymous_8)","decl":{"start":{"line":90,"column":12},"end":{"line":90,"column":13}},"loc":{"start":{"line":91,"column":8},"end":{"line":91,"column":43}},"line":91},"9":{"name":"(anonymous_9)","decl":{"start":{"line":98,"column":12},"end":{"line":98,"column":13}},"loc":{"start":{"line":98,"column":18},"end":{"line":137,"column":3}},"line":98},"10":{"name":"(anonymous_10)","decl":{"start":{"line":102,"column":45},"end":{"line":102,"column":46}},"loc":{"start":{"line":102,"column":59},"end":{"line":135,"column":5}},"line":102},"11":{"name":"(anonymous_11)","decl":{"start":{"line":113,"column":64},"end":{"line":113,"column":65}},"loc":{"start":{"line":113,"column":73},"end":{"line":131,"column":7}},"line":113},"12":{"name":"(anonymous_12)","decl":{"start":{"line":132,"column":16},"end":{"line":132,"column":17}},"loc":{"start":{"line":132,"column":43},"end":{"line":132,"column":57}},"line":132},"13":{"name":"(anonymous_13)","decl":{"start":{"line":136,"column":11},"end":{"line":136,"column":12}},"loc":{"start":{"line":136,"column":17},"end":{"line":136,"column":30}},"line":136},"14":{"name":"(anonymous_14)","decl":{"start":{"line":141,"column":12},"end":{"line":141,"column":13}},"loc":{"start":{"line":141,"column":18},"end":{"line":172,"column":3}},"line":141},"15":{"name":"(anonymous_15)","decl":{"start":{"line":152,"column":45},"end":{"line":152,"column":46}},"loc":{"start":{"line":152,"column":59},"end":{"line":167,"column":5}},"line":152},"16":{"name":"(anonymous_16)","decl":{"start":{"line":157,"column":39},"end":{"line":157,"column":40}},"loc":{"start":{"line":157,"column":65},"end":{"line":164,"column":7}},"line":157},"17":{"name":"(anonymous_17)","decl":{"start":{"line":169,"column":11},"end":{"line":169,"column":12}},"loc":{"start":{"line":169,"column":17},"end":{"line":171,"column":5}},"line":169},"18":{"name":"(anonymous_18)","decl":{"start":{"line":179,"column":27},"end":{"line":179,"column":28}},"loc":{"start":{"line":179,"column":51},"end":{"line":188,"column":3}},"line":179},"19":{"name":"(anonymous_19)","decl":{"start":{"line":184,"column":22},"end":{"line":184,"column":23}},"loc":{"start":{"line":184,"column":33},"end":{"line":184,"column":64}},"line":184},"20":{"name":"(anonymous_20)","decl":{"start":{"line":191,"column":21},"end":{"line":191,"column":22}},"loc":{"start":{"line":191,"column":63},"end":{"line":198,"column":3}},"line":191},"21":{"name":"(anonymous_21)","decl":{"start":{"line":192,"column":18},"end":{"line":192,"column":19}},"loc":{"start":{"line":192,"column":29},"end":{"line":192,"column":63}},"line":192},"22":{"name":"(anonymous_22)","decl":{"start":{"line":197,"column":15},"end":{"line":197,"column":16}},"loc":{"start":{"line":197,"column":21},"end":{"line":197,"column":42}},"line":197},"23":{"name":"(anonymous_23)","decl":{"start":{"line":201,"column":31},"end":{"line":201,"column":32}},"loc":{"start":{"line":201,"column":79},"end":{"line":219,"column":3}},"line":201},"24":{"name":"(anonymous_24)","decl":{"start":{"line":222,"column":24},"end":{"line":222,"column":25}},"loc":{"start":{"line":222,"column":81},"end":{"line":248,"column":3}},"line":222},"25":{"name":"(anonymous_25)","decl":{"start":{"line":250,"column":36},"end":{"line":250,"column":37}},"loc":{"start":{"line":250,"column":42},"end":{"line":253,"column":3}},"line":250},"26":{"name":"(anonymous_26)","decl":{"start":{"line":257,"column":25},"end":{"line":257,"column":26}},"loc":{"start":{"line":257,"column":31},"end":{"line":268,"column":3}},"line":257},"27":{"name":"(anonymous_27)","decl":{"start":{"line":272,"column":32},"end":{"line":272,"column":33}},"loc":{"start":{"line":272,"column":44},"end":{"line":284,"column":3}},"line":272},"28":{"name":"(anonymous_28)","decl":{"start":{"line":283,"column":15},"end":{"line":283,"column":16}},"loc":{"start":{"line":283,"column":21},"end":{"line":283,"column":42}},"line":283},"29":{"name":"(anonymous_29)","decl":{"start":{"line":287,"column":26},"end":{"line":287,"column":27}},"loc":{"start":{"line":287,"column":50},"end":{"line":312,"column":3}},"line":287},"30":{"name":"(anonymous_30)","decl":{"start":{"line":315,"column":34},"end":{"line":315,"column":35}},"loc":{"start":{"line":315,"column":61},"end":{"line":333,"column":3}},"line":315},"31":{"name":"(anonymous_31)","decl":{"start":{"line":336,"column":29},"end":{"line":336,"column":30}},"loc":{"start":{"line":336,"column":47},"end":{"line":354,"column":3}},"line":336},"32":{"name":"(anonymous_32)","decl":{"start":{"line":356,"column":31},"end":{"line":356,"column":32}},"loc":{"start":{"line":356,"column":37},"end":{"line":358,"column":3}},"line":356},"33":{"name":"(anonymous_33)","decl":{"start":{"line":361,"column":31},"end":{"line":361,"column":32}},"loc":{"start":{"line":361,"column":87},"end":{"line":377,"column":3}},"line":361}},"branchMap":{"0":{"loc":{"start":{"line":27,"column":17},"end":{"line":27,"column":56}},"type":"cond-expr","locations":[{"start":{"line":27,"column":41},"end":{"line":27,"column":52}},{"start":{"line":27,"column":55},"end":{"line":27,"column":56}}],"line":27},"1":{"loc":{"start":{"line":28,"column":4},"end":{"line":31,"column":5}},"type":"if","locations":[{"start":{"line":28,"column":4},"end":{"line":31,"column":5}},{"start":{},"end":{}}],"line":28},"2":{"loc":{"start":{"line":62,"column":8},"end":{"line":66,"column":9}},"type":"if","locations":[{"start":{"line":62,"column":8},"end":{"line":66,"column":9}},{"start":{},"end":{}}],"line":62},"3":{"loc":{"start":{"line":106,"column":6},"end":{"line":110,"column":7}},"type":"if","locations":[{"start":{"line":106,"column":6},"end":{"line":110,"column":7}},{"start":{},"end":{}}],"line":106},"4":{"loc":{"start":{"line":118,"column":8},"end":{"line":121,"column":9}},"type":"if","locations":[{"start":{"line":118,"column":8},"end":{"line":121,"column":9}},{"start":{},"end":{}}],"line":118},"5":{"loc":{"start":{"line":129,"column":16},"end":{"line":129,"column":63}},"type":"cond-expr","locations":[{"start":{"line":129,"column":43},"end":{"line":129,"column":54}},{"start":{"line":129,"column":57},"end":{"line":129,"column":63}}],"line":129},"6":{"loc":{"start":{"line":142,"column":4},"end":{"line":142,"column":32}},"type":"if","locations":[{"start":{"line":142,"column":4},"end":{"line":142,"column":32}},{"start":{},"end":{}}],"line":142},"7":{"loc":{"start":{"line":145,"column":4},"end":{"line":148,"column":5}},"type":"if","locations":[{"start":{"line":145,"column":4},"end":{"line":148,"column":5}},{"start":{},"end":{}}],"line":145},"8":{"loc":{"start":{"line":153,"column":23},"end":{"line":153,"column":43}},"type":"binary-expr","locations":[{"start":{"line":153,"column":23},"end":{"line":153,"column":37}},{"start":{"line":153,"column":41},"end":{"line":153,"column":43}}],"line":153},"9":{"loc":{"start":{"line":158,"column":44},"end":{"line":158,"column":80}},"type":"binary-expr","locations":[{"start":{"line":158,"column":44},"end":{"line":158,"column":74}},{"start":{"line":158,"column":78},"end":{"line":158,"column":80}}],"line":158},"10":{"loc":{"start":{"line":162,"column":8},"end":{"line":162,"column":59}},"type":"if","locations":[{"start":{"line":162,"column":8},"end":{"line":162,"column":59}},{"start":{},"end":{}}],"line":162},"11":{"loc":{"start":{"line":163,"column":8},"end":{"line":163,"column":60}},"type":"if","locations":[{"start":{"line":163,"column":8},"end":{"line":163,"column":60}},{"start":{},"end":{}}],"line":163},"12":{"loc":{"start":{"line":181,"column":4},"end":{"line":186,"column":5}},"type":"if","locations":[{"start":{"line":181,"column":4},"end":{"line":186,"column":5}},{"start":{},"end":{}}],"line":181},"13":{"loc":{"start":{"line":183,"column":6},"end":{"line":185,"column":7}},"type":"if","locations":[{"start":{"line":183,"column":6},"end":{"line":185,"column":7}},{"start":{},"end":{}}],"line":183},"14":{"loc":{"start":{"line":196,"column":20},"end":{"line":196,"column":67}},"type":"cond-expr","locations":[{"start":{"line":196,"column":33},"end":{"line":196,"column":49}},{"start":{"line":196,"column":52},"end":{"line":196,"column":67}}],"line":196},"15":{"loc":{"start":{"line":202,"column":4},"end":{"line":205,"column":5}},"type":"if","locations":[{"start":{"line":202,"column":4},"end":{"line":205,"column":5}},{"start":{},"end":{}}],"line":202},"16":{"loc":{"start":{"line":212,"column":16},"end":{"line":212,"column":38}},"type":"cond-expr","locations":[{"start":{"line":212,"column":29},"end":{"line":212,"column":32}},{"start":{"line":212,"column":35},"end":{"line":212,"column":38}}],"line":212},"17":{"loc":{"start":{"line":214,"column":102},"end":{"line":214,"column":124}},"type":"cond-expr","locations":[{"start":{"line":214,"column":115},"end":{"line":214,"column":118}},{"start":{"line":214,"column":121},"end":{"line":214,"column":124}}],"line":214},"18":{"loc":{"start":{"line":223,"column":4},"end":{"line":226,"column":5}},"type":"if","locations":[{"start":{"line":223,"column":4},"end":{"line":226,"column":5}},{"start":{},"end":{}}],"line":223},"19":{"loc":{"start":{"line":233,"column":6},"end":{"line":233,"column":47}},"type":"if","locations":[{"start":{"line":233,"column":6},"end":{"line":233,"column":47}},{"start":{},"end":{}}],"line":233},"20":{"loc":{"start":{"line":237,"column":21},"end":{"line":237,"column":94}},"type":"cond-expr","locations":[{"start":{"line":237,"column":70},"end":{"line":237,"column":82}},{"start":{"line":237,"column":85},"end":{"line":237,"column":94}}],"line":237},"21":{"loc":{"start":{"line":237,"column":21},"end":{"line":237,"column":67}},"type":"binary-expr","locations":[{"start":{"line":237,"column":21},"end":{"line":237,"column":46}},{"start":{"line":237,"column":50},"end":{"line":237,"column":67}}],"line":237},"22":{"loc":{"start":{"line":239,"column":6},"end":{"line":239,"column":38}},"type":"if","locations":[{"start":{"line":239,"column":6},"end":{"line":239,"column":38}},{"start":{},"end":{}}],"line":239},"23":{"loc":{"start":{"line":240,"column":6},"end":{"line":240,"column":39}},"type":"if","locations":[{"start":{"line":240,"column":6},"end":{"line":240,"column":39}},{"start":{},"end":{}}],"line":240},"24":{"loc":{"start":{"line":274,"column":4},"end":{"line":277,"column":5}},"type":"if","locations":[{"start":{"line":274,"column":4},"end":{"line":277,"column":5}},{"start":{},"end":{}}],"line":274},"25":{"loc":{"start":{"line":274,"column":8},"end":{"line":274,"column":99}},"type":"binary-expr","locations":[{"start":{"line":274,"column":8},"end":{"line":274,"column":23}},{"start":{"line":274,"column":27},"end":{"line":274,"column":41}},{"start":{"line":274,"column":45},"end":{"line":274,"column":59}},{"start":{"line":274,"column":63},"end":{"line":274,"column":81}},{"start":{"line":274,"column":85},"end":{"line":274,"column":99}}],"line":274},"26":{"loc":{"start":{"line":298,"column":19},"end":{"line":298,"column":64}},"type":"cond-expr","locations":[{"start":{"line":298,"column":48},"end":{"line":298,"column":54}},{"start":{"line":298,"column":57},"end":{"line":298,"column":64}}],"line":298},"27":{"loc":{"start":{"line":305,"column":4},"end":{"line":308,"column":5}},"type":"if","locations":[{"start":{"line":305,"column":4},"end":{"line":308,"column":5}},{"start":{},"end":{}}],"line":305},"28":{"loc":{"start":{"line":316,"column":4},"end":{"line":319,"column":5}},"type":"if","locations":[{"start":{"line":316,"column":4},"end":{"line":319,"column":5}},{"start":{},"end":{}}],"line":316},"29":{"loc":{"start":{"line":362,"column":4},"end":{"line":364,"column":5}},"type":"if","locations":[{"start":{"line":362,"column":4},"end":{"line":364,"column":5}},{"start":{},"end":{}}],"line":362},"30":{"loc":{"start":{"line":368,"column":4},"end":{"line":370,"column":5}},"type":"if","locations":[{"start":{"line":368,"column":4},"end":{"line":370,"column":5}},{"start":{},"end":{}}],"line":368},"31":{"loc":{"start":{"line":372,"column":4},"end":{"line":374,"column":5}},"type":"if","locations":[{"start":{"line":372,"column":4},"end":{"line":374,"column":5}},{"start":{},"end":{}}],"line":372}},"s":{"0":109,"1":141,"2":141,"3":0,"4":0,"5":141,"6":109,"7":109,"8":109,"9":109,"10":109,"11":109,"12":109,"13":109,"14":109,"15":109,"16":109,"17":21,"18":21,"19":21,"20":21,"21":20,"22":20,"23":20,"24":20,"25":1,"26":21,"27":21,"28":21,"29":109,"30":18,"31":18,"32":18,"33":109,"34":45,"35":9,"36":1,"37":109,"38":21,"39":21,"40":21,"41":23,"42":23,"43":23,"44":1,"45":1,"46":1,"47":22,"48":7,"49":7,"50":7,"51":7,"52":1,"53":1,"54":6,"55":7,"56":22,"57":22,"58":21,"59":21,"60":109,"61":39,"62":21,"63":18,"64":18,"65":0,"66":0,"67":18,"68":18,"69":18,"70":18,"71":18,"72":18,"73":18,"74":5,"75":5,"76":5,"77":2,"78":5,"79":2,"80":18,"81":18,"82":18,"83":18,"84":109,"85":4,"86":4,"87":3,"88":3,"89":2,"90":2,"91":4,"92":109,"93":4,"94":4,"95":4,"96":4,"97":4,"98":4,"99":4,"100":4,"101":109,"102":4,"103":1,"104":1,"105":3,"106":3,"107":3,"108":3,"109":3,"110":2,"111":1,"112":109,"113":3,"114":0,"115":0,"116":3,"117":3,"118":3,"119":3,"120":3,"121":0,"122":3,"123":3,"124":3,"125":1,"126":2,"127":1,"128":1,"129":0,"130":0,"131":109,"132":1,"133":1,"134":109,"135":2,"136":2,"137":109,"138":6,"139":1,"140":1,"141":5,"142":5,"143":5,"144":5,"145":4,"146":109,"147":5,"148":5,"149":5,"150":5,"151":5,"152":0,"153":5,"154":3,"155":3,"156":5,"157":109,"158":3,"159":1,"160":1,"161":2,"162":2,"163":2,"164":2,"165":2,"166":2,"167":1,"168":109,"169":5,"170":5,"171":5,"172":5,"173":5,"174":5,"175":5,"176":5,"177":109,"178":1,"179":109,"180":4,"181":1,"182":3,"183":3,"184":1,"185":2,"186":1,"187":1,"188":109},"f":{"0":109,"1":141,"2":21,"3":21,"4":21,"5":18,"6":45,"7":9,"8":1,"9":21,"10":23,"11":7,"12":7,"13":21,"14":39,"15":18,"16":5,"17":18,"18":4,"19":2,"20":4,"21":4,"22":4,"23":4,"24":3,"25":1,"26":2,"27":6,"28":4,"29":5,"30":3,"31":5,"32":1,"33":4},"b":{"0":[0,141],"1":[0,141],"2":[20,0],"3":[1,22],"4":[1,6],"5":[1,5],"6":[21,18],"7":[0,18],"8":[18,16],"9":[5,0],"10":[2,3],"11":[2,3],"12":[3,1],"13":[2,1],"14":[3,1],"15":[1,3],"16":[2,1],"17":[1,1],"18":[0,3],"19":[0,3],"20":[2,1],"21":[3,3],"22":[1,2],"23":[1,1],"24":[1,5],"25":[6,5,5,5,5],"26":[2,3],"27":[3,2],"28":[1,2],"29":[1,3],"30":[1,2],"31":[1,1]},"_coverageSchema":"1a1c01bbd47fc00a2c39e90264f33305004495a9","hash":"c6b6769c6225c7570430448a41602a8b15992262"}
,"C:\\Users\\jewel\\Spring26_classes\\SeniorSem\\cadetlinks\\CadetLinks\\src\\navigation\\screens\\HomePage\\HomeLogic.tsx": {"path":"C:\\Users\\jewel\\Spring26_classes\\SeniorSem\\cadetlinks\\CadetLinks\\src\\navigation\\screens\\HomePage\\HomeLogic.tsx","statementMap":{"0":{"start":{"line":14,"column":30},"end":{"line":14,"column":34}},"1":{"start":{"line":18,"column":21},"end":{"line":18,"column":36}},"2":{"start":{"line":19,"column":36},"end":{"line":19,"column":57}},"3":{"start":{"line":20,"column":56},"end":{"line":26,"column":1}},"4":{"start":{"line":28,"column":29},"end":{"line":40,"column":3}},"5":{"start":{"line":29,"column":31},"end":{"line":29,"column":69}},"6":{"start":{"line":30,"column":50},"end":{"line":32,"column":18}},"7":{"start":{"line":34,"column":22},"end":{"line":34,"column":92}},"8":{"start":{"line":35,"column":4},"end":{"line":37,"column":5}},"9":{"start":{"line":36,"column":6},"end":{"line":36,"column":18}},"10":{"start":{"line":39,"column":4},"end":{"line":39,"column":21}},"11":{"start":{"line":42,"column":2},"end":{"line":77,"column":9}},"12":{"start":{"line":43,"column":22},"end":{"line":43,"column":39}},"13":{"start":{"line":45,"column":24},"end":{"line":74,"column":6}},"14":{"start":{"line":46,"column":25},"end":{"line":46,"column":39}},"15":{"start":{"line":47,"column":6},"end":{"line":50,"column":7}},"16":{"start":{"line":48,"column":8},"end":{"line":48,"column":25}},"17":{"start":{"line":49,"column":8},"end":{"line":49,"column":15}},"18":{"start":{"line":52,"column":36},"end":{"line":71,"column":58}},"19":{"start":{"line":54,"column":24},"end":{"line":54,"column":39}},"20":{"start":{"line":55,"column":35},"end":{"line":55,"column":77}},"21":{"start":{"line":57,"column":10},"end":{"line":59,"column":11}},"22":{"start":{"line":58,"column":12},"end":{"line":58,"column":24}},"23":{"start":{"line":61,"column":10},"end":{"line":69,"column":12}},"24":{"start":{"line":71,"column":43},"end":{"line":71,"column":57}},"25":{"start":{"line":73,"column":6},"end":{"line":73,"column":33}},"26":{"start":{"line":76,"column":4},"end":{"line":76,"column":31}},"27":{"start":{"line":76,"column":17},"end":{"line":76,"column":30}},"28":{"start":{"line":79,"column":25},"end":{"line":95,"column":17}},"29":{"start":{"line":80,"column":16},"end":{"line":80,"column":26}},"30":{"start":{"line":81,"column":23},"end":{"line":81,"column":93}},"31":{"start":{"line":82,"column":41},"end":{"line":90,"column":5}},"32":{"start":{"line":92,"column":4},"end":{"line":94,"column":59}},"33":{"start":{"line":93,"column":25},"end":{"line":93,"column":94}},"34":{"start":{"line":94,"column":22},"end":{"line":94,"column":57}},"35":{"start":{"line":97,"column":2},"end":{"line":148,"column":9}},"36":{"start":{"line":99,"column":26},"end":{"line":146,"column":5}},"37":{"start":{"line":100,"column":6},"end":{"line":145,"column":7}},"38":{"start":{"line":101,"column":31},"end":{"line":101,"column":76}},"39":{"start":{"line":102,"column":8},"end":{"line":105,"column":9}},"40":{"start":{"line":103,"column":10},"end":{"line":103,"column":60}},"41":{"start":{"line":104,"column":10},"end":{"line":104,"column":17}},"42":{"start":{"line":106,"column":27},"end":{"line":106,"column":62}},"43":{"start":{"line":108,"column":25},"end":{"line":108,"column":46}},"44":{"start":{"line":110,"column":8},"end":{"line":113,"column":9}},"45":{"start":{"line":111,"column":10},"end":{"line":111,"column":44}},"46":{"start":{"line":112,"column":10},"end":{"line":112,"column":17}},"47":{"start":{"line":115,"column":8},"end":{"line":115,"column":59}},"48":{"start":{"line":116,"column":8},"end":{"line":116,"column":37}},"49":{"start":{"line":118,"column":26},"end":{"line":118,"column":40}},"50":{"start":{"line":122,"column":20},"end":{"line":122,"column":33}},"51":{"start":{"line":124,"column":31},"end":{"line":124,"column":67}},"52":{"start":{"line":125,"column":32},"end":{"line":125,"column":57}},"53":{"start":{"line":127,"column":8},"end":{"line":127,"column":77}},"54":{"start":{"line":129,"column":8},"end":{"line":131,"column":9}},"55":{"start":{"line":130,"column":12},"end":{"line":130,"column":19}},"56":{"start":{"line":133,"column":28},"end":{"line":133,"column":65}},"57":{"start":{"line":135,"column":8},"end":{"line":141,"column":11}},"58":{"start":{"line":136,"column":27},"end":{"line":136,"column":40}},"59":{"start":{"line":137,"column":12},"end":{"line":139,"column":15}},"60":{"start":{"line":138,"column":16},"end":{"line":138,"column":49}},"61":{"start":{"line":140,"column":12},"end":{"line":140,"column":26}},"62":{"start":{"line":144,"column":8},"end":{"line":144,"column":59}},"63":{"start":{"line":147,"column":4},"end":{"line":147,"column":20}},"64":{"start":{"line":153,"column":2},"end":{"line":165,"column":19}},"65":{"start":{"line":154,"column":4},"end":{"line":154,"column":75}},"66":{"start":{"line":154,"column":68},"end":{"line":154,"column":75}},"67":{"start":{"line":156,"column":4},"end":{"line":164,"column":7}},"68":{"start":{"line":158,"column":8},"end":{"line":162,"column":27}},"69":{"start":{"line":159,"column":25},"end":{"line":159,"column":56}},"70":{"start":{"line":168,"column":24},"end":{"line":174,"column":3}},"71":{"start":{"line":176,"column":24},"end":{"line":178,"column":3}},"72":{"start":{"line":177,"column":4},"end":{"line":177,"column":56}},"73":{"start":{"line":180,"column":2},"end":{"line":186,"column":4}}},"fnMap":{"0":{"name":"useHomeLogic","decl":{"start":{"line":17,"column":16},"end":{"line":17,"column":28}},"loc":{"start":{"line":17,"column":31},"end":{"line":188,"column":1}},"line":17},"1":{"name":"(anonymous_1)","decl":{"start":{"line":28,"column":29},"end":{"line":28,"column":30}},"loc":{"start":{"line":28,"column":80},"end":{"line":40,"column":3}},"line":28},"2":{"name":"(anonymous_2)","decl":{"start":{"line":42,"column":12},"end":{"line":42,"column":13}},"loc":{"start":{"line":42,"column":18},"end":{"line":77,"column":3}},"line":42},"3":{"name":"(anonymous_3)","decl":{"start":{"line":45,"column":43},"end":{"line":45,"column":44}},"loc":{"start":{"line":45,"column":57},"end":{"line":74,"column":5}},"line":45},"4":{"name":"(anonymous_4)","decl":{"start":{"line":53,"column":13},"end":{"line":53,"column":14}},"loc":{"start":{"line":53,"column":22},"end":{"line":70,"column":9}},"line":53},"5":{"name":"(anonymous_5)","decl":{"start":{"line":71,"column":16},"end":{"line":71,"column":17}},"loc":{"start":{"line":71,"column":43},"end":{"line":71,"column":57}},"line":71},"6":{"name":"(anonymous_6)","decl":{"start":{"line":76,"column":11},"end":{"line":76,"column":12}},"loc":{"start":{"line":76,"column":17},"end":{"line":76,"column":30}},"line":76},"7":{"name":"(anonymous_7)","decl":{"start":{"line":79,"column":33},"end":{"line":79,"column":34}},"loc":{"start":{"line":79,"column":39},"end":{"line":95,"column":3}},"line":79},"8":{"name":"(anonymous_8)","decl":{"start":{"line":93,"column":14},"end":{"line":93,"column":15}},"loc":{"start":{"line":93,"column":25},"end":{"line":93,"column":94}},"line":93},"9":{"name":"(anonymous_9)","decl":{"start":{"line":94,"column":12},"end":{"line":94,"column":13}},"loc":{"start":{"line":94,"column":22},"end":{"line":94,"column":57}},"line":94},"10":{"name":"(anonymous_10)","decl":{"start":{"line":97,"column":12},"end":{"line":97,"column":13}},"loc":{"start":{"line":97,"column":18},"end":{"line":148,"column":3}},"line":97},"11":{"name":"(anonymous_11)","decl":{"start":{"line":99,"column":26},"end":{"line":99,"column":27}},"loc":{"start":{"line":99,"column":36},"end":{"line":146,"column":5}},"line":99},"12":{"name":"(anonymous_12)","decl":{"start":{"line":135,"column":31},"end":{"line":135,"column":32}},"loc":{"start":{"line":135,"column":39},"end":{"line":141,"column":9}},"line":135},"13":{"name":"(anonymous_13)","decl":{"start":{"line":137,"column":32},"end":{"line":137,"column":33}},"loc":{"start":{"line":137,"column":51},"end":{"line":139,"column":13}},"line":137},"14":{"name":"(anonymous_14)","decl":{"start":{"line":153,"column":18},"end":{"line":153,"column":19}},"loc":{"start":{"line":153,"column":24},"end":{"line":165,"column":3}},"line":153},"15":{"name":"(anonymous_15)","decl":{"start":{"line":157,"column":19},"end":{"line":157,"column":20}},"loc":{"start":{"line":158,"column":8},"end":{"line":162,"column":27}},"line":158},"16":{"name":"(anonymous_16)","decl":{"start":{"line":159,"column":19},"end":{"line":159,"column":20}},"loc":{"start":{"line":159,"column":25},"end":{"line":159,"column":56}},"line":159},"17":{"name":"(anonymous_17)","decl":{"start":{"line":176,"column":24},"end":{"line":176,"column":25}},"loc":{"start":{"line":176,"column":57},"end":{"line":178,"column":3}},"line":176}},"branchMap":{"0":{"loc":{"start":{"line":30,"column":11},"end":{"line":30,"column":20}},"type":"default-arg","locations":[{"start":{"line":30,"column":19},"end":{"line":30,"column":20}}],"line":30},"1":{"loc":{"start":{"line":30,"column":22},"end":{"line":30,"column":33}},"type":"default-arg","locations":[{"start":{"line":30,"column":32},"end":{"line":30,"column":33}}],"line":30},"2":{"loc":{"start":{"line":30,"column":35},"end":{"line":30,"column":46}},"type":"default-arg","locations":[{"start":{"line":30,"column":45},"end":{"line":30,"column":46}}],"line":30},"3":{"loc":{"start":{"line":30,"column":57},"end":{"line":30,"column":78}},"type":"binary-expr","locations":[{"start":{"line":30,"column":57},"end":{"line":30,"column":64}},{"start":{"line":30,"column":68},"end":{"line":30,"column":78}}],"line":30},"4":{"loc":{"start":{"line":34,"column":38},"end":{"line":34,"column":48}},"type":"binary-expr","locations":[{"start":{"line":34,"column":38},"end":{"line":34,"column":43}},{"start":{"line":34,"column":47},"end":{"line":34,"column":48}}],"line":34},"5":{"loc":{"start":{"line":34,"column":55},"end":{"line":34,"column":63}},"type":"binary-expr","locations":[{"start":{"line":34,"column":55},"end":{"line":34,"column":58}},{"start":{"line":34,"column":62},"end":{"line":34,"column":63}}],"line":34},"6":{"loc":{"start":{"line":35,"column":4},"end":{"line":37,"column":5}},"type":"if","locations":[{"start":{"line":35,"column":4},"end":{"line":37,"column":5}},{"start":{},"end":{}}],"line":35},"7":{"loc":{"start":{"line":47,"column":6},"end":{"line":50,"column":7}},"type":"if","locations":[{"start":{"line":47,"column":6},"end":{"line":50,"column":7}},{"start":{},"end":{}}],"line":47},"8":{"loc":{"start":{"line":57,"column":10},"end":{"line":59,"column":11}},"type":"if","locations":[{"start":{"line":57,"column":10},"end":{"line":59,"column":11}},{"start":{},"end":{}}],"line":57},"9":{"loc":{"start":{"line":68,"column":18},"end":{"line":68,"column":95}},"type":"cond-expr","locations":[{"start":{"line":68,"column":75},"end":{"line":68,"column":86}},{"start":{"line":68,"column":89},"end":{"line":68,"column":95}}],"line":68},"10":{"loc":{"start":{"line":68,"column":18},"end":{"line":68,"column":72}},"type":"binary-expr","locations":[{"start":{"line":68,"column":18},"end":{"line":68,"column":42}},{"start":{"line":68,"column":46},"end":{"line":68,"column":72}}],"line":68},"11":{"loc":{"start":{"line":93,"column":25},"end":{"line":93,"column":94}},"type":"binary-expr","locations":[{"start":{"line":93,"column":25},"end":{"line":93,"column":49}},{"start":{"line":93,"column":53},"end":{"line":93,"column":94}}],"line":93},"12":{"loc":{"start":{"line":102,"column":8},"end":{"line":105,"column":9}},"type":"if","locations":[{"start":{"line":102,"column":8},"end":{"line":105,"column":9}},{"start":{},"end":{}}],"line":102},"13":{"loc":{"start":{"line":110,"column":8},"end":{"line":113,"column":9}},"type":"if","locations":[{"start":{"line":110,"column":8},"end":{"line":113,"column":9}},{"start":{},"end":{}}],"line":110},"14":{"loc":{"start":{"line":129,"column":8},"end":{"line":131,"column":9}},"type":"if","locations":[{"start":{"line":129,"column":8},"end":{"line":131,"column":9}},{"start":{},"end":{}}],"line":129},"15":{"loc":{"start":{"line":154,"column":4},"end":{"line":154,"column":75}},"type":"if","locations":[{"start":{"line":154,"column":4},"end":{"line":154,"column":75}},{"start":{},"end":{}}],"line":154},"16":{"loc":{"start":{"line":154,"column":8},"end":{"line":154,"column":66}},"type":"binary-expr","locations":[{"start":{"line":154,"column":8},"end":{"line":154,"column":19}},{"start":{"line":154,"column":23},"end":{"line":154,"column":66}}],"line":154},"17":{"loc":{"start":{"line":177,"column":11},"end":{"line":177,"column":55}},"type":"binary-expr","locations":[{"start":{"line":177,"column":11},"end":{"line":177,"column":46}},{"start":{"line":177,"column":50},"end":{"line":177,"column":55}}],"line":177}},"s":{"0":1,"1":28,"2":28,"3":28,"4":28,"5":6,"6":6,"7":6,"8":6,"9":1,"10":5,"11":28,"12":10,"13":10,"14":11,"15":11,"16":7,"17":7,"18":4,"19":6,"20":6,"21":6,"22":1,"23":5,"24":6,"25":4,"26":10,"27":10,"28":28,"29":21,"30":21,"31":21,"32":21,"33":5,"34":2,"35":28,"36":10,"37":10,"38":10,"39":10,"40":1,"41":1,"42":9,"43":9,"44":8,"45":4,"46":4,"47":4,"48":4,"49":4,"50":4,"51":4,"52":4,"53":4,"54":4,"55":1,"56":3,"57":3,"58":3,"59":3,"60":4,"61":3,"62":1,"63":10,"64":28,"65":10,"66":1,"67":9,"68":1,"69":1,"70":28,"71":28,"72":18,"73":28},"f":{"0":28,"1":6,"2":10,"3":11,"4":6,"5":6,"6":10,"7":21,"8":5,"9":2,"10":10,"11":10,"12":3,"13":4,"14":10,"15":1,"16":1,"17":18},"b":{"0":[0],"1":[0],"2":[0],"3":[6,0],"4":[6,0],"5":[6,0],"6":[1,5],"7":[7,4],"8":[1,5],"9":[2,3],"10":[5,4],"11":[5,5],"12":[1,9],"13":[4,4],"14":[1,3],"15":[1,9],"16":[10,10],"17":[18,14]},"_coverageSchema":"1a1c01bbd47fc00a2c39e90264f33305004495a9","hash":"786beb65882644cd8644c5ad63b2349a7f405e19"}
,"C:\\Users\\jewel\\Spring26_classes\\SeniorSem\\cadetlinks\\CadetLinks\\src\\navigation\\screens\\JobsPage\\AttendanceLogic.tsx": {"path":"C:\\Users\\jewel\\Spring26_classes\\SeniorSem\\cadetlinks\\CadetLinks\\src\\navigation\\screens\\JobsPage\\AttendanceLogic.tsx","statementMap":{"0":{"start":{"line":31,"column":2},"end":{"line":31,"column":55}},"1":{"start":{"line":35,"column":14},"end":{"line":35,"column":24}},"2":{"start":{"line":36,"column":15},"end":{"line":36,"column":32}},"3":{"start":{"line":37,"column":16},"end":{"line":37,"column":59}},"4":{"start":{"line":38,"column":14},"end":{"line":38,"column":52}},"5":{"start":{"line":39,"column":2},"end":{"line":39,"column":35}},"6":{"start":{"line":43,"column":15},"end":{"line":43,"column":46}},"7":{"start":{"line":45,"column":2},"end":{"line":45,"column":39}},"8":{"start":{"line":45,"column":27},"end":{"line":45,"column":39}},"9":{"start":{"line":46,"column":2},"end":{"line":46,"column":67}},"10":{"start":{"line":46,"column":53},"end":{"line":46,"column":67}},"11":{"start":{"line":48,"column":2},"end":{"line":48,"column":14}},"12":{"start":{"line":52,"column":40},"end":{"line":52,"column":65}},"13":{"start":{"line":53,"column":36},"end":{"line":53,"column":65}},"14":{"start":{"line":54,"column":62},"end":{"line":54,"column":77}},"15":{"start":{"line":55,"column":62},"end":{"line":55,"column":77}},"16":{"start":{"line":56,"column":48},"end":{"line":56,"column":68}},"17":{"start":{"line":57,"column":52},"end":{"line":57,"column":67}},"18":{"start":{"line":58,"column":50},"end":{"line":58,"column":65}},"19":{"start":{"line":59,"column":54},"end":{"line":59,"column":69}},"20":{"start":{"line":60,"column":56},"end":{"line":60,"column":89}},"21":{"start":{"line":62,"column":24},"end":{"line":65,"column":3}},"22":{"start":{"line":63,"column":10},"end":{"line":63,"column":67}},"23":{"start":{"line":63,"column":38},"end":{"line":63,"column":66}},"24":{"start":{"line":67,"column":28},"end":{"line":72,"column":3}},"25":{"start":{"line":69,"column":6},"end":{"line":70,"column":15}},"26":{"start":{"line":69,"column":60},"end":{"line":69,"column":74}},"27":{"start":{"line":74,"column":26},"end":{"line":79,"column":3}},"28":{"start":{"line":76,"column":6},"end":{"line":77,"column":15}},"29":{"start":{"line":76,"column":60},"end":{"line":76,"column":74}},"30":{"start":{"line":82,"column":4},"end":{"line":82,"column":36}},"31":{"start":{"line":84,"column":4},"end":{"line":130,"column":5}},"32":{"start":{"line":85,"column":20},"end":{"line":85,"column":36}},"33":{"start":{"line":87,"column":24},"end":{"line":87,"column":41}},"34":{"start":{"line":88,"column":25},"end":{"line":88,"column":45}},"35":{"start":{"line":89,"column":25},"end":{"line":89,"column":78}},"36":{"start":{"line":91,"column":27},"end":{"line":100,"column":67}},"37":{"start":{"line":93,"column":46},"end":{"line":93,"column":51}},"38":{"start":{"line":94,"column":10},"end":{"line":97,"column":12}},"39":{"start":{"line":99,"column":27},"end":{"line":99,"column":68}},"40":{"start":{"line":100,"column":24},"end":{"line":100,"column":66}},"41":{"start":{"line":102,"column":6},"end":{"line":102,"column":35}},"42":{"start":{"line":104,"column":24},"end":{"line":104,"column":41}},"43":{"start":{"line":105,"column":25},"end":{"line":105,"column":45}},"44":{"start":{"line":106,"column":25},"end":{"line":106,"column":81}},"45":{"start":{"line":108,"column":24},"end":{"line":122,"column":61}},"46":{"start":{"line":110,"column":28},"end":{"line":110,"column":49}},"47":{"start":{"line":111,"column":27},"end":{"line":111,"column":47}},"48":{"start":{"line":112,"column":27},"end":{"line":112,"column":67}},"49":{"start":{"line":114,"column":10},"end":{"line":120,"column":12}},"50":{"start":{"line":122,"column":24},"end":{"line":122,"column":60}},"51":{"start":{"line":124,"column":6},"end":{"line":124,"column":30}},"52":{"start":{"line":126,"column":6},"end":{"line":126,"column":65}},"53":{"start":{"line":127,"column":6},"end":{"line":127,"column":14}},"54":{"start":{"line":129,"column":6},"end":{"line":129,"column":39}},"55":{"start":{"line":133,"column":30},"end":{"line":143,"column":3}},"56":{"start":{"line":134,"column":4},"end":{"line":142,"column":5}},"57":{"start":{"line":135,"column":6},"end":{"line":135,"column":38}},"58":{"start":{"line":136,"column":6},"end":{"line":136,"column":38}},"59":{"start":{"line":137,"column":6},"end":{"line":137,"column":29}},"60":{"start":{"line":138,"column":6},"end":{"line":138,"column":33}},"61":{"start":{"line":139,"column":6},"end":{"line":139,"column":34}},"62":{"start":{"line":141,"column":6},"end":{"line":141,"column":63}},"63":{"start":{"line":145,"column":31},"end":{"line":148,"column":3}},"64":{"start":{"line":146,"column":4},"end":{"line":146,"column":37}},"65":{"start":{"line":147,"column":4},"end":{"line":147,"column":32}},"66":{"start":{"line":150,"column":30},"end":{"line":152,"column":3}},"67":{"start":{"line":151,"column":4},"end":{"line":151,"column":42}},"68":{"start":{"line":151,"column":35},"end":{"line":151,"column":40}},"69":{"start":{"line":154,"column":22},"end":{"line":157,"column":3}},"70":{"start":{"line":155,"column":4},"end":{"line":155,"column":32}},"71":{"start":{"line":156,"column":4},"end":{"line":156,"column":32}},"72":{"start":{"line":159,"column":25},"end":{"line":174,"column":3}},"73":{"start":{"line":163,"column":4},"end":{"line":173,"column":7}},"74":{"start":{"line":164,"column":19},"end":{"line":164,"column":30}},"75":{"start":{"line":166,"column":6},"end":{"line":170,"column":7}},"76":{"start":{"line":167,"column":8},"end":{"line":167,"column":38}},"77":{"start":{"line":169,"column":8},"end":{"line":169,"column":40}},"78":{"start":{"line":172,"column":6},"end":{"line":172,"column":18}},"79":{"start":{"line":176,"column":25},"end":{"line":178,"column":3}},"80":{"start":{"line":177,"column":4},"end":{"line":177,"column":55}},"81":{"start":{"line":184,"column":24},"end":{"line":184,"column":73}},"82":{"start":{"line":184,"column":52},"end":{"line":184,"column":72}},"83":{"start":{"line":186,"column":4},"end":{"line":188,"column":5}},"84":{"start":{"line":187,"column":6},"end":{"line":187,"column":49}},"85":{"start":{"line":190,"column":19},"end":{"line":190,"column":63}},"86":{"start":{"line":192,"column":4},"end":{"line":196,"column":5}},"87":{"start":{"line":193,"column":6},"end":{"line":195,"column":8}},"88":{"start":{"line":198,"column":17},"end":{"line":198,"column":33}},"89":{"start":{"line":200,"column":66},"end":{"line":200,"column":68}},"90":{"start":{"line":202,"column":4},"end":{"line":207,"column":5}},"91":{"start":{"line":203,"column":27},"end":{"line":203,"column":59}},"92":{"start":{"line":204,"column":6},"end":{"line":206,"column":8}},"93":{"start":{"line":209,"column":4},"end":{"line":209,"column":35}},"94":{"start":{"line":213,"column":24},"end":{"line":213,"column":73}},"95":{"start":{"line":213,"column":52},"end":{"line":213,"column":72}},"96":{"start":{"line":215,"column":4},"end":{"line":217,"column":5}},"97":{"start":{"line":216,"column":6},"end":{"line":216,"column":49}},"98":{"start":{"line":219,"column":19},"end":{"line":219,"column":63}},"99":{"start":{"line":221,"column":4},"end":{"line":225,"column":5}},"100":{"start":{"line":222,"column":6},"end":{"line":224,"column":8}},"101":{"start":{"line":227,"column":17},"end":{"line":227,"column":33}},"102":{"start":{"line":229,"column":4},"end":{"line":229,"column":58}},"103":{"start":{"line":232,"column":27},"end":{"line":248,"column":3}},"104":{"start":{"line":233,"column":4},"end":{"line":236,"column":5}},"105":{"start":{"line":234,"column":6},"end":{"line":234,"column":75}},"106":{"start":{"line":235,"column":6},"end":{"line":235,"column":13}},"107":{"start":{"line":238,"column":4},"end":{"line":247,"column":5}},"108":{"start":{"line":239,"column":6},"end":{"line":239,"column":32}},"109":{"start":{"line":240,"column":6},"end":{"line":240,"column":73}},"110":{"start":{"line":241,"column":6},"end":{"line":241,"column":39}},"111":{"start":{"line":242,"column":6},"end":{"line":242,"column":54}},"112":{"start":{"line":244,"column":6},"end":{"line":244,"column":79}},"113":{"start":{"line":246,"column":6},"end":{"line":246,"column":33}},"114":{"start":{"line":250,"column":34},"end":{"line":283,"column":3}},"115":{"start":{"line":251,"column":4},"end":{"line":254,"column":5}},"116":{"start":{"line":252,"column":6},"end":{"line":252,"column":70}},"117":{"start":{"line":253,"column":6},"end":{"line":253,"column":13}},"118":{"start":{"line":256,"column":4},"end":{"line":282,"column":6}},"119":{"start":{"line":265,"column":12},"end":{"line":278,"column":13}},"120":{"start":{"line":266,"column":14},"end":{"line":266,"column":42}},"121":{"start":{"line":267,"column":14},"end":{"line":267,"column":61}},"122":{"start":{"line":268,"column":14},"end":{"line":268,"column":41}},"123":{"start":{"line":269,"column":14},"end":{"line":269,"column":47}},"124":{"start":{"line":270,"column":14},"end":{"line":270,"column":79}},"125":{"start":{"line":272,"column":14},"end":{"line":275,"column":16}},"126":{"start":{"line":277,"column":14},"end":{"line":277,"column":43}},"127":{"start":{"line":285,"column":2},"end":{"line":328,"column":4}},"128":{"start":{"line":286,"column":11},"end":{"line":306,"column":5}}},"fnMap":{"0":{"name":"normalizeAttendanceKey","decl":{"start":{"line":30,"column":9},"end":{"line":30,"column":31}},"loc":{"start":{"line":30,"column":47},"end":{"line":32,"column":1}},"line":30},"1":{"name":"getTodayString","decl":{"start":{"line":34,"column":9},"end":{"line":34,"column":23}},"loc":{"start":{"line":34,"column":26},"end":{"line":40,"column":1}},"line":34},"2":{"name":"inferAttendanceBucket","decl":{"start":{"line":42,"column":9},"end":{"line":42,"column":30}},"loc":{"start":{"line":42,"column":73},"end":{"line":49,"column":1}},"line":42},"3":{"name":"useAttendanceLogic","decl":{"start":{"line":51,"column":16},"end":{"line":51,"column":34}},"loc":{"start":{"line":51,"column":37},"end":{"line":329,"column":1}},"line":51},"4":{"name":"(anonymous_4)","decl":{"start":{"line":63,"column":4},"end":{"line":63,"column":5}},"loc":{"start":{"line":63,"column":10},"end":{"line":63,"column":67}},"line":63},"5":{"name":"(anonymous_5)","decl":{"start":{"line":63,"column":27},"end":{"line":63,"column":28}},"loc":{"start":{"line":63,"column":38},"end":{"line":63,"column":66}},"line":63},"6":{"name":"(anonymous_6)","decl":{"start":{"line":68,"column":4},"end":{"line":68,"column":5}},"loc":{"start":{"line":69,"column":6},"end":{"line":70,"column":15}},"line":69},"7":{"name":"(anonymous_7)","decl":{"start":{"line":69,"column":48},"end":{"line":69,"column":49}},"loc":{"start":{"line":69,"column":60},"end":{"line":69,"column":74}},"line":69},"8":{"name":"(anonymous_8)","decl":{"start":{"line":75,"column":4},"end":{"line":75,"column":5}},"loc":{"start":{"line":76,"column":6},"end":{"line":77,"column":15}},"line":76},"9":{"name":"(anonymous_9)","decl":{"start":{"line":76,"column":48},"end":{"line":76,"column":49}},"loc":{"start":{"line":76,"column":60},"end":{"line":76,"column":74}},"line":76},"10":{"name":"loadAttendanceModalData","decl":{"start":{"line":81,"column":17},"end":{"line":81,"column":40}},"loc":{"start":{"line":81,"column":43},"end":{"line":131,"column":3}},"line":81},"11":{"name":"(anonymous_11)","decl":{"start":{"line":92,"column":13},"end":{"line":92,"column":14}},"loc":{"start":{"line":92,"column":30},"end":{"line":98,"column":9}},"line":92},"12":{"name":"(anonymous_12)","decl":{"start":{"line":99,"column":16},"end":{"line":99,"column":17}},"loc":{"start":{"line":99,"column":27},"end":{"line":99,"column":68}},"line":99},"13":{"name":"(anonymous_13)","decl":{"start":{"line":100,"column":14},"end":{"line":100,"column":15}},"loc":{"start":{"line":100,"column":24},"end":{"line":100,"column":66}},"line":100},"14":{"name":"(anonymous_14)","decl":{"start":{"line":109,"column":13},"end":{"line":109,"column":14}},"loc":{"start":{"line":109,"column":31},"end":{"line":121,"column":9}},"line":109},"15":{"name":"(anonymous_15)","decl":{"start":{"line":122,"column":14},"end":{"line":122,"column":15}},"loc":{"start":{"line":122,"column":24},"end":{"line":122,"column":60}},"line":122},"16":{"name":"(anonymous_16)","decl":{"start":{"line":133,"column":30},"end":{"line":133,"column":31}},"loc":{"start":{"line":133,"column":42},"end":{"line":143,"column":3}},"line":133},"17":{"name":"(anonymous_17)","decl":{"start":{"line":145,"column":31},"end":{"line":145,"column":32}},"loc":{"start":{"line":145,"column":37},"end":{"line":148,"column":3}},"line":145},"18":{"name":"(anonymous_18)","decl":{"start":{"line":150,"column":30},"end":{"line":150,"column":31}},"loc":{"start":{"line":150,"column":36},"end":{"line":152,"column":3}},"line":150},"19":{"name":"(anonymous_19)","decl":{"start":{"line":151,"column":25},"end":{"line":151,"column":26}},"loc":{"start":{"line":151,"column":35},"end":{"line":151,"column":40}},"line":151},"20":{"name":"(anonymous_20)","decl":{"start":{"line":154,"column":22},"end":{"line":154,"column":23}},"loc":{"start":{"line":154,"column":43},"end":{"line":157,"column":3}},"line":154},"21":{"name":"(anonymous_21)","decl":{"start":{"line":159,"column":25},"end":{"line":159,"column":26}},"loc":{"start":{"line":162,"column":7},"end":{"line":174,"column":3}},"line":162},"22":{"name":"(anonymous_22)","decl":{"start":{"line":163,"column":27},"end":{"line":163,"column":28}},"loc":{"start":{"line":163,"column":37},"end":{"line":173,"column":5}},"line":163},"23":{"name":"(anonymous_23)","decl":{"start":{"line":176,"column":25},"end":{"line":176,"column":26}},"loc":{"start":{"line":176,"column":72},"end":{"line":178,"column":3}},"line":176},"24":{"name":"saveAttendanceForEvent","decl":{"start":{"line":180,"column":17},"end":{"line":180,"column":39}},"loc":{"start":{"line":183,"column":4},"end":{"line":210,"column":3}},"line":183},"25":{"name":"(anonymous_25)","decl":{"start":{"line":184,"column":41},"end":{"line":184,"column":42}},"loc":{"start":{"line":184,"column":52},"end":{"line":184,"column":72}},"line":184},"26":{"name":"clearAttendanceForEvent","decl":{"start":{"line":212,"column":17},"end":{"line":212,"column":40}},"loc":{"start":{"line":212,"column":58},"end":{"line":230,"column":3}},"line":212},"27":{"name":"(anonymous_27)","decl":{"start":{"line":213,"column":41},"end":{"line":213,"column":42}},"loc":{"start":{"line":213,"column":52},"end":{"line":213,"column":72}},"line":213},"28":{"name":"(anonymous_28)","decl":{"start":{"line":232,"column":27},"end":{"line":232,"column":28}},"loc":{"start":{"line":232,"column":39},"end":{"line":248,"column":3}},"line":232},"29":{"name":"(anonymous_29)","decl":{"start":{"line":250,"column":34},"end":{"line":250,"column":35}},"loc":{"start":{"line":250,"column":40},"end":{"line":283,"column":3}},"line":250},"30":{"name":"(anonymous_30)","decl":{"start":{"line":264,"column":19},"end":{"line":264,"column":20}},"loc":{"start":{"line":264,"column":31},"end":{"line":279,"column":11}},"line":264},"31":{"name":"(anonymous_31)","decl":{"start":{"line":286,"column":4},"end":{"line":286,"column":5}},"loc":{"start":{"line":286,"column":11},"end":{"line":306,"column":5}},"line":286}},"branchMap":{"0":{"loc":{"start":{"line":43,"column":16},"end":{"line":43,"column":31}},"type":"binary-expr","locations":[{"start":{"line":43,"column":16},"end":{"line":43,"column":25}},{"start":{"line":43,"column":29},"end":{"line":43,"column":31}}],"line":43},"1":{"loc":{"start":{"line":45,"column":2},"end":{"line":45,"column":39}},"type":"if","locations":[{"start":{"line":45,"column":2},"end":{"line":45,"column":39}},{"start":{},"end":{}}],"line":45},"2":{"loc":{"start":{"line":46,"column":2},"end":{"line":46,"column":67}},"type":"if","locations":[{"start":{"line":46,"column":2},"end":{"line":46,"column":67}},{"start":{},"end":{}}],"line":46},"3":{"loc":{"start":{"line":46,"column":6},"end":{"line":46,"column":51}},"type":"binary-expr","locations":[{"start":{"line":46,"column":6},"end":{"line":46,"column":27}},{"start":{"line":46,"column":31},"end":{"line":46,"column":51}}],"line":46},"4":{"loc":{"start":{"line":89,"column":26},"end":{"line":89,"column":48}},"type":"binary-expr","locations":[{"start":{"line":89,"column":26},"end":{"line":89,"column":42}},{"start":{"line":89,"column":46},"end":{"line":89,"column":48}}],"line":89},"5":{"loc":{"start":{"line":99,"column":27},"end":{"line":99,"column":68}},"type":"binary-expr","locations":[{"start":{"line":99,"column":27},"end":{"line":99,"column":47}},{"start":{"line":99,"column":51},"end":{"line":99,"column":68}}],"line":99},"6":{"loc":{"start":{"line":100,"column":25},"end":{"line":100,"column":37}},"type":"binary-expr","locations":[{"start":{"line":100,"column":25},"end":{"line":100,"column":31}},{"start":{"line":100,"column":35},"end":{"line":100,"column":37}}],"line":100},"7":{"loc":{"start":{"line":100,"column":53},"end":{"line":100,"column":65}},"type":"binary-expr","locations":[{"start":{"line":100,"column":53},"end":{"line":100,"column":59}},{"start":{"line":100,"column":63},"end":{"line":100,"column":65}}],"line":100},"8":{"loc":{"start":{"line":106,"column":26},"end":{"line":106,"column":48}},"type":"binary-expr","locations":[{"start":{"line":106,"column":26},"end":{"line":106,"column":42}},{"start":{"line":106,"column":46},"end":{"line":106,"column":48}}],"line":106},"9":{"loc":{"start":{"line":110,"column":28},"end":{"line":110,"column":49}},"type":"binary-expr","locations":[{"start":{"line":110,"column":28},"end":{"line":110,"column":43}},{"start":{"line":110,"column":47},"end":{"line":110,"column":49}}],"line":110},"10":{"loc":{"start":{"line":111,"column":27},"end":{"line":111,"column":47}},"type":"binary-expr","locations":[{"start":{"line":111,"column":27},"end":{"line":111,"column":41}},{"start":{"line":111,"column":45},"end":{"line":111,"column":47}}],"line":111},"11":{"loc":{"start":{"line":112,"column":27},"end":{"line":112,"column":67}},"type":"binary-expr","locations":[{"start":{"line":112,"column":27},"end":{"line":112,"column":60}},{"start":{"line":112,"column":64},"end":{"line":112,"column":67}}],"line":112},"12":{"loc":{"start":{"line":119,"column":50},"end":{"line":119,"column":65}},"type":"binary-expr","locations":[{"start":{"line":119,"column":50},"end":{"line":119,"column":58}},{"start":{"line":119,"column":62},"end":{"line":119,"column":65}}],"line":119},"13":{"loc":{"start":{"line":166,"column":6},"end":{"line":170,"column":7}},"type":"if","locations":[{"start":{"line":166,"column":6},"end":{"line":170,"column":7}},{"start":{"line":168,"column":13},"end":{"line":170,"column":7}}],"line":166},"14":{"loc":{"start":{"line":177,"column":11},"end":{"line":177,"column":54}},"type":"binary-expr","locations":[{"start":{"line":177,"column":11},"end":{"line":177,"column":47}},{"start":{"line":177,"column":51},"end":{"line":177,"column":54}}],"line":177},"15":{"loc":{"start":{"line":186,"column":4},"end":{"line":188,"column":5}},"type":"if","locations":[{"start":{"line":186,"column":4},"end":{"line":188,"column":5}},{"start":{},"end":{}}],"line":186},"16":{"loc":{"start":{"line":192,"column":4},"end":{"line":196,"column":5}},"type":"if","locations":[{"start":{"line":192,"column":4},"end":{"line":196,"column":5}},{"start":{},"end":{}}],"line":192},"17":{"loc":{"start":{"line":203,"column":27},"end":{"line":203,"column":59}},"type":"binary-expr","locations":[{"start":{"line":203,"column":27},"end":{"line":203,"column":52}},{"start":{"line":203,"column":56},"end":{"line":203,"column":59}}],"line":203},"18":{"loc":{"start":{"line":215,"column":4},"end":{"line":217,"column":5}},"type":"if","locations":[{"start":{"line":215,"column":4},"end":{"line":217,"column":5}},{"start":{},"end":{}}],"line":215},"19":{"loc":{"start":{"line":221,"column":4},"end":{"line":225,"column":5}},"type":"if","locations":[{"start":{"line":221,"column":4},"end":{"line":225,"column":5}},{"start":{},"end":{}}],"line":221},"20":{"loc":{"start":{"line":233,"column":4},"end":{"line":236,"column":5}},"type":"if","locations":[{"start":{"line":233,"column":4},"end":{"line":236,"column":5}},{"start":{},"end":{}}],"line":233},"21":{"loc":{"start":{"line":244,"column":47},"end":{"line":244,"column":77}},"type":"binary-expr","locations":[{"start":{"line":244,"column":47},"end":{"line":244,"column":57}},{"start":{"line":244,"column":61},"end":{"line":244,"column":77}}],"line":244},"22":{"loc":{"start":{"line":251,"column":4},"end":{"line":254,"column":5}},"type":"if","locations":[{"start":{"line":251,"column":4},"end":{"line":254,"column":5}},{"start":{},"end":{}}],"line":251},"23":{"loc":{"start":{"line":274,"column":16},"end":{"line":274,"column":46}},"type":"binary-expr","locations":[{"start":{"line":274,"column":16},"end":{"line":274,"column":26}},{"start":{"line":274,"column":30},"end":{"line":274,"column":46}}],"line":274}},"s":{"0":27,"1":23,"2":23,"3":23,"4":23,"5":23,"6":9,"7":9,"8":4,"9":5,"10":3,"11":2,"12":83,"13":83,"14":83,"15":83,"16":83,"17":83,"18":83,"19":83,"20":83,"21":83,"22":64,"23":38,"24":83,"25":56,"26":10,"27":83,"28":56,"29":10,"30":23,"31":23,"32":23,"33":23,"34":23,"35":22,"36":22,"37":25,"38":25,"39":25,"40":2,"41":22,"42":22,"43":22,"44":22,"45":22,"46":27,"47":27,"48":27,"49":27,"50":9,"51":22,"52":1,"53":1,"54":23,"55":83,"56":23,"57":23,"58":22,"59":22,"60":22,"61":22,"62":1,"63":83,"64":2,"65":2,"66":83,"67":4,"68":4,"69":83,"70":18,"71":18,"72":83,"73":12,"74":12,"75":12,"76":2,"77":10,"78":12,"79":83,"80":7,"81":8,"82":7,"83":8,"84":2,"85":6,"86":6,"87":1,"88":5,"89":5,"90":5,"91":9,"92":9,"93":5,"94":4,"95":3,"96":4,"97":1,"98":3,"99":3,"100":1,"101":2,"102":2,"103":83,"104":9,"105":1,"106":1,"107":8,"108":8,"109":8,"110":4,"111":4,"112":4,"113":8,"114":83,"115":6,"116":1,"117":1,"118":5,"119":4,"120":4,"121":4,"122":1,"123":1,"124":1,"125":3,"126":4,"127":83,"128":83},"f":{"0":27,"1":23,"2":9,"3":83,"4":64,"5":38,"6":56,"7":10,"8":56,"9":10,"10":23,"11":25,"12":25,"13":2,"14":27,"15":9,"16":23,"17":2,"18":4,"19":4,"20":18,"21":12,"22":12,"23":7,"24":8,"25":7,"26":4,"27":3,"28":9,"29":6,"30":4,"31":83},"b":{"0":[9,0],"1":[4,5],"2":[3,2],"3":[5,3],"4":[22,0],"5":[25,22],"6":[2,0],"7":[2,0],"8":[22,0],"9":[27,0],"10":[27,0],"11":[27,0],"12":[27,0],"13":[2,10],"14":[7,3],"15":[2,6],"16":[1,5],"17":[9,3],"18":[1,3],"19":[1,2],"20":[1,8],"21":[4,0],"22":[1,5],"23":[3,0]},"_coverageSchema":"1a1c01bbd47fc00a2c39e90264f33305004495a9","hash":"44837d34a98cace85aa77acf3b7f02dd95938b59"}
,"C:\\Users\\jewel\\Spring26_classes\\SeniorSem\\cadetlinks\\CadetLinks\\src\\navigation\\screens\\JobsPage\\JobsLogic.tsx": {"path":"C:\\Users\\jewel\\Spring26_classes\\SeniorSem\\cadetlinks\\CadetLinks\\src\\navigation\\screens\\JobsPage\\JobsLogic.tsx","statementMap":{"0":{"start":{"line":15,"column":2},"end":{"line":26,"column":3}},"1":{"start":{"line":17,"column":6},"end":{"line":17,"column":32}},"2":{"start":{"line":19,"column":6},"end":{"line":19,"column":36}},"3":{"start":{"line":21,"column":6},"end":{"line":21,"column":34}},"4":{"start":{"line":23,"column":6},"end":{"line":23,"column":32}},"5":{"start":{"line":25,"column":6},"end":{"line":25,"column":33}},"6":{"start":{"line":30,"column":34},"end":{"line":30,"column":48}},"7":{"start":{"line":31,"column":34},"end":{"line":31,"column":63}},"8":{"start":{"line":33,"column":32},"end":{"line":33,"column":67}},"9":{"start":{"line":34,"column":32},"end":{"line":34,"column":46}},"10":{"start":{"line":35,"column":28},"end":{"line":35,"column":57}},"11":{"start":{"line":37,"column":28},"end":{"line":37,"column":92}},"12":{"start":{"line":38,"column":25},"end":{"line":38,"column":85}},"13":{"start":{"line":39,"column":24},"end":{"line":39,"column":82}},"14":{"start":{"line":40,"column":16},"end":{"line":40,"column":68}},"15":{"start":{"line":41,"column":21},"end":{"line":41,"column":41}},"16":{"start":{"line":42,"column":28},"end":{"line":42,"column":55}},"17":{"start":{"line":43,"column":29},"end":{"line":43,"column":44}},"18":{"start":{"line":45,"column":26},"end":{"line":51,"column":3}},"19":{"start":{"line":47,"column":6},"end":{"line":49,"column":31}},"20":{"start":{"line":48,"column":32},"end":{"line":48,"column":46}},"21":{"start":{"line":49,"column":27},"end":{"line":49,"column":30}},"22":{"start":{"line":54,"column":4},"end":{"line":54,"column":68}},"23":{"start":{"line":59,"column":2},"end":{"line":97,"column":9}},"24":{"start":{"line":60,"column":17},"end":{"line":94,"column":5}},"25":{"start":{"line":61,"column":6},"end":{"line":61,"column":23}},"26":{"start":{"line":62,"column":6},"end":{"line":62,"column":21}},"27":{"start":{"line":64,"column":6},"end":{"line":93,"column":7}},"28":{"start":{"line":65,"column":20},"end":{"line":65,"column":65}},"29":{"start":{"line":66,"column":8},"end":{"line":66,"column":25}},"30":{"start":{"line":68,"column":8},"end":{"line":72,"column":9}},"31":{"start":{"line":69,"column":10},"end":{"line":69,"column":27}},"32":{"start":{"line":70,"column":10},"end":{"line":70,"column":44}},"33":{"start":{"line":71,"column":10},"end":{"line":71,"column":17}},"34":{"start":{"line":75,"column":27},"end":{"line":75,"column":51}},"35":{"start":{"line":76,"column":28},"end":{"line":76,"column":49}},"36":{"start":{"line":78,"column":8},"end":{"line":82,"column":9}},"37":{"start":{"line":79,"column":10},"end":{"line":79,"column":27}},"38":{"start":{"line":80,"column":10},"end":{"line":80,"column":54}},"39":{"start":{"line":81,"column":10},"end":{"line":81,"column":17}},"40":{"start":{"line":84,"column":26},"end":{"line":84,"column":59}},"41":{"start":{"line":85,"column":8},"end":{"line":85,"column":30}},"42":{"start":{"line":89,"column":8},"end":{"line":89,"column":62}},"43":{"start":{"line":90,"column":8},"end":{"line":90,"column":55}},"44":{"start":{"line":92,"column":8},"end":{"line":92,"column":26}},"45":{"start":{"line":96,"column":4},"end":{"line":96,"column":11}},"46":{"start":{"line":99,"column":24},"end":{"line":115,"column":5}},"47":{"start":{"line":100,"column":6},"end":{"line":100,"column":29}},"48":{"start":{"line":100,"column":22},"end":{"line":100,"column":29}},"49":{"start":{"line":102,"column":6},"end":{"line":106,"column":7}},"50":{"start":{"line":103,"column":8},"end":{"line":103,"column":132}},"51":{"start":{"line":104,"column":8},"end":{"line":104,"column":41}},"52":{"start":{"line":105,"column":8},"end":{"line":105,"column":15}},"53":{"start":{"line":108,"column":6},"end":{"line":111,"column":7}},"54":{"start":{"line":109,"column":8},"end":{"line":109,"column":61}},"55":{"start":{"line":110,"column":8},"end":{"line":110,"column":15}},"56":{"start":{"line":113,"column":6},"end":{"line":113,"column":31}},"57":{"start":{"line":113,"column":24},"end":{"line":113,"column":31}},"58":{"start":{"line":114,"column":6},"end":{"line":114,"column":39}},"59":{"start":{"line":118,"column":4},"end":{"line":120,"column":15}},"60":{"start":{"line":122,"column":18},"end":{"line":122,"column":37}},"61":{"start":{"line":125,"column":32},"end":{"line":125,"column":34}},"62":{"start":{"line":127,"column":2},"end":{"line":134,"column":3}},"63":{"start":{"line":128,"column":4},"end":{"line":133,"column":7}},"64":{"start":{"line":136,"column":2},"end":{"line":144,"column":3}},"65":{"start":{"line":137,"column":4},"end":{"line":143,"column":7}},"66":{"start":{"line":146,"column":2},"end":{"line":154,"column":3}},"67":{"start":{"line":147,"column":4},"end":{"line":153,"column":7}},"68":{"start":{"line":157,"column":2},"end":{"line":164,"column":3}},"69":{"start":{"line":158,"column":4},"end":{"line":163,"column":7}},"70":{"start":{"line":166,"column":28},"end":{"line":166,"column":46}},"71":{"start":{"line":168,"column":2},"end":{"line":201,"column":4}},"72":{"start":{"line":169,"column":11},"end":{"line":188,"column":5}}},"fnMap":{"0":{"name":"iconForAction","decl":{"start":{"line":14,"column":16},"end":{"line":14,"column":29}},"loc":{"start":{"line":14,"column":52},"end":{"line":27,"column":1}},"line":14},"1":{"name":"useJobsLogic","decl":{"start":{"line":29,"column":16},"end":{"line":29,"column":28}},"loc":{"start":{"line":29,"column":31},"end":{"line":202,"column":1}},"line":29},"2":{"name":"(anonymous_2)","decl":{"start":{"line":46,"column":4},"end":{"line":46,"column":5}},"loc":{"start":{"line":47,"column":6},"end":{"line":49,"column":31}},"line":47},"3":{"name":"(anonymous_3)","decl":{"start":{"line":48,"column":16},"end":{"line":48,"column":17}},"loc":{"start":{"line":48,"column":32},"end":{"line":48,"column":46}},"line":48},"4":{"name":"(anonymous_4)","decl":{"start":{"line":49,"column":13},"end":{"line":49,"column":14}},"loc":{"start":{"line":49,"column":27},"end":{"line":49,"column":30}},"line":49},"5":{"name":"(anonymous_5)","decl":{"start":{"line":59,"column":12},"end":{"line":59,"column":13}},"loc":{"start":{"line":59,"column":18},"end":{"line":97,"column":3}},"line":59},"6":{"name":"(anonymous_6)","decl":{"start":{"line":60,"column":17},"end":{"line":60,"column":18}},"loc":{"start":{"line":60,"column":29},"end":{"line":94,"column":5}},"line":60},"7":{"name":"(anonymous_7)","decl":{"start":{"line":99,"column":24},"end":{"line":99,"column":25}},"loc":{"start":{"line":99,"column":49},"end":{"line":115,"column":5}},"line":99},"8":{"name":"(anonymous_8)","decl":{"start":{"line":169,"column":4},"end":{"line":169,"column":5}},"loc":{"start":{"line":169,"column":11},"end":{"line":188,"column":5}},"line":169}},"branchMap":{"0":{"loc":{"start":{"line":15,"column":2},"end":{"line":26,"column":3}},"type":"switch","locations":[{"start":{"line":16,"column":4},"end":{"line":17,"column":32}},{"start":{"line":18,"column":4},"end":{"line":19,"column":36}},{"start":{"line":20,"column":4},"end":{"line":21,"column":34}},{"start":{"line":22,"column":4},"end":{"line":23,"column":32}},{"start":{"line":24,"column":4},"end":{"line":25,"column":33}}],"line":15},"1":{"loc":{"start":{"line":37,"column":28},"end":{"line":37,"column":92}},"type":"binary-expr","locations":[{"start":{"line":37,"column":28},"end":{"line":37,"column":83}},{"start":{"line":37,"column":87},"end":{"line":37,"column":92}}],"line":37},"2":{"loc":{"start":{"line":38,"column":25},"end":{"line":38,"column":85}},"type":"binary-expr","locations":[{"start":{"line":38,"column":25},"end":{"line":38,"column":76}},{"start":{"line":38,"column":80},"end":{"line":38,"column":85}}],"line":38},"3":{"loc":{"start":{"line":39,"column":24},"end":{"line":39,"column":82}},"type":"binary-expr","locations":[{"start":{"line":39,"column":24},"end":{"line":39,"column":73}},{"start":{"line":39,"column":77},"end":{"line":39,"column":82}}],"line":39},"4":{"loc":{"start":{"line":40,"column":16},"end":{"line":40,"column":68}},"type":"binary-expr","locations":[{"start":{"line":40,"column":16},"end":{"line":40,"column":33}},{"start":{"line":40,"column":37},"end":{"line":40,"column":51}},{"start":{"line":40,"column":55},"end":{"line":40,"column":68}}],"line":40},"5":{"loc":{"start":{"line":54,"column":4},"end":{"line":54,"column":68}},"type":"cond-expr","locations":[{"start":{"line":54,"column":33},"end":{"line":54,"column":59}},{"start":{"line":54,"column":62},"end":{"line":54,"column":68}}],"line":54},"6":{"loc":{"start":{"line":68,"column":8},"end":{"line":72,"column":9}},"type":"if","locations":[{"start":{"line":68,"column":8},"end":{"line":72,"column":9}},{"start":{},"end":{}}],"line":68},"7":{"loc":{"start":{"line":78,"column":8},"end":{"line":82,"column":9}},"type":"if","locations":[{"start":{"line":78,"column":8},"end":{"line":82,"column":9}},{"start":{},"end":{}}],"line":78},"8":{"loc":{"start":{"line":100,"column":6},"end":{"line":100,"column":29}},"type":"if","locations":[{"start":{"line":100,"column":6},"end":{"line":100,"column":29}},{"start":{},"end":{}}],"line":100},"9":{"loc":{"start":{"line":102,"column":6},"end":{"line":106,"column":7}},"type":"if","locations":[{"start":{"line":102,"column":6},"end":{"line":106,"column":7}},{"start":{},"end":{}}],"line":102},"10":{"loc":{"start":{"line":108,"column":6},"end":{"line":111,"column":7}},"type":"if","locations":[{"start":{"line":108,"column":6},"end":{"line":111,"column":7}},{"start":{},"end":{}}],"line":108},"11":{"loc":{"start":{"line":113,"column":6},"end":{"line":113,"column":31}},"type":"if","locations":[{"start":{"line":113,"column":6},"end":{"line":113,"column":31}},{"start":{},"end":{}}],"line":113},"12":{"loc":{"start":{"line":118,"column":4},"end":{"line":120,"column":15}},"type":"cond-expr","locations":[{"start":{"line":119,"column":8},"end":{"line":119,"column":71}},{"start":{"line":120,"column":8},"end":{"line":120,"column":15}}],"line":118},"13":{"loc":{"start":{"line":118,"column":4},"end":{"line":118,"column":43}},"type":"binary-expr","locations":[{"start":{"line":118,"column":4},"end":{"line":118,"column":22}},{"start":{"line":118,"column":26},"end":{"line":118,"column":43}}],"line":118},"14":{"loc":{"start":{"line":119,"column":11},"end":{"line":119,"column":35}},"type":"binary-expr","locations":[{"start":{"line":119,"column":11},"end":{"line":119,"column":29}},{"start":{"line":119,"column":33},"end":{"line":119,"column":35}}],"line":119},"15":{"loc":{"start":{"line":119,"column":39},"end":{"line":119,"column":62}},"type":"binary-expr","locations":[{"start":{"line":119,"column":39},"end":{"line":119,"column":56}},{"start":{"line":119,"column":60},"end":{"line":119,"column":62}}],"line":119},"16":{"loc":{"start":{"line":122,"column":18},"end":{"line":122,"column":37}},"type":"binary-expr","locations":[{"start":{"line":122,"column":18},"end":{"line":122,"column":30}},{"start":{"line":122,"column":34},"end":{"line":122,"column":37}}],"line":122},"17":{"loc":{"start":{"line":127,"column":2},"end":{"line":134,"column":3}},"type":"if","locations":[{"start":{"line":127,"column":2},"end":{"line":134,"column":3}},{"start":{},"end":{}}],"line":127},"18":{"loc":{"start":{"line":136,"column":2},"end":{"line":144,"column":3}},"type":"if","locations":[{"start":{"line":136,"column":2},"end":{"line":144,"column":3}},{"start":{},"end":{}}],"line":136},"19":{"loc":{"start":{"line":146,"column":2},"end":{"line":154,"column":3}},"type":"if","locations":[{"start":{"line":146,"column":2},"end":{"line":154,"column":3}},{"start":{},"end":{}}],"line":146},"20":{"loc":{"start":{"line":157,"column":2},"end":{"line":164,"column":3}},"type":"if","locations":[{"start":{"line":157,"column":2},"end":{"line":164,"column":3}},{"start":{},"end":{}}],"line":157}},"s":{"0":4,"1":1,"2":1,"3":1,"4":1,"5":0,"6":12,"7":12,"8":12,"9":12,"10":12,"11":12,"12":12,"13":12,"14":12,"15":12,"16":12,"17":12,"18":12,"19":6,"20":18,"21":8,"22":12,"23":12,"24":6,"25":6,"26":6,"27":6,"28":6,"29":6,"30":6,"31":1,"32":1,"33":1,"34":5,"35":5,"36":4,"37":1,"38":1,"39":1,"40":3,"41":3,"42":1,"43":1,"44":6,"45":6,"46":12,"47":3,"48":0,"49":3,"50":1,"51":1,"52":1,"53":2,"54":1,"55":1,"56":1,"57":0,"58":1,"59":12,"60":12,"61":12,"62":12,"63":4,"64":12,"65":8,"66":12,"67":4,"68":12,"69":4,"70":12,"71":12,"72":12},"f":{"0":4,"1":12,"2":6,"3":18,"4":8,"5":6,"6":6,"7":3,"8":12},"b":{"0":[1,1,1,1,0],"1":[12,0],"2":[12,0],"3":[12,0],"4":[12,4,4],"5":[8,4],"6":[1,5],"7":[1,3],"8":[0,3],"9":[1,2],"10":[1,1],"11":[0,1],"12":[3,9],"13":[12,9],"14":[3,0],"15":[3,0],"16":[12,9],"17":[4,8],"18":[8,4],"19":[4,8],"20":[4,8]},"_coverageSchema":"1a1c01bbd47fc00a2c39e90264f33305004495a9","hash":"fbc615abfdaf3ac3135505d219e6ff0d83333b86"}
[...]
mn":71},"end":{"line":138,"column":74}}],"line":138},"9":{"loc":{"start":{"line":141,"column":10},"end":{"line":141,"column":76}},"type":"cond-expr","locations":[{"start":{"line":141,"column":33},"end":{"line":141,"column":70}},{"start":{"line":141,"column":73},"end":{"line":141,"column":76}}],"line":141},"10":{"loc":{"start":{"line":148,"column":28},"end":{"line":148,"column":48}},"type":"binary-expr","locations":[{"start":{"line":148,"column":28},"end":{"line":148,"column":42}},{"start":{"line":148,"column":46},"end":{"line":148,"column":48}}],"line":148},"11":{"loc":{"start":{"line":171,"column":30},"end":{"line":171,"column":50}},"type":"binary-expr","locations":[{"start":{"line":171,"column":30},"end":{"line":171,"column":44}},{"start":{"line":171,"column":48},"end":{"line":171,"column":50}}],"line":171},"12":{"loc":{"start":{"line":202,"column":6},"end":{"line":202,"column":41}},"type":"if","locations":[{"start":{"line":202,"column":6},"end":{"line":202,"column":41}},{"start":{},"end":{}}],"line":202},"13":{"loc":{"start":{"line":203,"column":6},"end":{"line":203,"column":45}},"type":"if","locations":[{"start":{"line":203,"column":6},"end":{"line":203,"column":45}},{"start":{},"end":{}}],"line":203},"14":{"loc":{"start":{"line":210,"column":4},"end":{"line":212,"column":70}},"type":"cond-expr","locations":[{"start":{"line":211,"column":8},"end":{"line":211,"column":9}},{"start":{"line":212,"column":8},"end":{"line":212,"column":70}}],"line":210},"15":{"loc":{"start":{"line":218,"column":4},"end":{"line":220,"column":76}},"type":"cond-expr","locations":[{"start":{"line":219,"column":8},"end":{"line":219,"column":9}},{"start":{"line":220,"column":8},"end":{"line":220,"column":76}}],"line":218}},"s":{"0":10,"1":10,"2":24,"3":24,"4":24,"5":24,"6":24,"7":33,"8":33,"9":1,"10":32,"11":17,"12":15,"13":6,"14":9,"15":3,"16":6,"17":6,"18":24,"19":29,"20":29,"21":29,"22":29,"23":29,"24":29,"25":29,"26":29,"27":29,"28":29,"29":29,"30":29,"31":29,"32":29,"33":29,"34":13,"35":13,"36":13,"37":13,"38":13,"39":13,"40":13,"41":13,"42":13,"43":13,"44":13,"45":1,"46":1,"47":1,"48":1,"49":1,"50":1,"51":1,"52":1,"53":1,"54":1,"55":1,"56":1,"57":1,"58":1,"59":12,"60":12,"61":11,"62":11,"63":10,"64":10,"65":1,"66":1,"67":11,"68":11,"69":11,"70":11,"71":12,"72":12,"73":12,"74":12,"75":12,"76":12,"77":12,"78":12,"79":1,"80":1,"81":1,"82":11,"83":11,"84":12,"85":12,"86":12,"87":12,"88":12,"89":12,"90":12,"91":12,"92":1,"93":1,"94":1,"95":1,"96":1,"97":1,"98":1,"99":1,"100":13,"101":13,"102":13,"103":13,"104":11,"105":13,"106":11,"107":29,"108":29,"109":29,"110":29,"111":29,"112":29,"113":29,"114":29},"f":{"0":10,"1":10,"2":24,"3":29,"4":13,"5":13,"6":12,"7":1,"8":12,"9":1,"10":13,"11":29},"b":{"0":[1,32],"1":[33,32],"2":[17,15],"3":[6,9],"4":[3,6],"5":[6,0],"6":[1,12],"7":[10,1],"8":[10,1],"9":[10,1],"10":[12,0],"11":[12,3],"12":[11,2],"13":[11,2],"14":[20,9],"15":[23,6]},"_coverageSchema":"1a1c01bbd47fc00a2c39e90264f33305004495a9","hash":"0e9335264d6a1da69c8d07438929e1cdac5ad723"}
,"C:\\Users\\jewel\\Spring26_classes\\SeniorSem\\cadetlinks\\CadetLinks\\src\\navigation\\screens\\SearchPage\\PublicProfileLogic.tsx": {"path":"C:\\Users\\jewel\\Spring26_classes\\SeniorSem\\cadetlinks\\CadetLinks\\src\\navigation\\screens\\SearchPage\\PublicProfileLogic.tsx","statementMap":{"0":{"start":{"line":19,"column":32},"end":{"line":19,"column":73}},"1":{"start":{"line":20,"column":46},"end":{"line":20,"column":60}},"2":{"start":{"line":21,"column":42},"end":{"line":21,"column":71}},"3":{"start":{"line":23,"column":2},"end":{"line":47,"column":17}},"4":{"start":{"line":24,"column":24},"end":{"line":44,"column":5}},"5":{"start":{"line":25,"column":6},"end":{"line":25,"column":30}},"6":{"start":{"line":26,"column":6},"end":{"line":26,"column":28}},"7":{"start":{"line":28,"column":6},"end":{"line":43,"column":7}},"8":{"start":{"line":29,"column":27},"end":{"line":29,"column":56}},"9":{"start":{"line":30,"column":21},"end":{"line":30,"column":42}},"10":{"start":{"line":32,"column":8},"end":{"line":37,"column":9}},"11":{"start":{"line":33,"column":10},"end":{"line":33,"column":33}},"12":{"start":{"line":35,"column":10},"end":{"line":35,"column":27}},"13":{"start":{"line":36,"column":10},"end":{"line":36,"column":62}},"14":{"start":{"line":39,"column":8},"end":{"line":39,"column":64}},"15":{"start":{"line":40,"column":8},"end":{"line":40,"column":58}},"16":{"start":{"line":42,"column":8},"end":{"line":42,"column":33}},"17":{"start":{"line":46,"column":4},"end":{"line":46,"column":18}},"18":{"start":{"line":49,"column":2},"end":{"line":56,"column":4}},"19":{"start":{"line":50,"column":11},"end":{"line":54,"column":5}}},"fnMap":{"0":{"name":"usePublicProfileLogic","decl":{"start":{"line":18,"column":16},"end":{"line":18,"column":37}},"loc":{"start":{"line":18,"column":56},"end":{"line":57,"column":1}},"line":18},"1":{"name":"(anonymous_1)","decl":{"start":{"line":23,"column":12},"end":{"line":23,"column":13}},"loc":{"start":{"line":23,"column":18},"end":{"line":47,"column":3}},"line":23},"2":{"name":"(anonymous_2)","decl":{"start":{"line":24,"column":24},"end":{"line":24,"column":25}},"loc":{"start":{"line":24,"column":36},"end":{"line":44,"column":5}},"line":24},"3":{"name":"(anonymous_3)","decl":{"start":{"line":50,"column":4},"end":{"line":50,"column":5}},"loc":{"start":{"line":50,"column":11},"end":{"line":54,"column":5}},"line":50}},"branchMap":{"0":{"loc":{"start":{"line":32,"column":8},"end":{"line":37,"column":9}},"type":"if","locations":[{"start":{"line":32,"column":8},"end":{"line":37,"column":9}},{"start":{"line":34,"column":15},"end":{"line":37,"column":9}}],"line":32}},"s":{"0":15,"1":15,"2":15,"3":15,"4":7,"5":7,"6":7,"7":7,"8":7,"9":7,"10":5,"11":3,"12":2,"13":2,"14":2,"15":2,"16":7,"17":7,"18":15,"19":14},"f":{"0":15,"1":7,"2":7,"3":14},"b":{"0":[3,2]},"_coverageSchema":"1a1c01bbd47fc00a2c39e90264f33305004495a9","hash":"5c0d9249362e633e41706ad2fd2ab80dcdb932de"}
,"C:\\Users\\jewel\\Spring26_classes\\SeniorSem\\cadetlinks\\CadetLinks\\src\\navigation\\screens\\SearchPage\\SearchLogic.tsx": {"path":"C:\\Users\\jewel\\Spring26_classes\\SeniorSem\\cadetlinks\\CadetLinks\\src\\navigation\\screens\\SearchPage\\SearchLogic.tsx","statementMap":{"0":{"start":{"line":24,"column":12},"end":{"line":24,"column":38}},"1":{"start":{"line":25,"column":2},"end":{"line":25,"column":22}},"2":{"start":{"line":25,"column":10},"end":{"line":25,"column":22}},"3":{"start":{"line":27,"column":19},"end":{"line":27,"column":83}},"4":{"start":{"line":29,"column":2},"end":{"line":38,"column":4}},"5":{"start":{"line":42,"column":28},"end":{"line":42,"column":40}},"6":{"start":{"line":43,"column":36},"end":{"line":43,"column":70}},"7":{"start":{"line":44,"column":44},"end":{"line":44,"column":58}},"8":{"start":{"line":45,"column":40},"end":{"line":45,"column":69}},"9":{"start":{"line":47,"column":2},"end":{"line":104,"column":9}},"10":{"start":{"line":48,"column":49},"end":{"line":48,"column":53}},"11":{"start":{"line":50,"column":17},"end":{"line":97,"column":5}},"12":{"start":{"line":51,"column":6},"end":{"line":51,"column":29}},"13":{"start":{"line":52,"column":6},"end":{"line":52,"column":27}},"14":{"start":{"line":54,"column":6},"end":{"line":96,"column":7}},"15":{"start":{"line":55,"column":32},"end":{"line":55,"column":77}},"16":{"start":{"line":56,"column":26},"end":{"line":56,"column":43}},"17":{"start":{"line":58,"column":8},"end":{"line":91,"column":10}},"18":{"start":{"line":61,"column":31},"end":{"line":61,"column":51}},"19":{"start":{"line":63,"column":52},"end":{"line":80,"column":16}},"20":{"start":{"line":65,"column":30},"end":{"line":65,"column":75}},"21":{"start":{"line":66,"column":16},"end":{"line":69,"column":18}},"22":{"start":{"line":71,"column":33},"end":{"line":71,"column":67}},"23":{"start":{"line":73,"column":30},"end":{"line":73,"column":62}},"24":{"start":{"line":74,"column":30},"end":{"line":74,"column":62}},"25":{"start":{"line":75,"column":16},"end":{"line":75,"column":71}},"26":{"start":{"line":75,"column":37},"end":{"line":75,"column":71}},"27":{"start":{"line":77,"column":31},"end":{"line":77,"column":64}},"28":{"start":{"line":78,"column":31},"end":{"line":78,"column":64}},"29":{"start":{"line":79,"column":16},"end":{"line":79,"column":52}},"30":{"start":{"line":82,"column":12},"end":{"line":82,"column":36}},"31":{"start":{"line":83,"column":12},"end":{"line":83,"column":36}},"32":{"start":{"line":84,"column":12},"end":{"line":84,"column":33}},"33":{"start":{"line":87,"column":12},"end":{"line":87,"column":60}},"34":{"start":{"line":88,"column":12},"end":{"line":88,"column":53}},"35":{"start":{"line":89,"column":12},"end":{"line":89,"column":36}},"36":{"start":{"line":93,"column":8},"end":{"line":93,"column":57}},"37":{"start":{"line":94,"column":8},"end":{"line":94,"column":50}},"38":{"start":{"line":95,"column":8},"end":{"line":95,"column":32}},"39":{"start":{"line":99,"column":4},"end":{"line":99,"column":11}},"40":{"start":{"line":101,"column":4},"end":{"line":103,"column":6}},"41":{"start":{"line":102,"column":6},"end":{"line":102,"column":49}},"42":{"start":{"line":102,"column":29},"end":{"line":102,"column":49}},"43":{"start":{"line":106,"column":25},"end":{"line":108,"column":24}},"44":{"start":{"line":107,"column":4},"end":{"line":107,"column":67}},"45":{"start":{"line":107,"column":39},"end":{"line":107,"column":65}},"46":{"start":{"line":110,"column":2},"end":{"line":119,"column":4}},"47":{"start":{"line":111,"column":11},"end":{"line":117,"column":5}}},"fnMap":{"0":{"name":"matchesQuery","decl":{"start":{"line":23,"column":9},"end":{"line":23,"column":21}},"loc":{"start":{"line":23,"column":64},"end":{"line":39,"column":1}},"line":23},"1":{"name":"useSearchLogic","decl":{"start":{"line":41,"column":16},"end":{"line":41,"column":30}},"loc":{"start":{"line":41,"column":33},"end":{"line":120,"column":1}},"line":41},"2":{"name":"(anonymous_2)","decl":{"start":{"line":47,"column":12},"end":{"line":47,"column":13}},"loc":{"start":{"line":47,"column":18},"end":{"line":104,"column":3}},"line":47},"3":{"name":"(anonymous_3)","decl":{"start":{"line":50,"column":17},"end":{"line":50,"column":18}},"loc":{"start":{"line":50,"column":29},"end":{"line":97,"column":5}},"line":50},"4":{"name":"(anonymous_4)","decl":{"start":{"line":60,"column":10},"end":{"line":60,"column":11}},"loc":{"start":{"line":60,"column":24},"end":{"line":85,"column":11}},"line":60},"5":{"name":"(anonymous_5)","decl":{"start":{"line":64,"column":19},"end":{"line":64,"column":20}},"loc":{"start":{"line":64,"column":42},"end":{"line":70,"column":15}},"line":64},"6":{"name":"(anonymous_6)","decl":{"start":{"line":71,"column":22},"end":{"line":71,"column":23}},"loc":{"start":{"line":71,"column":33},"end":{"line":71,"column":67}},"line":71},"7":{"name":"(anonymous_7)","decl":{"start":{"line":72,"column":20},"end":{"line":72,"column":21}},"loc":{"start":{"line":72,"column":30},"end":{"line":80,"column":15}},"line":72},"8":{"name":"(anonymous_8)","decl":{"start":{"line":86,"column":10},"end":{"line":86,"column":11}},"loc":{"start":{"line":86,"column":21},"end":{"line":90,"column":11}},"line":86},"9":{"name":"(anonymous_9)","decl":{"start":{"line":101,"column":11},"end":{"line":101,"column":12}},"loc":{"start":{"line":101,"column":17},"end":{"line":103,"column":5}},"line":101},"10":{"name":"(anonymous_10)","decl":{"start":{"line":106,"column":33},"end":{"line":106,"column":34}},"loc":{"start":{"line":106,"column":39},"end":{"line":108,"column":3}},"line":106},"11":{"name":"(anonymous_11)","decl":{"start":{"line":107,"column":28},"end":{"line":107,"column":29}},"loc":{"start":{"line":107,"column":39},"end":{"line":107,"column":65}},"line":107},"12":{"name":"(anonymous_12)","decl":{"start":{"line":111,"column":4},"end":{"line":111,"column":5}},"loc":{"start":{"line":111,"column":11},"end":{"line":117,"column":5}},"line":111}},"branchMap":{"0":{"loc":{"start":{"line":25,"column":2},"end":{"line":25,"column":22}},"type":"if","locations":[{"start":{"line":25,"column":2},"end":{"line":25,"column":22}},{"start":{},"end":{}}],"line":25},"1":{"loc":{"start":{"line":27,"column":22},"end":{"line":27,"column":43}},"type":"binary-expr","locations":[{"start":{"line":27,"column":22},"end":{"line":27,"column":37}},{"start":{"line":27,"column":41},"end":{"line":27,"column":43}}],"line":27},"2":{"loc":{"start":{"line":27,"column":47},"end":{"line":27,"column":67}},"type":"binary-expr","locations":[{"start":{"line":27,"column":47},"end":{"line":27,"column":61}},{"start":{"line":27,"column":65},"end":{"line":27,"column":67}}],"line":27},"3":{"loc":{"start":{"line":30,"column":4},"end":{"line":37,"column":64}},"type":"binary-expr","locations":[{"start":{"line":30,"column":4},"end":{"line":30,"column":24}},{"start":{"line":31,"column":4},"end":{"line":31,"column":53}},{"start":{"line":32,"column":4},"end":{"line":32,"column":52}},{"start":{"line":33,"column":4},"end":{"line":33,"column":53}},{"start":{"line":34,"column":4},"end":{"line":34,"column":47}},{"start":{"line":35,"column":4},"end":{"line":35,"column":50}},{"start":{"line":36,"column":4},"end":{"line":36,"column":45}},{"start":{"line":37,"column":4},"end":{"line":37,"column":64}}],"line":30},"4":{"loc":{"start":{"line":31,"column":5},"end":{"line":31,"column":26}},"type":"binary-expr","locations":[{"start":{"line":31,"column":5},"end":{"line":31,"column":20}},{"start":{"line":31,"column":24},"end":{"line":31,"column":26}}],"line":31},"5":{"loc":{"start":{"line":32,"column":5},"end":{"line":32,"column":25}},"type":"binary-expr","locations":[{"start":{"line":32,"column":5},"end":{"line":32,"column":19}},{"start":{"line":32,"column":23},"end":{"line":32,"column":25}}],"line":32},"6":{"loc":{"start":{"line":33,"column":5},"end":{"line":33,"column":26}},"type":"binary-expr","locations":[{"start":{"line":33,"column":5},"end":{"line":33,"column":20}},{"start":{"line":33,"column":24},"end":{"line":33,"column":26}}],"line":33},"7":{"loc":{"start":{"line":34,"column":5},"end":{"line":34,"column":20}},"type":"binary-expr","locations":[{"start":{"line":34,"column":5},"end":{"line":34,"column":14}},{"start":{"line":34,"column":18},"end":{"line":34,"column":20}}],"line":34},"8":{"loc":{"start":{"line":35,"column":5},"end":{"line":35,"column":23}},"type":"binary-expr","locations":[{"start":{"line":35,"column":5},"end":{"line":35,"column":17}},{"start":{"line":35,"column":21},"end":{"line":35,"column":23}}],"line":35},"9":{"loc":{"start":{"line":36,"column":11},"end":{"line":36,"column":32}},"type":"binary-expr","locations":[{"start":{"line":36,"column":11},"end":{"line":36,"column":26}},{"start":{"line":36,"column":30},"end":{"line":36,"column":32}}],"line":36},"10":{"loc":{"start":{"line":37,"column":5},"end":{"line":37,"column":37}},"type":"binary-expr","locations":[{"start":{"line":37,"column":5},"end":{"line":37,"column":31}},{"start":{"line":37,"column":35},"end":{"line":37,"column":37}}],"line":37},"11":{"loc":{"start":{"line":61,"column":31},"end":{"line":61,"column":51}},"type":"binary-expr","locations":[{"start":{"line":61,"column":31},"end":{"line":61,"column":45}},{"start":{"line":61,"column":49},"end":{"line":61,"column":51}}],"line":61},"12":{"loc":{"start":{"line":73,"column":31},"end":{"line":73,"column":47}},"type":"binary-expr","locations":[{"start":{"line":73,"column":31},"end":{"line":73,"column":41}},{"start":{"line":73,"column":45},"end":{"line":73,"column":47}}],"line":73},"13":{"loc":{"start":{"line":74,"column":31},"end":{"line":74,"column":47}},"type":"binary-expr","locations":[{"start":{"line":74,"column":31},"end":{"line":74,"column":41}},{"start":{"line":74,"column":45},"end":{"line":74,"column":47}}],"line":74},"14":{"loc":{"start":{"line":75,"column":16},"end":{"line":75,"column":71}},"type":"if","locations":[{"start":{"line":75,"column":16},"end":{"line":75,"column":71}},{"start":{},"end":{}}],"line":75},"15":{"loc":{"start":{"line":77,"column":32},"end":{"line":77,"column":49}},"type":"binary-expr","locations":[{"start":{"line":77,"column":32},"end":{"line":77,"column":43}},{"start":{"line":77,"column":47},"end":{"line":77,"column":49}}],"line":77},"16":{"loc":{"start":{"line":78,"column":32},"end":{"line":78,"column":49}},"type":"binary-expr","locations":[{"start":{"line":78,"column":32},"end":{"line":78,"column":43}},{"start":{"line":78,"column":47},"end":{"line":78,"column":49}}],"line":78},"17":{"loc":{"start":{"line":102,"column":6},"end":{"line":102,"column":49}},"type":"if","locations":[{"start":{"line":102,"column":6},"end":{"line":102,"column":49}},{"start":{},"end":{}}],"line":102}},"s":{"0":26,"1":26,"2":11,"3":15,"4":15,"5":26,"6":26,"7":26,"8":26,"9":26,"10":8,"11":8,"12":8,"13":8,"14":8,"15":8,"16":7,"17":7,"18":8,"19":8,"20":14,"21":14,"22":14,"23":7,"24":7,"25":7,"26":5,"27":2,"28":2,"29":2,"30":8,"31":8,"32":8,"33":1,"34":1,"35":1,"36":1,"37":1,"38":1,"39":8,"40":8,"41":8,"42":7,"43":26,"44":24,"45":26,"46":26,"47":26},"f":{"0":26,"1":26,"2":8,"3":8,"4":8,"5":14,"6":14,"7":7,"8":1,"9":8,"10":24,"11":26,"12":26},"b":{"0":[11,15],"1":[15,0],"2":[15,0],"3":[15,14,13,12,11,10,9,8],"4":[14,0],"5":[13,0],"6":[12,2],"7":[11,2],"8":[10,2],"9":[9,2],"10":[8,2],"11":[8,1],"12":[7,1],"13":[7,1],"14":[5,2],"15":[2,0],"16":[2,0],"17":[7,1]},"_coverageSchema":"1a1c01bbd47fc00a2c39e90264f33305004495a9","hash":"ad56803f6dabb4242e02ca6659b83dea8e2f4b73"}
,"C:\\Users\\jewel\\Spring26_classes\\SeniorSem\\cadetlinks\\CadetLinks\\src\\styles\\EventStyles.ts": {"path":"C:\\Users\\jewel\\Spring26_classes\\SeniorSem\\cadetlinks\\CadetLinks\\src\\styles\\EventStyles.ts","statementMap":{"0":{"start":{"line":5,"column":29},"end":{"line":11,"column":1}},"1":{"start":{"line":13,"column":28},"end":{"line":246,"column":2}}},"fnMap":{},"branchMap":{},"s":{"0":2,"1":2},"f":{},"b":{},"_coverageSchema":"1a1c01bbd47fc00a2c39e90264f33305004495a9","hash":"e08e2306329e886f186e9f47fb5c1383c59ff6fd"}
,"C:\\Users\\jewel\\Spring26_classes\\SeniorSem\\cadetlinks\\CadetLinks\\src\\styles\\GeneralStyles.ts": {"path":"C:\\Users\\jewel\\Spring26_classes\\SeniorSem\\cadetlinks\\CadetLinks\\src\\styles\\GeneralStyles.ts","statementMap":{"0":{"start":{"line":4,"column":29},"end":{"line":164,"column":2}}},"fnMap":{},"branchMap":{},"s":{"0":2},"f":{},"b":{},"_coverageSchema":"1a1c01bbd47fc00a2c39e90264f33305004495a9","hash":"c5567083b6f85f1900ff58c0812dc98450091812"}
,"C:\\Users\\jewel\\Spring26_classes\\SeniorSem\\cadetlinks\\CadetLinks\\src\\styles\\colors.ts": {"path":"C:\\Users\\jewel\\Spring26_classes\\SeniorSem\\cadetlinks\\CadetLinks\\src\\styles\\colors.ts","statementMap":{"0":{"start":{"line":5,"column":27},"end":{"line":31,"column":1}},"1":{"start":{"line":33,"column":46},"end":{"line":54,"column":1}},"2":{"start":{"line":62,"column":2},"end":{"line":62,"column":54}},"3":{"start":{"line":70,"column":17},"end":{"line":70,"column":44}},"4":{"start":{"line":71,"column":2},"end":{"line":71,"column":47}}},"fnMap":{"0":{"name":"getColors","decl":{"start":{"line":61,"column":16},"end":{"line":61,"column":25}},"loc":{"start":{"line":61,"column":63},"end":{"line":63,"column":1}},"line":61},"1":{"name":"useColors","decl":{"start":{"line":69,"column":16},"end":{"line":69,"column":25}},"loc":{"start":{"line":69,"column":39},"end":{"line":72,"column":1}},"line":69}},"branchMap":{"0":{"loc":{"start":{"line":62,"column":9},"end":{"line":62,"column":53}},"type":"cond-expr","locations":[{"start":{"line":62,"column":29},"end":{"line":62,"column":39}},{"start":{"line":62,"column":42},"end":{"line":62,"column":53}}],"line":62},"1":{"loc":{"start":{"line":70,"column":17},"end":{"line":70,"column":44}},"type":"binary-expr","locations":[{"start":{"line":70,"column":17},"end":{"line":70,"column":33}},{"start":{"line":70,"column":37},"end":{"line":70,"column":44}}],"line":70}},"s":{"0":2,"1":2,"2":0,"3":0,"4":0},"f":{"0":0,"1":0},"b":{"0":[0,0],"1":[0,0]},"_coverageSchema":"1a1c01bbd47fc00a2c39e90264f33305004495a9","hash":"7eb93da64727c89bdb438e60d2955c7068830be5"}
}
