TN:
SF:src\assets\constants.tsx
FNF:0
FNH:0
DA:1,4
DA:2,4
DA:3,4
DA:4,4
DA:6,4
DA:13,4
LF:6
LH:6
BRF:0
BRH:0
end_of_record
TN:
SF:src\navigation\screens\EventsPage\EventScreen.tsx
FN:13,Events
FN:45,(anonymous_1)
FN:60,(anonymous_2)
FN:67,(anonymous_3)
FN:143,(anonymous_4)
FN:150,(anonymous_5)
FN:186,(anonymous_6)
FN:194,(anonymous_7)
FN:201,(anonymous_8)
FN:209,(anonymous_9)
FN:218,(anonymous_10)
FN:240,(anonymous_11)
FN:261,(anonymous_12)
FNF:13
FNH:13
FNDA:7,Events
FNDA:1,(anonymous_1)
FNDA:6,(anonymous_2)
FNDA:1,(anonymous_3)
FNDA:1,(anonymous_4)
FNDA:1,(anonymous_5)
FNDA:1,(anonymous_6)
FNDA:1,(anonymous_7)
FNDA:1,(anonymous_8)
FNDA:1,(anonymous_9)
FNDA:1,(anonymous_10)
FNDA:1,(anonymous_11)
FNDA:1,(anonymous_12)
DA:33,7
DA:35,7
DA:37,7
DA:45,1
DA:61,6
DA:63,6
DA:67,1
DA:143,1
DA:150,1
DA:186,1
DA:195,1
DA:202,1
DA:209,1
DA:218,1
DA:240,1
DA:261,1
LF:16
LH:16
BRDA:56,0,0,7
BRDA:56,0,1,7
BRDA:56,0,2,6
BRDA:90,1,0,7
BRDA:90,1,1,7
BRDA:90,1,2,1
BRDA:97,2,0,7
BRDA:97,2,1,6
BRDA:122,3,0,7
BRDA:122,3,1,1
BRDA:140,4,0,1
BRDA:140,4,1,1
BRDA:140,4,2,1
BRDA:247,5,0,0
BRDA:247,5,1,7
BRDA:252,6,0,0
BRDA:252,6,1,7
BRDA:253,7,0,0
BRDA:253,7,1,7
BRDA:268,8,0,0
BRDA:268,8,1,7
BRDA:273,9,0,0
BRDA:273,9,1,7
BRDA:274,10,0,0
BRDA:274,10,1,7
BRF:25
BRH:19
end_of_record
TN:
SF:src\navigation\screens\EventsPage\EventsLogic.ts
FN:23,useEvents
FN:26,(anonymous_1)
FN:56,(anonymous_2)
FN:59,(anonymous_3)
FN:74,(anonymous_4)
FN:80,(anonymous_5)
FN:87,(anonymous_6)
FN:89,(anonymous_7)
FN:90,(anonymous_8)
FN:98,(anonymous_9)
FN:102,(anonymous_10)
FN:113,(anonymous_11)
FN:132,(anonymous_12)
FN:136,(anonymous_13)
FN:141,(anonymous_14)
FN:152,(anonymous_15)
FN:157,(anonymous_16)
FN:169,(anonymous_17)
FN:179,(anonymous_18)
FN:184,(anonymous_19)
FN:191,(anonymous_20)
FN:192,(anonymous_21)
FN:197,(anonymous_22)
FN:201,(anonymous_23)
FN:222,(anonymous_24)
FN:250,(anonymous_25)
FN:257,(anonymous_26)
FN:272,(anonymous_27)
FN:283,(anonymous_28)
FN:287,(anonymous_29)
FN:315,(anonymous_30)
FN:336,(anonymous_31)
FN:356,(anonymous_32)
FN:361,(anonymous_33)
FNF:34
FNH:34
FNDA:109,useEvents
FNDA:141,(anonymous_1)
FNDA:21,(anonymous_2)
FNDA:21,(anonymous_3)
FNDA:21,(anonymous_4)
FNDA:18,(anonymous_5)
FNDA:45,(anonymous_6)
FNDA:9,(anonymous_7)
FNDA:1,(anonymous_8)
FNDA:21,(anonymous_9)
FNDA:23,(anonymous_10)
FNDA:7,(anonymous_11)
FNDA:7,(anonymous_12)
FNDA:21,(anonymous_13)
FNDA:39,(anonymous_14)
FNDA:18,(anonymous_15)
FNDA:5,(anonymous_16)
FNDA:18,(anonymous_17)
FNDA:4,(anonymous_18)
FNDA:2,(anonymous_19)
FNDA:4,(anonymous_20)
FNDA:4,(anonymous_21)
FNDA:4,(anonymous_22)
FNDA:4,(anonymous_23)
FNDA:3,(anonymous_24)
FNDA:1,(anonymous_25)
FNDA:2,(anonymous_26)
FNDA:6,(anonymous_27)
FNDA:4,(anonymous_28)
FNDA:5,(anonymous_29)
FNDA:3,(anonymous_30)
FNDA:5,(anonymous_31)
FNDA:1,(anonymous_32)
FNDA:4,(anonymous_33)
DA:26,109
DA:27,141
DA:28,141
DA:29,0
DA:30,0
DA:32,141
DA:35,109
DA:36,109
DA:37,109
DA:38,109
DA:39,109
DA:40,109
DA:41,109
DA:42,109
DA:43,109
DA:45,109
DA:56,109
DA:57,21
DA:59,21
DA:60,21
DA:61,21
DA:62,20
DA:63,20
DA:64,20
DA:65,20
DA:68,1
DA:72,21
DA:74,21
DA:75,21
DA:80,109
DA:81,18
DA:82,18
DA:83,18
DA:87,109
DA:88,45
DA:89,9
DA:91,1
DA:98,109
DA:99,21
DA:100,21
DA:102,21
DA:103,23
DA:104,23
DA:106,23
DA:107,1
DA:108,1
DA:109,1
DA:113,22
DA:114,7
DA:116,7
DA:117,7
DA:118,7
DA:119,1
DA:120,1
DA:122,6
DA:132,7
DA:133,22
DA:134,22
DA:136,21
DA:141,109
DA:142,39
DA:144,18
DA:145,18
DA:146,0
DA:147,0
DA:150,18
DA:151,18
DA:152,18
DA:153,18
DA:154,18
DA:155,18
DA:157,18
DA:158,5
DA:159,5
DA:162,5
DA:163,5
DA:165,18
DA:166,18
DA:169,18
DA:170,18
DA:179,109
DA:180,4
DA:181,4
DA:182,3
DA:183,3
DA:184,2
DA:187,4
DA:191,109
DA:192,4
DA:193,4
DA:194,4
DA:195,4
DA:196,4
DA:197,4
DA:201,109
DA:202,4
DA:203,1
DA:204,1
DA:207,3
DA:208,3
DA:209,3
DA:210,3
DA:211,3
DA:214,2
DA:217,1
DA:222,109
DA:223,3
DA:224,0
DA:225,0
DA:228,3
DA:229,3
DA:230,3
DA:231,3
DA:233,3
DA:235,3
DA:237,3
DA:239,3
DA:240,2
DA:241,1
DA:244,0
DA:245,0
DA:250,109
DA:251,1
DA:252,1
DA:257,109
DA:258,2
DA:267,2
DA:272,109
DA:274,6
DA:275,1
DA:276,1
DA:279,5
DA:281,5
DA:282,5
DA:283,5
DA:287,109
DA:289,5
DA:290,5
DA:291,5
DA:292,5
DA:300,5
DA:302,0
DA:305,5
DA:306,3
DA:307,3
DA:311,5
DA:315,109
DA:316,3
DA:317,1
DA:318,1
DA:321,2
DA:322,2
DA:323,2
DA:324,2
DA:325,2
DA:327,2
DA:331,1
DA:336,109
DA:337,5
DA:339,5
DA:340,5
DA:341,5
DA:342,5
DA:345,5
DA:352,5
DA:353,5
DA:356,109
DA:357,1
DA:361,109
DA:362,4
DA:363,1
DA:366,3
DA:368,3
DA:369,1
DA:372,2
DA:373,1
DA:375,1
DA:380,109
LF:178
LH:169
BRDA:27,0,0,0
BRDA:27,0,1,141
BRDA:28,1,0,0
BRDA:28,1,1,141
BRDA:62,2,0,20
BRDA:62,2,1,0
BRDA:106,3,0,1
BRDA:106,3,1,22
BRDA:118,4,0,1
BRDA:118,4,1,6
BRDA:129,5,0,1
BRDA:129,5,1,5
BRDA:142,6,0,21
BRDA:142,6,1,18
BRDA:145,7,0,0
BRDA:145,7,1,18
BRDA:153,8,0,18
BRDA:153,8,1,16
BRDA:158,9,0,5
BRDA:158,9,1,0
BRDA:162,10,0,2
BRDA:162,10,1,3
BRDA:163,11,0,2
BRDA:163,11,1,3
BRDA:181,12,0,3
BRDA:181,12,1,1
BRDA:183,13,0,2
BRDA:183,13,1,1
BRDA:196,14,0,3
BRDA:196,14,1,1
BRDA:202,15,0,1
BRDA:202,15,1,3
BRDA:212,16,0,2
BRDA:212,16,1,1
BRDA:214,17,0,1
BRDA:214,17,1,1
BRDA:223,18,0,0
BRDA:223,18,1,3
BRDA:233,19,0,0
BRDA:233,19,1,3
BRDA:237,20,0,2
BRDA:237,20,1,1
BRDA:237,21,0,3
BRDA:237,21,1,3
BRDA:239,22,0,1
BRDA:239,22,1,2
BRDA:240,23,0,1
BRDA:240,23,1,1
BRDA:274,24,0,1
BRDA:274,24,1,5
BRDA:274,25,0,6
BRDA:274,25,1,5
BRDA:274,25,2,5
BRDA:274,25,3,5
BRDA:274,25,4,5
BRDA:298,26,0,2
BRDA:298,26,1,3
BRDA:305,27,0,3
BRDA:305,27,1,2
BRDA:316,28,0,1
BRDA:316,28,1,2
BRDA:362,29,0,1
BRDA:362,29,1,3
BRDA:368,30,0,1
BRDA:368,30,1,2
BRDA:372,31,0,1
BRDA:372,31,1,1
BRF:67
BRH:60
end_of_record
TN:
SF:src\navigation\screens\HomePage\Home.tsx
FN:16,HomePage
FN:37,(anonymous_1)
FN:58,(anonymous_2)
FNF:3
FNH:3
FNDA:3,HomePage
FNDA:6,(anonymous_1)
FNDA:2,(anonymous_2)
DA:24,3
DA:26,3
DA:38,6
DA:59,2
LF:4
LH:4
BRDA:54,0,0,3
BRDA:54,0,1,2
BRF:2
BRH:2
end_of_record
TN:
SF:src\navigation\screens\HomePage\HomeLogic.tsx
FN:17,useHomeLogic
FN:28,(anonymous_1)
FN:42,(anonymous_2)
FN:45,(anonymous_3)
FN:53,(anonymous_4)
FN:71,(anonymous_5)
FN:76,(anonymous_6)
FN:79,(anonymous_7)
FN:93,(anonymous_8)
FN:94,(anonymous_9)
FN:97,(anonymous_10)
FN:99,(anonymous_11)
FN:135,(anonymous_12)
FN:137,(anonymous_13)
FN:153,(anonymous_14)
FN:157,(anonymous_15)
FN:159,(anonymous_16)
FN:176,(anonymous_17)
FNF:18
FNH:18
FNDA:28,useHomeLogic
FNDA:6,(anonymous_1)
FNDA:10,(anonymous_2)
FNDA:11,(anonymous_3)
FNDA:6,(anonymous_4)
FNDA:6,(anonymous_5)
FNDA:10,(anonymous_6)
FNDA:21,(anonymous_7)
FNDA:5,(anonymous_8)
FNDA:2,(anonymous_9)
FNDA:10,(anonymous_10)
FNDA:10,(anonymous_11)
FNDA:3,(anonymous_12)
FNDA:4,(anonymous_13)
FNDA:10,(anonymous_14)
FNDA:1,(anonymous_15)
FNDA:1,(anonymous_16)
FNDA:18,(anonymous_17)
DA:14,1
DA:18,28
DA:19,28
DA:20,28
DA:28,28
DA:29,6
DA:30,6
DA:34,6
DA:35,6
DA:36,1
DA:39,5
DA:42,28
DA:43,10
DA:45,10
DA:46,11
DA:47,11
DA:48,7
DA:49,7
DA:52,4
DA:54,6
DA:55,6
DA:57,6
DA:58,1
DA:61,5
DA:71,6
DA:73,4
DA:76,10
DA:79,28
DA:80,21
DA:81,21
DA:82,21
DA:92,21
DA:93,5
DA:94,2
DA:97,28
DA:99,10
DA:100,10
DA:101,10
DA:102,10
DA:103,1
DA:104,1
DA:106,9
DA:108,9
DA:110,8
DA:111,4
DA:112,4
DA:115,4
DA:116,4
DA:118,4
DA:122,4
DA:124,4
DA:125,4
DA:127,4
DA:129,4
DA:130,1
DA:133,3
DA:135,3
DA:136,3
DA:137,3
DA:138,4
DA:140,3
DA:144,1
DA:147,10
DA:153,28
DA:154,10
DA:156,9
DA:158,1
DA:159,1
DA:168,28
DA:176,28
DA:177,18
DA:180,28
LF:72
LH:72
BRDA:30,0,0,0
BRDA:30,1,0,0
BRDA:30,2,0,0
BRDA:30,3,0,6
BRDA:30,3,1,0
BRDA:34,4,0,6
BRDA:34,4,1,0
BRDA:34,5,0,6
BRDA:34,5,1,0
BRDA:35,6,0,1
BRDA:35,6,1,5
BRDA:47,7,0,7
BRDA:47,7,1,4
BRDA:57,8,0,1
BRDA:57,8,1,5
BRDA:68,9,0,2
BRDA:68,9,1,3
BRDA:68,10,0,5
BRDA:68,10,1,4
BRDA:93,11,0,5
BRDA:93,11,1,5
BRDA:102,12,0,1
BRDA:102,12,1,9
BRDA:110,13,0,4
BRDA:110,13,1,4
BRDA:129,14,0,1
BRDA:129,14,1,3
BRDA:154,15,0,1
BRDA:154,15,1,9
BRDA:154,16,0,10
BRDA:154,16,1,10
BRDA:177,17,0,18
BRDA:177,17,1,14
BRF:33
BRH:27
end_of_record
TN:
SF:src\navigation\screens\JobsPage\AttendanceLogic.tsx
FN:30,normalizeAttendanceKey
FN:34,getTodayString
FN:42,inferAttendanceBucket
FN:51,useAttendanceLogic
FN:63,(anonymous_4)
FN:63,(anonymous_5)
FN:68,(anonymous_6)
FN:69,(anonymous_7)
FN:75,(anonymous_8)
FN:76,(anonymous_9)
FN:81,loadAttendanceModalData
FN:92,(anonymous_11)
FN:99,(anonymous_12)
FN:100,(anonymous_13)
FN:109,(anonymous_14)
FN:122,(anonymous_15)
FN:133,(anonymous_16)
FN:145,(anonymous_17)
FN:150,(anonymous_18)
FN:151,(anonymous_19)
FN:154,(anonymous_20)
FN:159,(anonymous_21)
FN:163,(anonymous_22)
FN:176,(anonymous_23)
FN:180,saveAttendanceForEvent
FN:184,(anonymous_25)
FN:212,clearAttendanceForEvent
FN:213,(anonymous_27)
FN:232,(anonymous_28)
FN:250,(anonymous_29)
FN:264,(anonymous_30)
FN:286,(anonymous_31)
FNF:32
FNH:32
FNDA:27,normalizeAttendanceKey
FNDA:23,getTodayString
FNDA:9,inferAttendanceBucket
FNDA:83,useAttendanceLogic
FNDA:64,(anonymous_4)
FNDA:38,(anonymous_5)
FNDA:56,(anonymous_6)
FNDA:10,(anonymous_7)
FNDA:56,(anonymous_8)
FNDA:10,(anonymous_9)
FNDA:23,loadAttendanceModalData
FNDA:25,(anonymous_11)
FNDA:25,(anonymous_12)
FNDA:2,(anonymous_13)
FNDA:27,(anonymous_14)
FNDA:9,(anonymous_15)
FNDA:23,(anonymous_16)
FNDA:2,(anonymous_17)
FNDA:4,(anonymous_18)
FNDA:4,(anonymous_19)
FNDA:18,(anonymous_20)
FNDA:12,(anonymous_21)
FNDA:12,(anonymous_22)
FNDA:7,(anonymous_23)
FNDA:8,saveAttendanceForEvent
FNDA:7,(anonymous_25)
FNDA:4,clearAttendanceForEvent
FNDA:3,(anonymous_27)
FNDA:9,(anonymous_28)
FNDA:6,(anonymous_29)
FNDA:4,(anonymous_30)
FNDA:83,(anonymous_31)
DA:31,27
DA:35,23
DA:36,23
DA:37,23
DA:38,23
DA:39,23
DA:43,9
DA:45,9
DA:46,5
DA:48,2
DA:52,83
DA:53,83
DA:54,83
DA:55,83
DA:56,83
DA:57,83
DA:58,83
DA:59,83
DA:60,83
DA:62,83
DA:63,64
DA:67,83
DA:69,56
DA:74,83
DA:76,56
DA:82,23
DA:84,23
DA:85,23
DA:87,23
DA:88,23
DA:89,22
DA:91,22
DA:93,25
DA:94,25
DA:99,25
DA:100,2
DA:102,22
DA:104,22
DA:105,22
DA:106,22
DA:108,22
DA:110,27
DA:111,27
DA:112,27
DA:114,27
DA:122,9
DA:124,22
DA:126,1
DA:127,1
DA:129,23
DA:133,83
DA:134,23
DA:135,23
DA:136,22
DA:137,22
DA:138,22
DA:139,22
DA:141,1
DA:145,83
DA:146,2
DA:147,2
DA:150,83
DA:151,4
DA:154,83
DA:155,18
DA:156,18
DA:159,83
DA:163,12
DA:164,12
DA:166,12
DA:167,2
DA:169,10
DA:172,12
DA:176,83
DA:177,7
DA:184,8
DA:186,8
DA:187,2
DA:190,6
DA:192,6
DA:193,1
DA:198,5
DA:200,5
DA:202,5
DA:203,9
DA:204,9
DA:209,5
DA:213,4
DA:215,4
DA:216,1
DA:219,3
DA:221,3
DA:222,1
DA:227,2
DA:229,2
DA:232,83
DA:233,9
DA:234,1
DA:235,1
DA:238,8
DA:239,8
DA:240,8
DA:241,4
DA:242,4
DA:244,4
DA:246,8
DA:250,83
DA:251,6
DA:252,1
DA:253,1
DA:256,5
DA:265,4
DA:266,4
DA:267,4
DA:268,1
DA:269,1
DA:270,1
DA:272,3
DA:277,4
DA:285,83
DA:286,83
LF:121
LH:121
BRDA:43,0,0,9
BRDA:43,0,1,0
BRDA:45,1,0,4
BRDA:45,1,1,5
BRDA:46,2,0,3
BRDA:46,2,1,2
BRDA:46,3,0,5
BRDA:46,3,1,3
BRDA:89,4,0,22
BRDA:89,4,1,0
BRDA:99,5,0,25
BRDA:99,5,1,22
BRDA:100,6,0,2
BRDA:100,6,1,0
BRDA:100,7,0,2
BRDA:100,7,1,0
BRDA:106,8,0,22
BRDA:106,8,1,0
BRDA:110,9,0,27
BRDA:110,9,1,0
BRDA:111,10,0,27
BRDA:111,10,1,0
BRDA:112,11,0,27
BRDA:112,11,1,0
BRDA:119,12,0,27
BRDA:119,12,1,0
BRDA:166,13,0,2
BRDA:166,13,1,10
BRDA:177,14,0,7
BRDA:177,14,1,3
BRDA:186,15,0,2
BRDA:186,15,1,6
BRDA:192,16,0,1
BRDA:192,16,1,5
BRDA:203,17,0,9
BRDA:203,17,1,3
BRDA:215,18,0,1
BRDA:215,18,1,3
BRDA:221,19,0,1
BRDA:221,19,1,2
BRDA:233,20,0,1
BRDA:233,20,1,8
BRDA:244,21,0,4
BRDA:244,21,1,0
BRDA:251,22,0,1
BRDA:251,22,1,5
BRDA:274,23,0,3
BRDA:274,23,1,0
BRF:48
BRH:37
end_of_record
TN:
SF:src\navigation\screens\JobsPage\Jobs.tsx
FN:25,Jobs
FN:98,(anonymous_1)
FN:101,(anonymous_2)
FN:128,(anonymous_3)
FN:186,(anonymous_4)
FNF:5
FNH:5
FNDA:10,Jobs
FNDA:12,(anonymous_1)
FNDA:2,(anonymous_2)
FNDA:1,(anonymous_3)
FNDA:1,(anonymous_4)
DA:26,10
DA:28,10
DA:29,10
DA:46,10
DA:48,10
DA:99,12
DA:101,2
DA:128,1
DA:186,1
LF:9
LH:9
BRDA:63,0,0,1
BRDA:63,0,1,9
BRDA:68,1,0,2
BRDA:68,1,1,7
BRDA:71,2,0,1
BRDA:71,2,1,1
BRDA:95,3,0,6
BRDA:95,3,1,4
BRDA:95,4,0,10
BRDA:95,4,1,9
BRDA:95,4,2,7
BRF:11
BRH:11
end_of_record
TN:
SF:src\navigation\screens\JobsPage\JobsLogic.tsx
FN:14,iconForAction
FN:29,useJobsLogic
FN:46,(anonymous_2)
FN:48,(anonymous_3)
FN:49,(anonymous_4)
FN:59,(anonymous_5)
FN:60,(anonymous_6)
FN:99,(anonymous_7)
FN:169,(anonymous_8)
FNF:9
FNH:9
FNDA:4,iconForAction
FNDA:12,useJobsLogic
FNDA:6,(anonymous_2)
FNDA:18,(anonymous_3)
FNDA:8,(anonymous_4)
FNDA:6,(anonymous_5)
FNDA:6,(anonymous_6)
FNDA:3,(anonymous_7)
FNDA:12,(anonymous_8)
DA:15,4
DA:17,1
DA:19,1
DA:21,1
DA:23,1
DA:25,0
DA:30,12
DA:31,12
DA:33,12
DA:34,12
DA:35,12
DA:37,12
DA:38,12
DA:39,12
DA:40,12
DA:41,12
DA:42,12
DA:43,12
DA:45,12
DA:47,6
DA:48,18
DA:49,8
DA:54,12
DA:59,12
DA:60,6
DA:61,6
DA:62,6
DA:64,6
DA:65,6
DA:66,6
DA:68,6
DA:69,1
DA:70,1
DA:71,1
DA:75,5
DA:76,5
DA:78,4
DA:79,1
DA:80,1
DA:81,1
DA:84,3
DA:85,3
DA:89,1
DA:90,1
DA:92,6
DA:96,6
DA:99,12
DA:100,3
DA:102,3
DA:103,1
DA:104,1
DA:105,1
DA:108,2
DA:109,1
DA:110,1
DA:113,1
DA:114,1
DA:118,12
DA:122,12
DA:125,12
DA:127,12
DA:128,4
DA:136,12
DA:137,8
DA:146,12
DA:147,4
DA:157,12
DA:158,4
DA:166,12
DA:168,12
DA:169,12
LF:71
LH:70
BRDA:15,0,0,1
BRDA:15,0,1,1
BRDA:15,0,2,1
BRDA:15,0,3,1
BRDA:15,0,4,0
BRDA:37,1,0,12
BRDA:37,1,1,0
BRDA:38,2,0,12
BRDA:38,2,1,0
BRDA:39,3,0,12
BRDA:39,3,1,0
BRDA:40,4,0,12
BRDA:40,4,1,4
BRDA:40,4,2,4
BRDA:54,5,0,8
BRDA:54,5,1,4
BRDA:68,6,0,1
BRDA:68,6,1,5
BRDA:78,7,0,1
BRDA:78,7,1,3
BRDA:100,8,0,0
BRDA:100,8,1,3
BRDA:102,9,0,1
BRDA:102,9,1,2
BRDA:108,10,0,1
BRDA:108,10,1,1
BRDA:113,11,0,0
BRDA:113,11,1,1
BRDA:118,12,0,3
BRDA:118,12,1,9
BRDA:118,13,0,12
BRDA:118,13,1,9
BRDA:119,14,0,3
BRDA:119,14,1,0
BRDA:119,15,0,3
BRDA:119,15,1,0
BRDA:122,16,0,12
BRDA:122,16,1,9
BRDA:127,17,0,4
BRDA:127,17,1,8
BRDA:136,18,0,8
BRDA:136,18,1,4
BRDA:146,19,0,4
BRDA:146,19,1,8
BRDA:157,20,0,4
BRDA:157,20,1,8
BRF:46
BRH:38
end_of_record
TN:
SF:src\navigation\screens\JobsPage\UploadDocsLogic.tsx
FN:24,useDocumentUploadingLogic
FN:34,(anonymous_1)
FN:40,(anonymous_2)
FN:47,(anonymous_3)
FN:52,(anonymous_4)
FN:96,(anonymous_5)
FN:108,(anonymous_6)
FNF:7
FNH:7
FNDA:38,useDocumentUploadingLogic
FNDA:1,(anonymous_1)
FNDA:1,(anonymous_2)
FNDA:1,(anonymous_3)
FNDA:13,(anonymous_4)
FNDA:4,(anonymous_5)
FNDA:7,(anonymous_6)
DA:17,1
DA:19,1
DA:26,38
DA:27,38
DA:28,38
DA:29,38
DA:30,38
DA:31,38
DA:32,38
DA:34,38
DA:35,1
DA:36,1
DA:37,1
DA:40,38
DA:41,1
DA:42,1
DA:43,1
DA:44,1
DA:47,38
DA:48,1
DA:49,1
DA:52,38
DA:53,13
DA:54,13
DA:55,13
DA:57,13
DA:58,13
DA:64,12
DA:66,11
DA:67,11
DA:68,10
DA:69,1
DA:70,1
DA:72,9
DA:73,1
DA:74,1
DA:77,8
DA:85,8
DA:86,8
DA:89,1
DA:90,1
DA:92,13
DA:96,38
DA:97,4
DA:98,2
DA:99,1
DA:100,1
DA:104,2
DA:105,2
DA:108,38
DA:109,7
DA:110,7
DA:112,7
DA:113,2
DA:114,2
DA:117,5
DA:118,5
DA:119,1
DA:120,1
DA:123,4
DA:125,4
DA:126,4
DA:127,4
DA:129,4
DA:130,4
DA:131,4
DA:132,4
DA:134,3
DA:136,3
DA:137,3
DA:138,3
DA:149,3
DA:150,3
DA:151,3
DA:153,1
DA:154,1
DA:156,4
DA:160,38
LF:78
LH:78
BRDA:64,0,0,1
BRDA:64,0,1,11
BRDA:67,1,0,1
BRDA:67,1,1,10
BRDA:68,2,0,1
BRDA:68,2,1,9
BRDA:68,3,0,10
BRDA:68,3,1,1
BRDA:72,4,0,1
BRDA:72,4,1,8
BRDA:72,5,0,9
BRDA:72,5,1,1
BRDA:78,6,0,8
BRDA:78,6,1,1
BRDA:80,7,0,8
BRDA:80,7,1,1
BRDA:81,8,0,8
BRDA:81,8,1,1
BRDA:82,9,0,8
BRDA:82,9,1,7
BRDA:85,10,0,8
BRDA:85,10,1,1
BRDA:97,11,0,2
BRDA:97,11,1,2
BRDA:98,12,0,1
BRDA:98,12,1,1
BRDA:112,13,0,2
BRDA:112,13,1,5
BRDA:118,14,0,1
BRDA:118,14,1,4
BRDA:129,15,0,4
BRDA:129,15,1,1
BRDA:139,16,0,3
BRDA:139,16,1,1
BRF:34
BRH:34
end_of_record
TN:
SF:src\navigation\screens\JobsPage\Components\AttendanceModal.tsx
FN:17,AttendanceModal
FN:83,(anonymous_1)
FN:86,(anonymous_2)
FN:117,(anonymous_3)
FN:134,(anonymous_4)
FN:144,(anonymous_5)
FN:154,(anonymous_6)
FNF:7
FNH:7
FNDA:8,AttendanceModal
FNDA:2,(anonymous_1)
FNDA:1,(anonymous_2)
FNDA:15,(anonymous_3)
FNDA:1,(anonymous_4)
FNDA:1,(anonymous_5)
FNDA:1,(anonymous_6)
DA:36,8
DA:84,2
DA:86,1
DA:118,15
DA:120,15
DA:134,1
DA:144,1
DA:154,1
LF:8
LH:8
BRDA:53,0,0,1
BRDA:53,0,1,7
BRDA:70,1,0,1
BRDA:70,1,1,6
BRDA:71,2,0,1
BRDA:71,2,1,1
BRDA:76,3,0,2
BRDA:76,3,1,5
BRDA:78,4,0,1
BRDA:78,4,1,1
BRDA:93,5,0,2
BRDA:93,5,1,1
BRDA:93,6,0,2
BRDA:93,6,1,1
BRDA:125,7,0,7
BRDA:125,7,1,8
BRDA:137,8,0,15
BRDA:137,8,1,7
BRDA:147,9,0,15
BRDA:147,9,1,7
BRDA:157,10,0,15
BRDA:157,10,1,1
BRDA:172,11,0,7
BRDA:172,11,1,6
BRDA:175,12,0,7
BRDA:175,12,1,6
BRDA:175,12,2,2
BRDA:184,13,0,7
BRDA:184,13,1,6
BRDA:187,14,0,7
BRDA:187,14,1,6
BRDA:187,14,2,2
BRDA:191,15,0,1
BRDA:191,15,1,6
BRDA:200,16,0,7
BRDA:200,16,1,6
BRDA:203,17,0,7
BRDA:203,17,1,6
BRDA:203,17,2,2
BRDA:207,18,0,1
BRDA:207,18,1,6
BRF:41
BRH:41
end_of_record
TN:
SF:src\navigation\screens\JobsPage\Components\UploadDocsModal.tsx
FN:18,formatBytes
FN:27,UploadDocsModal
FN:62,(anonymous_2)
FN:116,(anonymous_3)
FNF:4
FNH:4
FNDA:5,formatBytes
FNDA:9,UploadDocsModal
FNDA:1,(anonymous_2)
FNDA:1,(anonymous_3)
DA:19,5
DA:20,4
DA:21,3
DA:22,3
DA:23,1
DA:24,1
DA:39,9
DA:62,1
DA:116,1
LF:9
LH:9
BRDA:19,0,0,1
BRDA:19,0,1,4
BRDA:20,1,0,1
BRDA:20,1,1,3
BRDA:22,2,0,2
BRDA:22,2,1,1
BRDA:63,3,0,9
BRDA:63,3,1,8
BRDA:65,4,0,1
BRDA:65,4,1,8
BRDA:72,5,0,5
BRDA:72,5,1,4
BRDA:90,6,0,5
BRDA:90,6,1,4
BRDA:99,7,0,5
BRDA:99,7,1,0
BRDA:109,8,0,1
BRDA:109,8,1,8
BRDA:110,9,0,1
BRDA:110,9,1,8
BRDA:117,10,0,9
BRDA:117,10,1,8
BRDA:119,11,0,1
BRDA:119,11,1,8
BRF:24
BRH:23
end_of_record
TN:
SF:src\navigation\screens\JobsPage\Components\ViewDocumentModal.tsx
FN:42,formatBytes
FN:51,formatDate
FN:55,isImage
FN:59,isPDF
FN:63,ViewDocumentModal
FN:78,(anonymous_5)
FN:84,(anonymous_6)
FN:90,(anonymous_7)
FN:110,(anonymous_8)
FN:144,(anonymous_9)
FN:145,(anonymous_10)
FN:156,(anonymous_11)
FN:165,(anonymous_12)
FN:174,(anonymous_13)
FN:271,(anonymous_14)
FN:317,(anonymous_15)
FNF:16
FNH:15
FNDA:14,formatBytes
FNDA:14,formatDate
FNDA:17,isImage
FNDA:5,isPDF
FNDA:14,ViewDocumentModal
FNDA:3,(anonymous_5)
FNDA:1,(anonymous_6)
FNDA:2,(anonymous_7)
FNDA:0,(anonymous_8)
FNDA:22,(anonymous_9)
FNDA:14,(anonymous_10)
FNDA:3,(anonymous_11)
FNDA:1,(anonymous_12)
FNDA:1,(anonymous_13)
FNDA:1,(anonymous_14)
FNDA:1,(anonymous_15)
DA:40,1
DA:43,14
DA:44,14
DA:45,4
DA:46,4
DA:47,1
DA:48,1
DA:52,14
DA:56,17
DA:60,5
DA:74,14
DA:75,14
DA:76,14
DA:78,14
DA:79,3
DA:80,3
DA:81,3
DA:84,14
DA:85,1
DA:86,1
DA:87,1
DA:90,14
DA:91,2
DA:94,2
DA:95,1
DA:103,1
DA:104,1
DA:105,1
DA:111,0
DA:117,0
DA:120,14
DA:144,22
DA:146,14
DA:156,3
DA:165,1
DA:174,1
DA:271,1
DA:317,1
LF:38
LH:36
BRDA:43,0,0,0
BRDA:43,0,1,14
BRDA:44,1,0,10
BRDA:44,1,1,4
BRDA:46,2,0,3
BRDA:46,2,1,1
BRDA:91,3,0,0
BRDA:91,3,1,2
BRDA:91,4,0,2
BRDA:91,4,1,2
BRDA:94,5,0,1
BRDA:94,5,1,1
BRDA:103,6,0,1
BRDA:103,6,1,0
BRDA:137,7,0,1
BRDA:137,7,1,13
BRDA:139,8,0,1
BRDA:139,8,1,12
BRDA:154,9,0,13
BRDA:154,9,1,1
BRDA:154,10,0,14
BRDA:154,10,1,4
BRDA:172,11,0,13
BRDA:172,11,1,1
BRDA:177,12,0,1
BRDA:177,12,1,12
BRDA:194,13,0,1
BRDA:194,13,1,13
BRDA:202,14,0,14
BRDA:202,14,1,3
BRDA:203,15,0,1
BRDA:203,15,1,2
BRDA:242,16,0,1
BRDA:242,16,1,0
BRDA:242,17,0,1
BRDA:242,17,1,0
BRDA:254,18,0,0
BRDA:254,18,1,0
BRDA:254,19,0,0
BRDA:254,19,1,0
BRDA:271,20,0,1
BRDA:271,20,1,1
BRDA:317,21,0,1
BRDA:317,21,1,1
BRF:44
BRH:35
end_of_record
TN:
SF:src\navigation\screens\LoginPage\Login.tsx
FN:25,Login
FN:107,(anonymous_1)
FNF:2
FNH:2
FNDA:9,Login
FNDA:1,(anonymous_1)
DA:37,9
DA:40,9
DA:107,1
LF:3
LH:3
BRDA:44,0,0,8
BRDA:44,0,1,1
BRDA:67,1,0,1
BRDA:67,1,1,8
BRDA:81,2,0,1
BRDA:81,2,1,8
BRDA:88,3,0,9
BRDA:88,3,1,1
BRDA:92,4,0,9
BRDA:92,4,1,1
BRDA:96,5,0,1
BRDA:96,5,1,8
BRF:12
BRH:12
end_of_record
TN:
SF:src\navigation\screens\LoginPage\LoginLogic.tsx
FN:11,useLoginLogic
FN:22,(anonymous_1)
FNF:2
FNH:2
FNDA:23,useLoginLogic
FNDA:9,(anonymous_1)
DA:12,23
DA:13,23
DA:14,23
DA:15,23
DA:19,23
DA:22,23
DA:23,9
DA:24,9
DA:27,9
DA:28,1
DA:29,1
DA:33,8
DA:34,8
DA:37,8
DA:39,8
DA:43,2
DA:50,2
DA:51,2
DA:52,1
DA:53,1
DA:58,1
DA:59,1
DA:62,1
DA:64,6
DA:65,6
DA:68,6
DA:73,3
DA:74,3
DA:75,1
DA:76,2
DA:77,1
DA:79,1
DA:82,8
DA:87,23
LF:34
LH:34
BRDA:27,0,0,1
BRDA:27,0,1,8
BRDA:27,1,0,9
BRDA:27,1,1,8
BRDA:51,2,0,1
BRDA:51,2,1,1
BRDA:68,3,0,3
BRDA:68,3,1,3
BRDA:69,4,0,6
BRDA:69,4,1,5
BRDA:69,4,2,4
BRDA:74,5,0,1
BRDA:74,5,1,2
BRDA:76,6,0,1
BRDA:76,6,1,1
BRF:15
BRH:15
end_of_record
TN:
SF:src\navigation\screens\ProfilePage\Profile.tsx
FN:14,Profile
FN:44,getAttendanceColor
FN:63,(anonymous_2)
FN:80,(anonymous_3)
FNF:4
FNH:4
FNDA:20,Profile
FNDA:40,getAttendanceColor
FNDA:1,(anonymous_2)
FNDA:6,(anonymous_3)
DA:15,20
DA:40,20
DA:42,20
DA:45,40
DA:46,21
DA:47,2
DA:50,20
DA:51,20
DA:53,20
DA:63,1
DA:80,6
LF:11
LH:11
BRDA:45,0,0,19
BRDA:45,0,1,21
BRDA:46,1,0,19
BRDA:46,1,1,2
BRDA:66,2,0,20
BRDA:66,2,1,14
BRDA:72,3,0,20
BRDA:72,3,1,14
BRDA:83,4,0,20
BRDA:83,4,1,6
BRDA:89,5,0,20
BRDA:89,5,1,6
BRDA:98,6,0,14
BRDA:98,6,1,6
BRDA:106,7,0,3
BRDA:106,7,1,11
BRDA:111,8,0,3
BRDA:111,8,1,8
BRDA:114,9,0,2
BRDA:114,9,1,1
BRDA:121,10,0,3
BRDA:121,10,1,5
BRDA:126,11,0,5
BRDA:126,11,1,1
BRDA:126,12,0,5
BRDA:126,12,1,1
BRDA:131,13,0,5
BRDA:131,13,1,1
BRDA:136,14,0,5
BRDA:136,14,1,1
BRDA:141,15,0,5
BRDA:141,15,1,1
BRDA:146,16,0,5
BRDA:146,16,1,1
BRDA:151,17,0,5
BRDA:151,17,1,1
BRDA:156,18,0,5
BRDA:156,18,1,1
BRDA:171,19,0,5
BRDA:171,19,1,1
BRDA:176,20,0,1
BRDA:176,20,1,13
BRDA:178,21,0,1
BRDA:178,21,1,12
BRDA:191,22,0,12
BRDA:191,22,1,2
BRDA:193,23,0,1
BRDA:193,23,1,1
BRDA:207,24,0,12
BRDA:207,24,1,2
BRDA:209,25,0,1
BRDA:209,25,1,1
BRDA:215,26,0,12
BRDA:215,26,1,2
BRDA:217,27,0,1
BRDA:217,27,1,1
BRDA:285,28,0,1
BRDA:285,28,1,13
BRDA:287,29,0,12
BRDA:287,29,1,1
BRDA:301,30,0,1
BRDA:301,30,1,13
BRDA:303,31,0,12
BRDA:303,31,1,1
BRDA:309,32,0,1
BRDA:309,32,1,13
BRDA:311,33,0,12
BRDA:311,33,1,1
BRDA:377,34,0,1
BRDA:377,34,1,5
BRDA:382,35,0,2
BRDA:382,35,1,3
BRDA:385,36,0,1
BRDA:385,36,1,1
BRDA:392,37,0,1
BRDA:392,37,1,2
BRDA:397,38,0,2
BRDA:397,38,1,1
BRDA:397,39,0,2
BRDA:397,39,1,1
BRDA:402,40,0,2
BRDA:402,40,1,1
BRDA:407,41,0,2
BRDA:407,41,1,1
BRDA:412,42,0,2
BRDA:412,42,1,1
BRDA:417,43,0,2
BRDA:417,43,1,1
BRF:88
BRH:88
end_of_record
TN:
SF:src\navigation\screens\ProfilePage\ProfileLogic.tsx
FN:35,normalizeLlabKey
FN:39,normalizePTKey
FN:44,countAttendance
FN:63,useProfileLogic
FN:87,(anonymous_4)
FN:91,(anonymous_5)
FN:147,(anonymous_6)
FN:159,(anonymous_7)
FN:170,(anonymous_8)
FN:182,(anonymous_9)
FN:201,(anonymous_10)
FN:224,(anonymous_11)
FNF:12
FNH:12
FNDA:10,normalizeLlabKey
FNDA:10,normalizePTKey
FNDA:24,countAttendance
FNDA:29,useProfileLogic
FNDA:13,(anonymous_4)
FNDA:13,(anonymous_5)
FNDA:12,(anonymous_6)
FNDA:1,(anonymous_7)
FNDA:12,(anonymous_8)
FNDA:1,(anonymous_9)
FNDA:13,(anonymous_10)
FNDA:29,(anonymous_11)
DA:36,10
DA:40,10
DA:45,24
DA:46,24
DA:47,24
DA:48,24
DA:50,24
DA:51,33
DA:52,33
DA:54,32
DA:55,15
DA:56,9
DA:57,6
DA:60,24
DA:64,29
DA:67,29
DA:68,29
DA:69,29
DA:72,29
DA:73,29
DA:76,29
DA:77,29
DA:78,29
DA:79,29
DA:82,29
DA:83,29
DA:84,29
DA:85,29
DA:87,29
DA:88,13
DA:89,13
DA:91,13
DA:92,13
DA:93,13
DA:95,13
DA:96,13
DA:98,13
DA:99,13
DA:100,13
DA:102,13
DA:103,1
DA:104,1
DA:106,1
DA:107,1
DA:108,1
DA:109,1
DA:111,1
DA:112,1
DA:113,1
DA:114,1
DA:116,1
DA:117,1
DA:118,1
DA:119,1
DA:123,12
DA:124,12
DA:126,11
DA:128,11
DA:129,10
DA:130,10
DA:132,1
DA:133,1
DA:138,11
DA:141,11
DA:144,11
DA:145,11
DA:148,12
DA:149,12
DA:151,12
DA:152,12
DA:153,12
DA:154,12
DA:156,12
DA:157,12
DA:160,1
DA:161,1
DA:162,1
DA:167,11
DA:168,11
DA:171,12
DA:172,12
DA:174,12
DA:175,12
DA:176,12
DA:177,12
DA:179,12
DA:180,12
DA:183,1
DA:184,1
DA:185,1
DA:189,1
DA:190,1
DA:191,1
DA:192,1
DA:193,1
DA:195,13
DA:199,13
DA:201,13
DA:202,13
DA:203,13
DA:208,29
DA:210,29
DA:213,29
DA:216,29
DA:218,29
DA:221,29
DA:223,29
DA:224,29
LF:108
LH:108
BRDA:52,0,0,1
BRDA:52,0,1,32
BRDA:52,1,0,33
BRDA:52,1,1,32
BRDA:54,2,0,17
BRDA:54,2,1,15
BRDA:55,3,0,6
BRDA:55,3,1,9
BRDA:56,4,0,3
BRDA:56,4,1,6
BRDA:57,5,0,6
BRDA:57,5,1,0
BRDA:102,6,0,1
BRDA:102,6,1,12
BRDA:128,7,0,10
BRDA:128,7,1,1
BRDA:138,8,0,10
BRDA:138,8,1,1
BRDA:141,9,0,10
BRDA:141,9,1,1
BRDA:148,10,0,12
BRDA:148,10,1,0
BRDA:171,11,0,12
BRDA:171,11,1,3
BRDA:202,12,0,11
BRDA:202,12,1,2
BRDA:203,13,0,11
BRDA:203,13,1,2
BRDA:210,14,0,20
BRDA:210,14,1,9
BRDA:218,15,0,23
BRDA:218,15,1,6
BRF:32
BRH:30
end_of_record
TN:
SF:src\navigation\screens\SearchPage\PublicProfileLogic.tsx
FN:18,usePublicProfileLogic
FN:23,(anonymous_1)
FN:24,(anonymous_2)
FN:50,(anonymous_3)
FNF:4
FNH:4
FNDA:15,usePublicProfileLogic
FNDA:7,(anonymous_1)
FNDA:7,(anonymous_2)
FNDA:14,(anonymous_3)
DA:19,15
DA:20,15
DA:21,15
DA:23,15
DA:24,7
DA:25,7
DA:26,7
DA:28,7
DA:29,7
DA:30,7
DA:32,5
DA:33,3
DA:35,2
DA:36,2
DA:39,2
DA:40,2
DA:42,7
DA:46,7
DA:49,15
DA:50,14
LF:20
LH:20
BRDA:32,0,0,3
BRDA:32,0,1,2
BRF:2
BRH:2
end_of_record
TN:
SF:src\navigation\screens\SearchPage\PublicProfiles.tsx
FN:22,PublicProfile
FNF:1
FNH:1
FNDA:6,PublicProfile
DA:23,6
DA:24,6
DA:27,6
DA:29,6
LF:4
LH:4
BRDA:40,0,0,1
BRDA:40,0,1,5
BRDA:45,1,0,1
BRDA:45,1,1,4
BRDA:47,2,0,1
BRDA:47,2,1,3
BRDA:52,3,0,3
BRDA:52,3,1,1
BRDA:52,4,0,3
BRDA:52,4,1,1
BRDA:57,5,0,3
BRDA:57,5,1,1
BRDA:62,6,0,3
BRDA:62,6,1,1
BRDA:67,7,0,3
BRDA:67,7,1,1
BRDA:72,8,0,3
BRDA:72,8,1,1
BRDA:78,9,0,1
BRDA:78,9,1,5
BRDA:95,10,0,2
BRDA:95,10,1,4
BRF:22
BRH:22
end_of_record
TN:
SF:src\navigation\screens\SearchPage\Search.tsx
FN:19,Search
FN:51,(anonymous_1)
FN:72,(anonymous_2)
FN:76,(anonymous_3)
FNF:4
FNH:4
FNDA:6,Search
FNDA:1,(anonymous_1)
FNDA:3,(anonymous_2)
FNDA:1,(anonymous_3)
DA:21,6
DA:24,6
DA:26,6
DA:51,1
DA:73,3
DA:77,1
LF:6
LH:6
BRDA:50,0,0,1
BRDA:50,0,1,5
BRDA:58,1,0,1
BRDA:58,1,1,5
BRDA:63,2,0,1
BRDA:63,2,1,4
BRDA:67,3,0,1
BRDA:67,3,1,3
BRDA:90,4,0,3
BRDA:90,4,1,1
BRDA:90,5,0,3
BRDA:90,5,1,1
BRDA:94,6,0,3
BRDA:94,6,1,1
BRDA:94,7,0,3
BRDA:94,7,1,1
BRDA:98,8,0,3
BRDA:98,8,1,1
BRDA:98,9,0,3
BRDA:98,9,1,1
BRF:20
BRH:20
end_of_record
TN:
SF:src\navigation\screens\SearchPage\SearchLogic.tsx
FN:23,matchesQuery
FN:41,useSearchLogic
FN:47,(anonymous_2)
FN:50,(anonymous_3)
FN:60,(anonymous_4)
FN:64,(anonymous_5)
FN:71,(anonymous_6)
FN:72,(anonymous_7)
FN:86,(anonymous_8)
FN:101,(anonymous_9)
FN:106,(anonymous_10)
FN:107,(anonymous_11)
FN:111,(anonymous_12)
FNF:13
FNH:13
FNDA:26,matchesQuery
FNDA:26,useSearchLogic
FNDA:8,(anonymous_2)
FNDA:8,(anonymous_3)
FNDA:8,(anonymous_4)
FNDA:14,(anonymous_5)
FNDA:14,(anonymous_6)
FNDA:7,(anonymous_7)
FNDA:1,(anonymous_8)
FNDA:8,(anonymous_9)
FNDA:24,(anonymous_10)
FNDA:26,(anonymous_11)
FNDA:26,(anonymous_12)
DA:24,26
DA:25,26
DA:27,15
DA:29,15
DA:42,26
DA:43,26
DA:44,26
DA:45,26
DA:47,26
DA:48,8
DA:50,8
DA:51,8
DA:52,8
DA:54,8
DA:55,8
DA:56,7
DA:58,7
DA:61,8
DA:63,8
DA:65,14
DA:66,14
DA:71,14
DA:73,7
DA:74,7
DA:75,7
DA:77,2
DA:78,2
DA:79,2
DA:82,8
DA:83,8
DA:84,8
DA:87,1
DA:88,1
DA:89,1
DA:93,1
DA:94,1
DA:95,1
DA:99,8
DA:101,8
DA:102,8
DA:106,26
DA:107,26
DA:110,26
DA:111,26
LF:44
LH:44
BRDA:25,0,0,11
BRDA:25,0,1,15
BRDA:27,1,0,15
BRDA:27,1,1,0
BRDA:27,2,0,15
BRDA:27,2,1,0
BRDA:30,3,0,15
BRDA:30,3,1,14
BRDA:30,3,2,13
BRDA:30,3,3,12
BRDA:30,3,4,11
BRDA:30,3,5,10
BRDA:30,3,6,9
BRDA:30,3,7,8
BRDA:31,4,0,14
BRDA:31,4,1,0
BRDA:32,5,0,13
BRDA:32,5,1,0
BRDA:33,6,0,12
BRDA:33,6,1,2
BRDA:34,7,0,11
BRDA:34,7,1,2
BRDA:35,8,0,10
BRDA:35,8,1,2
BRDA:36,9,0,9
BRDA:36,9,1,2
BRDA:37,10,0,8
BRDA:37,10,1,2
BRDA:61,11,0,8
BRDA:61,11,1,1
BRDA:73,12,0,7
BRDA:73,12,1,1
BRDA:74,13,0,7
BRDA:74,13,1,1
BRDA:75,14,0,5
BRDA:75,14,1,2
BRDA:77,15,0,2
BRDA:77,15,1,0
BRDA:78,16,0,2
BRDA:78,16,1,0
BRDA:102,17,0,7
BRDA:102,17,1,1
BRF:42
BRH:36
end_of_record
TN:
SF:src\styles\EventStyles.ts
FNF:0
FNH:0
DA:5,3
DA:13,3
LF:2
LH:2
BRF:0
BRH:0
end_of_record
TN:
SF:src\styles\EventsStyles.ts
FNF:0
FNH:0
DA:3,1
LF:1
LH:1
BRF:0
BRH:0
end_of_record
TN:
SF:src\styles\GeneralStyles.ts
FNF:0
FNH:0
DA:4,12
LF:1
LH:1
BRF:0
BRH:0
end_of_record
TN:
SF:src\styles\HomeStyles.ts
FNF:0
FNH:0
DA:5,1
LF:1
LH:1
BRF:0
BRH:0
end_of_record
TN:
SF:src\styles\JobStyles.ts
FNF:0
FNH:0
DA:5,4
LF:1
LH:1
BRF:0
BRH:0
end_of_record
TN:
SF:src\styles\LoginStyles.ts
FNF:0
FNH:0
DA:5,1
LF:1
LH:1
BRF:0
BRH:0
end_of_record
TN:
SF:src\styles\ProfileStyles.ts
FNF:0
FNH:0
DA:5,1
LF:1
LH:1
BRF:0
BRH:0
end_of_record
TN:
SF:src\styles\SearchStyles.ts
FNF:0
FNH:0
DA:5,2
LF:1
LH:1
BRF:0
BRH:0
end_of_record
TN:
SF:src\styles\colors.ts
FN:61,getColors
FN:69,useColors
FNF:2
FNH:0
FNDA:0,getColors
FNDA:0,useColors
DA:5,12
DA:33,12
DA:62,0
DA:70,0
DA:71,0
LF:5
LH:2
BRDA:62,0,0,0
BRDA:62,0,1,0
BRDA:70,1,0,0
BRDA:70,1,1,0
BRF:4
BRH:0
end_of_record
